<?xml version="1.0" encoding="utf-8"?>
<TestRun id="1eb3227c-1475-46f0-a0a4-0b48881195ba" name="CWeir@CWEIR-LTP 2026-09-10 17:10:58" runUser="VIRA\CWeir" xmlns="http://microsoft.com/schemas/VisualStudio/TeamTest/2010">
  <Times creation="2026-09-10T17:10:58.5618920-04:00" queuing="2026-09-10T17:10:58.5618920-04:00" start="2026-09-10T17:10:57.0361808-04:00" finish="2026-09-10T17:11:01.1538760-04:00" />
  <TestSettings name="default" id="f24d6891-9368-4fa7-9e85-98fae4baf7d1">
    <Deployment runDeploymentRoot="CWeir_CWEIR-LTP_2026-09-10_17_10_58" />
  </TestSettings>
  <Results>
    <UnitTestResult executionId="73b40e8c-82d2-4516-b682-4b95b946f8c5" testId="0bb19d8a-dc06-f005-720d-f8b179b3b898" testName="AssistantToolPolicy_Blocks_PDM_Route_Alias_In_ToolName" computerName="CWEIR-LTP" duration="00:00:00.0003704" startTime="2026-09-10T17:10:58.6012336-04:00" endTime="2026-09-10T17:10:58.6017290-04:00" testType="13cdc9d9-ddb5-4fa4-a97d-d965ccfc6d4b" outcome="Passed" testListId="8c84fa94-04c1-424b-9868-57a2d4851a1d" relativeResultsDirectory="73b40e8c-82d2-4516-b682-4b95b946f8c5" />
    <UnitTestResult executionId="5652f380-38cd-45a3-9bfc-0ca26bf5add7" testId="2307190c-b70e-fce8-7b56-992187952fb7" testName="AssistantToolService_Pdm_And_Epicor_Are_Config_Gated" computerName="CWEIR-LTP" duration="00:00:00.0012712" startTime="2026-09-10T17:10:58.4174963-04:00" endTime="2026-09-10T17:10:58.4190108-04:00" testType="13cdc9d9-ddb5-4fa4-a97d-d965ccfc6d4b" outcome="Passed" testListId="8c84fa94-04c1-424b-9868-57a2d4851a1d" relativeResultsDirectory="5652f380-38cd-45a3-9bfc-0ca26bf5add7" />
    <UnitTestResult executionId="1afbdc54-8c01-4bd8-884b-2a8b4d9e3056" testId="dfa29f5d-9df0-d795-b9ad-4e511103acac" testName="InjectionGuard_NullContent_Approved" computerName="CWEIR-LTP" duration="00:00:00.0001489" startTime="2026-09-10T17:10:58.7658913-04:00" endTime="2026-09-10T17:10:58.7669030-04:00" testType="13cdc9d9-ddb5-4fa4-a97d-d965ccfc6d4b" outcome="Passed" testListId="8c84fa94-04c1-424b-9868-57a2d4851a1d" relativeResultsDirectory="1afbdc54-8c01-4bd8-884b-2a8b4d9e3056" />
    <UnitTestResult executionId="a67873f9-bee1-4aed-8160-3a8c211c243f" testId="2a71812c-c98a-61e5-9d9c-1feaa750a60b" testName="InjectionGuard_FakeSystemMessage_Denied" computerName="CWEIR-LTP" duration="00:00:00.0002097" startTime="2026-09-10T17:10:58.7608604-04:00" endTime="2026-09-10T17:10:58.7616123-04:00" testType="13cdc9d9-ddb5-4fa4-a97d-d965ccfc6d4b" outcome="Passed" testListId="8c84fa94-04c1-424b-9868-57a2d4851a1d" relativeResultsDirectory="a67873f9-bee1-4aed-8160-3a8c211c243f" />
    <UnitTestResult executionId="14bf992d-a167-48e2-bbaf-f714ab2ab18e" testId="e1996c2c-2fa2-f19d-c9ec-5644444ddec0" testName="ProtectedRouteIngress_PersistsImmutableCorrelatedPair_AndPassesGateNormalizedRequestToContinuation" computerName="CWEIR-LTP" duration="00:00:00.0162310" startTime="2026-09-10T17:11:00.8790757-04:00" endTime="2026-09-10T17:11:00.8959140-04:00" testType="13cdc9d9-ddb5-4fa4-a97d-d965ccfc6d4b" outcome="Passed" testListId="8c84fa94-04c1-424b-9868-57a2d4851a1d" relativeResultsDirectory="14bf992d-a167-48e2-bbaf-f714ab2ab18e" />
    <UnitTestResult executionId="551ab3d8-5d1c-4a0c-82fb-4313db9bf9f1" testId="08f9f7e2-ff1a-1b14-0853-5ddf43730d38" testName="AssistantToolPolicy_Blocks_Unknown_Mutation_Route_From_AssistantTool" computerName="CWEIR-LTP" duration="00:00:00.0004866" startTime="2026-09-10T17:10:58.6042425-04:00" endTime="2026-09-10T17:10:58.6051588-04:00" testType="13cdc9d9-ddb5-4fa4-a97d-d965ccfc6d4b" outcome="Passed" testListId="8c84fa94-04c1-424b-9868-57a2d4851a1d" relativeResultsDirectory="551ab3d8-5d1c-4a0c-82fb-4313db9bf9f1" />
    <UnitTestResult executionId="fefe226a-6316-4aa1-a82c-8522e074e549" testId="b9adf17d-0596-aa31-4311-cf167e7d4a2d" testName="InjectionGuard_HiddenTextInjection_Denied" computerName="CWEIR-LTP" duration="00:00:00.0001871" startTime="2026-09-10T17:10:58.7621138-04:00" endTime="2026-09-10T17:10:58.7621138-04:00" testType="13cdc9d9-ddb5-4fa4-a97d-d965ccfc6d4b" outcome="Passed" testListId="8c84fa94-04c1-424b-9868-57a2d4851a1d" relativeResultsDirectory="fefe226a-6316-4aa1-a82c-8522e074e549" />
    <UnitTestResult executionId="51d239e5-c597-4179-a430-60b56f6801f8" testId="6267a013-e816-0a1f-e079-db24c68432a0" testName="InjectionGuard_BenignPdmQuestion_Approved" computerName="CWEIR-LTP" duration="00:00:00.0003360" startTime="2026-09-10T17:10:58.7648923-04:00" endTime="2026-09-10T17:10:58.7658913-04:00" testType="13cdc9d9-ddb5-4fa4-a97d-d965ccfc6d4b" outcome="Passed" testListId="8c84fa94-04c1-424b-9868-57a2d4851a1d" relativeResultsDirectory="51d239e5-c597-4179-a430-60b56f6801f8" />
    <UnitTestResult executionId="677f3d0b-b193-4762-a1f6-4ea548a246d5" testId="d4d6a190-a213-d851-f486-ce9df7830c45" testName="IntegrityScanner_ScanFile_MissingFile_ReturnsTampered" computerName="CWEIR-LTP" duration="00:00:00.0023350" startTime="2026-09-10T17:10:58.7997303-04:00" endTime="2026-09-10T17:10:58.8027116-04:00" testType="13cdc9d9-ddb5-4fa4-a97d-d965ccfc6d4b" outcome="Passed" testListId="8c84fa94-04c1-424b-9868-57a2d4851a1d" relativeResultsDirectory="677f3d0b-b193-4762-a1f6-4ea548a246d5" />
    <UnitTestResult executionId="1b634554-f0a5-4bdb-9955-8e6f1e7b0498" testId="30ca6946-bf51-d2c1-8d94-2b000ea3cbf1" testName="InjectionGuard_PoisonedMcpMetadata_Denied" computerName="CWEIR-LTP" duration="00:00:00.0001446" startTime="2026-09-10T17:10:58.7621138-04:00" endTime="2026-09-10T17:10:58.7621138-04:00" testType="13cdc9d9-ddb5-4fa4-a97d-d965ccfc6d4b" outcome="Passed" testListId="8c84fa94-04c1-424b-9868-57a2d4851a1d" relativeResultsDirectory="1b634554-f0a5-4bdb-9955-8e6f1e7b0498" />
    <UnitTestResult executionId="62df1256-1f5c-40fb-a6a2-0feaa1434df7" testId="59213db0-af12-76a9-16ee-df8bb8106eb3" testName="AssistantToolService_Denies_Route_Shaped_Tool_Names" computerName="CWEIR-LTP" duration="00:00:00.0012331" startTime="2026-09-10T17:10:58.4200315-04:00" endTime="2026-09-10T17:10:58.4210509-04:00" testType="13cdc9d9-ddb5-4fa4-a97d-d965ccfc6d4b" outcome="Passed" testListId="8c84fa94-04c1-424b-9868-57a2d4851a1d" relativeResultsDirectory="62df1256-1f5c-40fb-a6a2-0feaa1434df7" />
    <UnitTestResult executionId="20416621-6b21-4183-81f9-73f01d2dfbed" testId="24d20eee-4f61-1138-bd51-6076bb0ffc0e" testName="AssistantToolService_Creates_Screenshot_Review_Report_From_Artifact_Payload" computerName="CWEIR-LTP" duration="00:00:00.0118298" startTime="2026-09-10T17:10:58.3998031-04:00" endTime="2026-09-10T17:10:58.4117360-04:00" testType="13cdc9d9-ddb5-4fa4-a97d-d965ccfc6d4b" outcome="Passed" testListId="8c84fa94-04c1-424b-9868-57a2d4851a1d" relativeResultsDirectory="20416621-6b21-4183-81f9-73f01d2dfbed" />
    <UnitTestResult executionId="487afc55-bd8b-4df1-a0c5-21634ff29e04" testId="3beb492a-045f-c075-8020-d90aa5fa56e3" testName="InvalidCatalogFailsClosedWithoutEchoingPayload" computerName="CWEIR-LTP" duration="00:00:00.0057728" startTime="2026-09-10T17:11:00.8370631-04:00" endTime="2026-09-10T17:11:00.8436528-04:00" testType="13cdc9d9-ddb5-4fa4-a97d-d965ccfc6d4b" outcome="Passed" testListId="8c84fa94-04c1-424b-9868-57a2d4851a1d" relativeResultsDirectory="487afc55-bd8b-4df1-a0c5-21634ff29e04" />
    <UnitTestResult executionId="0d195564-cfce-4b02-a4d5-74966a4e0de0" testId="ee6bd460-aebe-a746-f679-f050f4799290" testName="AssistantToolService_AllScope_Reports_Disabled_Connectors_As_Partial_Without_Executing_Them" computerName="CWEIR-LTP" duration="00:00:00.0087547" startTime="2026-09-10T17:10:58.6273074-04:00" endTime="2026-09-10T17:10:58.6359178-04:00" testType="13cdc9d9-ddb5-4fa4-a97d-d965ccfc6d4b" outcome="Passed" testListId="8c84fa94-04c1-424b-9868-57a2d4851a1d" relativeResultsDirectory="0d195564-cfce-4b02-a4d5-74966a4e0de0" />
    <UnitTestResult executionId="eb58be86-6278-4b00-b5ca-b8e5c099ba55" testId="1217e73c-6fcf-d514-548e-9f84f57ec473" testName="EveryNestedSectionBindsSyntheticValuesAndRoundTrips" computerName="CWEIR-LTP" duration="00:00:00.0975769" startTime="2026-09-10T17:10:58.9340355-04:00" endTime="2026-09-10T17:10:59.0327124-04:00" testType="13cdc9d9-ddb5-4fa4-a97d-d965ccfc6d4b" outcome="Passed" testListId="8c84fa94-04c1-424b-9868-57a2d4851a1d" relativeResultsDirectory="eb58be86-6278-4b00-b5ca-b8e5c099ba55" />
    <UnitTestResult executionId="57612830-a2fe-4322-a041-73a32786534b" testId="792ec124-e96f-d70e-dc90-15e2ed98cd07" testName="AssistantToolPolicy_Blocks_Native_PDM_Route" computerName="CWEIR-LTP" duration="00:00:00.0003217" startTime="2026-09-10T17:10:58.6032289-04:00" endTime="2026-09-10T17:10:58.6042425-04:00" testType="13cdc9d9-ddb5-4fa4-a97d-d965ccfc6d4b" outcome="Passed" testListId="8c84fa94-04c1-424b-9868-57a2d4851a1d" relativeResultsDirectory="57612830-a2fe-4322-a041-73a32786534b" />
    <UnitTestResult executionId="f8e3070d-1824-4aa5-9970-77491d2f51f8" testId="cda096c4-082b-ab85-3a6d-0bb9cde874f2" testName="InjectionGuard_VerifyNotBlocked_DoesNotThrowOnApprove" computerName="CWEIR-LTP" duration="00:00:00.0001300" startTime="2026-09-10T17:10:58.7702196-04:00" endTime="2026-09-10T17:10:58.7716748-04:00" testType="13cdc9d9-ddb5-4fa4-a97d-d965ccfc6d4b" outcome="Passed" testListId="8c84fa94-04c1-424b-9868-57a2d4851a1d" relativeResultsDirectory="f8e3070d-1824-4aa5-9970-77491d2f51f8" />
    <UnitTestResult executionId="93ef77ad-3fa5-41ec-a787-c1a8776cdb54" testId="0a28a6a0-4836-ee7e-f1c7-6755f219f751" testName="InvalidNestedValueFailsAndEmptyObjectsGetSafeDefaults" computerName="CWEIR-LTP" duration="00:00:00.0508564" startTime="2026-09-10T17:10:59.0327124-04:00" endTime="2026-09-10T17:10:59.0843748-04:00" testType="13cdc9d9-ddb5-4fa4-a97d-d965ccfc6d4b" outcome="Passed" testListId="8c84fa94-04c1-424b-9868-57a2d4851a1d" relativeResultsDirectory="93ef77ad-3fa5-41ec-a787-c1a8776cdb54" />
    <UnitTestResult executionId="9cf9c492-9981-442f-a5a7-b828b3fc06f9" testId="597414b0-3360-3242-12ed-08253b886e3c" testName="IntegrityScanner_ComputeSha256String_Deterministic" computerName="CWEIR-LTP" duration="00:00:00.0043505" startTime="2026-09-10T17:10:58.7736742-04:00" endTime="2026-09-10T17:10:58.7790814-04:00" testType="13cdc9d9-ddb5-4fa4-a97d-d965ccfc6d4b" outcome="Passed" testListId="8c84fa94-04c1-424b-9868-57a2d4851a1d" relativeResultsDirectory="9cf9c492-9981-442f-a5a7-b828b3fc06f9" />
    <UnitTestResult executionId="d968c9aa-fd39-40fc-82b0-b5c488e8a28e" testId="b08af28f-1ad2-b3fc-5f3e-39af4048b6d2" testName="AssistantToolPolicy_Blocks_Cad_Pdm_And_Destructive_Lab_Routes_From_Assistant" computerName="CWEIR-LTP" duration="00:00:00.0008317" startTime="2026-09-10T17:10:58.4190108-04:00" endTime="2026-09-10T17:10:58.4200315-04:00" testType="13cdc9d9-ddb5-4fa4-a97d-d965ccfc6d4b" outcome="Passed" testListId="8c84fa94-04c1-424b-9868-57a2d4851a1d" relativeResultsDirectory="d968c9aa-fd39-40fc-82b0-b5c488e8a28e" />
    <UnitTestResult executionId="fe8884ef-88e9-4ef5-a84f-02a1bd11d94a" testId="7698fa33-56ca-ba5b-6b75-68d310f2635f" testName="InjectionGuard_BenignContent_Approved" computerName="CWEIR-LTP" duration="00:00:00.0017659" startTime="2026-09-10T17:10:58.7621138-04:00" endTime="2026-09-10T17:10:58.7648923-04:00" testType="13cdc9d9-ddb5-4fa4-a97d-d965ccfc6d4b" outcome="Passed" testListId="8c84fa94-04c1-424b-9868-57a2d4851a1d" relativeResultsDirectory="fe8884ef-88e9-4ef5-a84f-02a1bd11d94a" />
    <UnitTestResult executionId="2b2711ff-82a8-4ca4-ab33-b21dc465f25c" testId="27e9a215-fe7f-3e6a-a4c8-51859c1e19b5" testName="DisabledAndNonTextCandidatesFailClosed" computerName="CWEIR-LTP" duration="00:00:00.0011637" startTime="2026-09-10T17:11:00.6644686-04:00" endTime="2026-09-10T17:11:00.6656113-04:00" testType="13cdc9d9-ddb5-4fa4-a97d-d965ccfc6d4b" outcome="Passed" testListId="8c84fa94-04c1-424b-9868-57a2d4851a1d" relativeResultsDirectory="2b2711ff-82a8-4ca4-ab33-b21dc465f25c" />
    <UnitTestResult executionId="3ab4813f-d863-4799-ab76-def927d482b1" testId="e16cdb71-48d5-8690-07cb-fcda753faef4" testName="ProtectedRouteIngress_DeniesAllClientApprovalClaims_BeforeContinuation" computerName="CWEIR-LTP" duration="00:00:00.0030909" startTime="2026-09-10T17:11:00.8959140-04:00" endTime="2026-09-10T17:11:00.8996150-04:00" testType="13cdc9d9-ddb5-4fa4-a97d-d965ccfc6d4b" outcome="Passed" testListId="8c84fa94-04c1-424b-9868-57a2d4851a1d" relativeResultsDirectory="3ab4813f-d863-4799-ab76-def927d482b1" />
    <UnitTestResult executionId="e43650ed-7f4a-4ccc-8b7e-596f8b134b1b" testId="b315cdda-72d0-6de2-eb6f-07c588f193d0" testName="AssistantToolService_Disabled_Tool_Is_Rejected" computerName="CWEIR-LTP" duration="00:00:00.0125819" startTime="2026-09-10T17:10:58.6104963-04:00" endTime="2026-09-10T17:10:58.6226998-04:00" testType="13cdc9d9-ddb5-4fa4-a97d-d965ccfc6d4b" outcome="Passed" testListId="8c84fa94-04c1-424b-9868-57a2d4851a1d" relativeResultsDirectory="e43650ed-7f4a-4ccc-8b7e-596f8b134b1b" />
    <UnitTestResult executionId="3bd3b0b2-64c8-4f90-8e31-8fccf131c5a7" testId="6d11c4f5-a828-c81a-569e-cf7194a660b1" testName="AssistantToolService_Unknown_Tool_Returns_Unsupported" computerName="CWEIR-LTP" duration="00:00:00.0003439" startTime="2026-09-10T17:10:58.6094965-04:00" endTime="2026-09-10T17:10:58.6104963-04:00" testType="13cdc9d9-ddb5-4fa4-a97d-d965ccfc6d4b" outcome="Passed" testListId="8c84fa94-04c1-424b-9868-57a2d4851a1d" relativeResultsDirectory="3bd3b0b2-64c8-4f90-8e31-8fccf131c5a7" />
    <UnitTestResult executionId="f3990cea-295f-4ea6-8550-1915ea7d7e3b" testId="1f67fc4f-86ae-c41d-6055-d3934ed4dbec" testName="MissingProviderKeyBindingNeverFallsBackToOpenAiCredential" computerName="CWEIR-LTP" duration="00:00:00.0041953" startTime="2026-09-10T17:10:59.2505561-04:00" endTime="2026-09-10T17:10:59.2555562-04:00" testType="13cdc9d9-ddb5-4fa4-a97d-d965ccfc6d4b" outcome="Passed" testListId="8c84fa94-04c1-424b-9868-57a2d4851a1d" relativeResultsDirectory="f3990cea-295f-4ea6-8550-1915ea7d7e3b" />
    <UnitTestResult executionId="0e92a99f-042f-434a-b391-ceda8883e740" testId="56c55836-bd0e-70f7-0f35-32f919cb7c02" testName="PayloadUsesPassedProfileAndRejectsImageForTextOnlyModel" computerName="CWEIR-LTP" duration="00:00:00.0131492" startTime="2026-09-10T17:11:00.7085723-04:00" endTime="2026-09-10T17:11:00.7221333-04:00" testType="13cdc9d9-ddb5-4fa4-a97d-d965ccfc6d4b" outcome="Passed" testListId="8c84fa94-04c1-424b-9868-57a2d4851a1d" relativeResultsDirectory="0e92a99f-042f-434a-b391-ceda8883e740" />
    <UnitTestResult executionId="6c074bf2-47f1-431e-a9f5-ad67545e331a" testId="ba6777b2-2636-ef93-d37c-0b774ba772ad" testName="ProviderFailurePolicyDoesNotRetryToolOrPermissionBoundaries" computerName="CWEIR-LTP" duration="00:00:00.0005779" startTime="2026-09-10T17:11:00.8436528-04:00" endTime="2026-09-10T17:11:00.8446537-04:00" testType="13cdc9d9-ddb5-4fa4-a97d-d965ccfc6d4b" outcome="Passed" testListId="8c84fa94-04c1-424b-9868-57a2d4851a1d" relativeResultsDirectory="6c074bf2-47f1-431e-a9f5-ad67545e331a" />
    <UnitTestResult executionId="17f90dbc-18d9-4135-b27e-5922e5ef68e3" testId="491be85b-7314-b669-07c6-bc56c71393f5" testName="AssistantToolPolicy_Blocks_Destructive_Lab_Route_Alias" computerName="CWEIR-LTP" duration="00:00:00.0002721" startTime="2026-09-10T17:10:58.6022344-04:00" endTime="2026-09-10T17:10:58.6027285-04:00" testType="13cdc9d9-ddb5-4fa4-a97d-d965ccfc6d4b" outcome="Passed" testListId="8c84fa94-04c1-424b-9868-57a2d4851a1d" relativeResultsDirectory="17f90dbc-18d9-4135-b27e-5922e5ef68e3" />
    <UnitTestResult executionId="4f30dfe8-7fd8-45dc-a073-03e0794c9d45" testId="6f1f9c0e-08b2-1711-0963-66592612c540" testName="AssistantToolPolicy_Allows_Assistant_Route" computerName="CWEIR-LTP" duration="00:00:00.0002787" startTime="2026-09-10T17:10:58.6051588-04:00" endTime="2026-09-10T17:10:58.6051588-04:00" testType="13cdc9d9-ddb5-4fa4-a97d-d965ccfc6d4b" outcome="Passed" testListId="8c84fa94-04c1-424b-9868-57a2d4851a1d" relativeResultsDirectory="4f30dfe8-7fd8-45dc-a073-03e0794c9d45" />
    <UnitTestResult executionId="356ece78-53da-4979-b211-9c3f516ca39a" testId="2261a20e-f9e2-77c9-42f8-0275b88dcb0a" testName="ChangedScreenshotFailsBeforeConversationContextResolution" computerName="CWEIR-LTP" duration="00:00:00.1709578" startTime="2026-09-10T17:10:59.9576817-04:00" endTime="2026-09-10T17:11:00.1284427-04:00" testType="13cdc9d9-ddb5-4fa4-a97d-d965ccfc6d4b" outcome="Passed" testListId="8c84fa94-04c1-424b-9868-57a2d4851a1d" relativeResultsDirectory="356ece78-53da-4979-b211-9c3f516ca39a" />
    <UnitTestResult executionId="27c9979a-5679-47dc-a5a1-8c9166a84f86" testId="8c14e1d0-8dd6-9ca7-7d45-526fae3d3838" testName="SafeDefaultDoesNotApproveOrAttach" computerName="CWEIR-LTP" duration="00:00:00.1004282" startTime="2026-09-10T17:10:59.8027366-04:00" endTime="2026-09-10T17:10:59.9032412-04:00" testType="13cdc9d9-ddb5-4fa4-a97d-d965ccfc6d4b" outcome="Passed" testListId="8c84fa94-04c1-424b-9868-57a2d4851a1d" relativeResultsDirectory="27c9979a-5679-47dc-a5a1-8c9166a84f86" />
    <UnitTestResult executionId="d1b2526c-206d-4c0c-a7c4-b23f4f0a97a0" testId="08d909b3-e7bf-f292-03eb-a9153ef19ceb" testName="InjectionGuard_Fixtures_ContainExpectedCategories" computerName="CWEIR-LTP" duration="00:00:00.0005595" startTime="2026-09-10T17:10:58.7726744-04:00" endTime="2026-09-10T17:10:58.7736742-04:00" testType="13cdc9d9-ddb5-4fa4-a97d-d965ccfc6d4b" outcome="Passed" testListId="8c84fa94-04c1-424b-9868-57a2d4851a1d" relativeResultsDirectory="d1b2526c-206d-4c0c-a7c4-b23f4f0a97a0" />
    <UnitTestResult executionId="71622e16-49e7-406d-a467-32661009b5b2" testId="57dc0a89-ec01-82b1-5b61-501211eb787d" testName="ImagesNeverReceiveMockSuccessWhenCredentialsMissing" computerName="CWEIR-LTP" duration="00:00:00.0417580" startTime="2026-09-10T17:11:00.6662583-04:00" endTime="2026-09-10T17:11:00.7085723-04:00" testType="13cdc9d9-ddb5-4fa4-a97d-d965ccfc6d4b" outcome="Passed" testListId="8c84fa94-04c1-424b-9868-57a2d4851a1d" relativeResultsDirectory="71622e16-49e7-406d-a467-32661009b5b2" />
    <UnitTestResult executionId="539ef93f-efeb-4c26-8393-d0480c402042" testId="68a75e65-558a-56fa-ca4f-77df881bbb34" testName="IntegrityScanner_ScanForSecrets_DetectsBearerToken" computerName="CWEIR-LTP" duration="00:00:00.0217038" startTime="2026-09-10T17:10:58.8637173-04:00" endTime="2026-09-10T17:10:58.8852071-04:00" testType="13cdc9d9-ddb5-4fa4-a97d-d965ccfc6d4b" outcome="Passed" testListId="8c84fa94-04c1-424b-9868-57a2d4851a1d" relativeResultsDirectory="539ef93f-efeb-4c26-8393-d0480c402042" />
    <UnitTestResult executionId="221817d4-e49f-41bf-b0fc-9c8de7bb603a" testId="a87fc4cb-91ec-a1e5-dac4-03b016996bbd" testName="InjectionGuard_MaliciousScript_Denied" computerName="CWEIR-LTP" duration="00:00:00.0002136" startTime="2026-09-10T17:10:58.7608604-04:00" endTime="2026-09-10T17:10:58.7608604-04:00" testType="13cdc9d9-ddb5-4fa4-a97d-d965ccfc6d4b" outcome="Passed" testListId="8c84fa94-04c1-424b-9868-57a2d4851a1d" relativeResultsDirectory="221817d4-e49f-41bf-b0fc-9c8de7bb603a" />
    <UnitTestResult executionId="5fc5106d-54c6-460e-92b9-dfe7d0323906" testId="eb7dfb59-6184-3807-b859-1b11f2162b1c" testName="ProtectedRouteIngress_PreservesOnlyAuthenticatedGetVaultStatus" computerName="CWEIR-LTP" duration="00:00:00.0017552" startTime="2026-09-10T17:11:00.9038127-04:00" endTime="2026-09-10T17:11:00.9058118-04:00" testType="13cdc9d9-ddb5-4fa4-a97d-d965ccfc6d4b" outcome="Passed" testListId="8c84fa94-04c1-424b-9868-57a2d4851a1d" relativeResultsDirectory="5fc5106d-54c6-460e-92b9-dfe7d0323906" />
    <UnitTestResult executionId="08a66302-7c6c-489e-9eb5-a1c2587e2fc4" testId="bb7cc078-978b-b5bb-49ed-ee05db709532" testName="ProtectedRouteIngress_AllowsOnlyStrictLocalHttpHttpsOrigins" computerName="CWEIR-LTP" duration="00:00:00.0054861" startTime="2026-09-10T17:11:00.9058118-04:00" endTime="2026-09-10T17:11:00.9121441-04:00" testType="13cdc9d9-ddb5-4fa4-a97d-d965ccfc6d4b" outcome="Passed" testListId="8c84fa94-04c1-424b-9868-57a2d4851a1d" relativeResultsDirectory="08a66302-7c6c-489e-9eb5-a1c2587e2fc4" />
    <UnitTestResult executionId="5fa5aafa-7bac-4459-a005-dac457d9c6ae" testId="13f1e207-747e-677c-19be-6065f048ad17" testName="IntegrityScanner_ScanForSecrets_DetectsApiKey" computerName="CWEIR-LTP" duration="00:00:00.0604076" startTime="2026-09-10T17:10:58.8027116-04:00" endTime="2026-09-10T17:10:58.8627177-04:00" testType="13cdc9d9-ddb5-4fa4-a97d-d965ccfc6d4b" outcome="Passed" testListId="8c84fa94-04c1-424b-9868-57a2d4851a1d" relativeResultsDirectory="5fa5aafa-7bac-4459-a005-dac457d9c6ae" />
    <UnitTestResult executionId="0b9b7d10-f5d4-4840-a511-58c09da4c2ec" testId="bae549f6-2fcc-a6f6-97dd-c07ecbfcb55b" testName="AssistantToolService_Searches_Local_Vault_ReadOnly_Index" computerName="CWEIR-LTP" duration="00:00:00.0418135" startTime="2026-09-10T17:10:58.5577361-04:00" endTime="2026-09-10T17:10:58.6002308-04:00" testType="13cdc9d9-ddb5-4fa4-a97d-d965ccfc6d4b" outcome="Passed" testListId="8c84fa94-04c1-424b-9868-57a2d4851a1d" relativeResultsDirectory="0b9b7d10-f5d4-4840-a511-58c09da4c2ec" />
    <UnitTestResult executionId="255aad67-b39d-4033-b850-7964d5eb66b9" testId="458ecfd1-9c78-644e-a524-315638a06da6" testName="ChangedImageCannotUseOldConsent" computerName="CWEIR-LTP" duration="00:00:00.0841434" startTime="2026-09-10T17:10:59.3737865-04:00" endTime="2026-09-10T17:10:59.4586195-04:00" testType="13cdc9d9-ddb5-4fa4-a97d-d965ccfc6d4b" outcome="Passed" testListId="8c84fa94-04c1-424b-9868-57a2d4851a1d" relativeResultsDirectory="255aad67-b39d-4033-b850-7964d5eb66b9" />
    <UnitTestResult executionId="49e59208-2991-4544-8458-b79fe31814a1" testId="c80f8712-7c2d-47cd-7bf6-8578beb1cd2b" testName="AssistantToolCatalog_Exposes_Server_Capability_Metadata_And_Pdm_Gap" computerName="CWEIR-LTP" duration="00:00:00.0004196" startTime="2026-09-10T17:10:58.6399123-04:00" endTime="2026-09-10T17:10:58.6409121-04:00" testType="13cdc9d9-ddb5-4fa4-a97d-d965ccfc6d4b" outcome="Passed" testListId="8c84fa94-04c1-424b-9868-57a2d4851a1d" relativeResultsDirectory="49e59208-2991-4544-8458-b79fe31814a1" />
    <UnitTestResult executionId="aa735f74-5328-4c09-a56e-c62257aca31a" testId="09a172c5-d340-ce0a-5170-7f29e632558b" testName="CanonicalModelsAdaptWithoutChangingProviderStrings" computerName="CWEIR-LTP" duration="00:00:00.0596622" startTime="2026-09-10T17:11:00.7221333-04:00" endTime="2026-09-10T17:11:00.7820551-04:00" testType="13cdc9d9-ddb5-4fa4-a97d-d965ccfc6d4b" outcome="Passed" testListId="8c84fa94-04c1-424b-9868-57a2d4851a1d" relativeResultsDirectory="aa735f74-5328-4c09-a56e-c62257aca31a" />
    <UnitTestResult executionId="2a87cbcd-2d04-460b-8c78-46711a639822" testId="9bb26233-4ea8-4d70-5e52-3dc6e962df8b" testName="InjectionGuard_MaliciousHiddenAria_Denied" computerName="CWEIR-LTP" duration="00:00:00.1191696" startTime="2026-09-10T17:10:58.6409121-04:00" endTime="2026-09-10T17:10:58.7598421-04:00" testType="13cdc9d9-ddb5-4fa4-a97d-d965ccfc6d4b" outcome="Passed" testListId="8c84fa94-04c1-424b-9868-57a2d4851a1d" relativeResultsDirectory="2a87cbcd-2d04-460b-8c78-46711a639822" />
    <UnitTestResult executionId="1a709f55-3367-4fe1-9825-e7c84537cca4" testId="ac856a8c-911e-f009-c266-5cd0ec756f5b" testName="VisionLookingNameDoesNotGrantCapability" computerName="CWEIR-LTP" duration="00:00:00.0004764" startTime="2026-09-10T17:11:00.6634687-04:00" endTime="2026-09-10T17:11:00.6644686-04:00" testType="13cdc9d9-ddb5-4fa4-a97d-d965ccfc6d4b" outcome="Passed" testListId="8c84fa94-04c1-424b-9868-57a2d4851a1d" relativeResultsDirectory="1a709f55-3367-4fe1-9825-e7c84537cca4" />
    <UnitTestResult executionId="91a8d737-fb1a-42c9-85f1-efcba6bbd557" testId="68bd8afa-508d-5bdb-f3b9-013eabe06a54" testName="EmptyCatalogReturnsUnavailableStatusAndTerminalSendResults" computerName="CWEIR-LTP" duration="00:00:00.0566958" startTime="2026-09-10T17:10:59.1931615-04:00" endTime="2026-09-10T17:10:59.2505561-04:00" testType="13cdc9d9-ddb5-4fa4-a97d-d965ccfc6d4b" outcome="Passed" testListId="8c84fa94-04c1-424b-9868-57a2d4851a1d" relativeResultsDirectory="91a8d737-fb1a-42c9-85f1-efcba6bbd557" />
    <UnitTestResult executionId="068f6f3c-38a0-49f8-88ab-bf7d55e0067f" testId="1d486da1-d05b-aa9c-d41c-499bf6a254b7" testName="ExplicitGeminiSelectionIsHonoredAndStreamingIsRequired" computerName="CWEIR-LTP" duration="00:00:00.0016871" startTime="2026-09-10T17:11:00.8446537-04:00" endTime="2026-09-10T17:11:00.8456549-04:00" testType="13cdc9d9-ddb5-4fa4-a97d-d965ccfc6d4b" outcome="Passed" testListId="8c84fa94-04c1-424b-9868-57a2d4851a1d" relativeResultsDirectory="068f6f3c-38a0-49f8-88ab-bf7d55e0067f" />
    <UnitTestResult executionId="1dd962dd-be67-4c40-97ec-bfbf1da610eb" testId="dc076650-7f65-abbb-9822-3c224a98ce1a" testName="InjectionGuard_EmptyContent_Approved" computerName="CWEIR-LTP" duration="00:00:00.0001776" startTime="2026-09-10T17:10:58.7658913-04:00" endTime="2026-09-10T17:10:58.7658913-04:00" testType="13cdc9d9-ddb5-4fa4-a97d-d965ccfc6d4b" outcome="Passed" testListId="8c84fa94-04c1-424b-9868-57a2d4851a1d" relativeResultsDirectory="1dd962dd-be67-4c40-97ec-bfbf1da610eb" />
    <UnitTestResult executionId="d4bb674c-6639-4a35-ab23-ddf63ab0081c" testId="b61a5f1f-ce30-2765-658a-1cf46041ea01" testName="AssistantToolService_Records_Audit_Receipts_For_Allowed_And_Denied_Tools" computerName="CWEIR-LTP" duration="00:00:00.0795042" startTime="2026-09-10T17:10:58.4210509-04:00" endTime="2026-09-10T17:10:58.5008100-04:00" testType="13cdc9d9-ddb5-4fa4-a97d-d965ccfc6d4b" outcome="Passed" testListId="8c84fa94-04c1-424b-9868-57a2d4851a1d" relativeResultsDirectory="d4bb674c-6639-4a35-ab23-ddf63ab0081c" />
    <UnitTestResult executionId="283f87a6-2512-4cd8-b8b3-e6e4f341ebe5" testId="7ec727f5-373c-7cbf-b73b-63cf026672ec" testName="DisabledAndUnknownModelsNeverBecomeSuccessfulSelections" computerName="CWEIR-LTP" duration="00:00:00.1087077" startTime="2026-09-10T17:10:59.0843748-04:00" endTime="2026-09-10T17:10:59.1931615-04:00" testType="13cdc9d9-ddb5-4fa4-a97d-d965ccfc6d4b" outcome="Passed" testListId="8c84fa94-04c1-424b-9868-57a2d4851a1d" relativeResultsDirectory="283f87a6-2512-4cd8-b8b3-e6e4f341ebe5" />
    <UnitTestResult executionId="f0a8732c-c10c-4d2c-aa5e-4eac8f1c9a66" testId="351758ef-22b3-9975-9346-799a92002705" testName="ConfigAndModelsExposeStaticTruthAndMissingCredential" computerName="CWEIR-LTP" duration="00:00:00.0320708" startTime="2026-09-10T17:11:00.8466545-04:00" endTime="2026-09-10T17:11:00.8790757-04:00" testType="13cdc9d9-ddb5-4fa4-a97d-d965ccfc6d4b" outcome="Passed" testListId="8c84fa94-04c1-424b-9868-57a2d4851a1d" relativeResultsDirectory="f0a8732c-c10c-4d2c-aa5e-4eac8f1c9a66" />
    <UnitTestResult executionId="31aab656-343a-47b4-afc4-29dfc5261ba5" testId="9028d8ea-dcf0-4f36-dc51-6a4c7495562f" testName="ProtectedRouteIngress_PreservesExistingAssistantToolProtectedRouteDenial" computerName="CWEIR-LTP" duration="00:00:00.0003752" startTime="2026-09-10T17:11:00.9210686-04:00" endTime="2026-09-10T17:11:00.9240683-04:00" testType="13cdc9d9-ddb5-4fa4-a97d-d965ccfc6d4b" outcome="Passed" testListId="8c84fa94-04c1-424b-9868-57a2d4851a1d" relativeResultsDirectory="31aab656-343a-47b4-afc4-29dfc5261ba5" />
    <UnitTestResult executionId="5c8badc9-1089-4836-a997-f71b993593d3" testId="9041a505-7b4a-c902-0f06-4c2f314189d6" testName="ProtectedRouteIngress_DeniesUnknownSolidWorksAndVaultSubroutes_BeforeContinuation" computerName="CWEIR-LTP" duration="00:00:00.0011028" startTime="2026-09-10T17:11:00.9028142-04:00" endTime="2026-09-10T17:11:00.9038127-04:00" testType="13cdc9d9-ddb5-4fa4-a97d-d965ccfc6d4b" outcome="Passed" testListId="8c84fa94-04c1-424b-9868-57a2d4851a1d" relativeResultsDirectory="5c8badc9-1089-4836-a997-f71b993593d3" />
    <UnitTestResult executionId="3f88fa34-b131-4b3a-9c56-0e287d805996" testId="7afea449-13e0-84b1-94f0-b6a6eb7a928a" testName="InjectionGuard_ToolCallShapedContent_Denied" computerName="CWEIR-LTP" duration="00:00:00.0001545" startTime="2026-09-10T17:10:58.7616123-04:00" endTime="2026-09-10T17:10:58.7621138-04:00" testType="13cdc9d9-ddb5-4fa4-a97d-d965ccfc6d4b" outcome="Passed" testListId="8c84fa94-04c1-424b-9868-57a2d4851a1d" relativeResultsDirectory="3f88fa34-b131-4b3a-9c56-0e287d805996" />
    <UnitTestResult executionId="c1396629-79f5-4ca5-87ed-451330b9d566" testId="6e8c9aed-7e51-b808-c615-ef0ef2abbb3b" testName="MalformedMissingAndFailedPersistenceNeverAcknowledgeApproval" computerName="CWEIR-LTP" duration="00:00:00.0501130" startTime="2026-09-10T17:10:59.4586195-04:00" endTime="2026-09-10T17:10:59.5083649-04:00" testType="13cdc9d9-ddb5-4fa4-a97d-d965ccfc6d4b" outcome="Passed" testListId="8c84fa94-04c1-424b-9868-57a2d4851a1d" relativeResultsDirectory="c1396629-79f5-4ca5-87ed-451330b9d566" />
    <UnitTestResult executionId="454c0d74-71e6-41ba-9c2b-f465cbbc4913" testId="a8841a37-b325-763f-3648-dce4b8bb8b65" testName="IntegrityScanner_HasSecrets_ReturnsTrueForFindings" computerName="CWEIR-LTP" duration="00:00:00.0020764" startTime="2026-09-10T17:10:58.9297407-04:00" endTime="2026-09-10T17:10:58.9317459-04:00" testType="13cdc9d9-ddb5-4fa4-a97d-d965ccfc6d4b" outcome="Passed" testListId="8c84fa94-04c1-424b-9868-57a2d4851a1d" relativeResultsDirectory="454c0d74-71e6-41ba-9c2b-f465cbbc4913" />
    <UnitTestResult executionId="4c1c47f7-272f-4b49-a198-d82190103eba" testId="3fd6121e-2010-5e29-518e-04e5b92537f8" testName="AssistantToolService_Creates_Screenshot_Review_Report_From_Metadata" computerName="CWEIR-LTP" duration="00:00:00.3289063" startTime="2026-09-10T17:10:58.0698637-04:00" endTime="2026-09-10T17:10:58.3998031-04:00" testType="13cdc9d9-ddb5-4fa4-a97d-d965ccfc6d4b" outcome="Passed" testListId="8c84fa94-04c1-424b-9868-57a2d4851a1d" relativeResultsDirectory="4c1c47f7-272f-4b49-a198-d82190103eba" />
    <UnitTestResult executionId="cd8ca444-c525-4a88-ba99-7bf70f6c64a1" testId="7e402b6b-07f8-717f-5069-cbc2bcdfd273" testName="AssistantToolService_ScopeMismatch_Blocks_Search_Wrapper_Without_Pdm_Call" computerName="CWEIR-LTP" duration="00:00:00.0013111" startTime="2026-09-10T17:10:58.6252407-04:00" endTime="2026-09-10T17:10:58.6273074-04:00" testType="13cdc9d9-ddb5-4fa4-a97d-d965ccfc6d4b" outcome="Passed" testListId="8c84fa94-04c1-424b-9868-57a2d4851a1d" relativeResultsDirectory="cd8ca444-c525-4a88-ba99-7bf70f6c64a1" />
    <UnitTestResult executionId="a10df18e-11a0-445c-b370-dba087431e8b" testId="ac42c531-cc19-cceb-daed-1c4619b4411f" testName="MissingConversationCannotBecomeAnAttachment" computerName="CWEIR-LTP" duration="00:00:00.0531806" startTime="2026-09-10T17:10:59.9032412-04:00" endTime="2026-09-10T17:10:59.9576817-04:00" testType="13cdc9d9-ddb5-4fa4-a97d-d965ccfc6d4b" outcome="Passed" testListId="8c84fa94-04c1-424b-9868-57a2d4851a1d" relativeResultsDirectory="a10df18e-11a0-445c-b370-dba087431e8b" />
    <UnitTestResult executionId="840d7771-eec3-4ea3-b7fb-1a24006b2aca" testId="30b34e10-a5de-724b-e192-494693061401" testName="ProtectedRouteIngress_DeniesWhenEitherReceiptOperationFailsOrThrows_BeforeContinuation" computerName="CWEIR-LTP" duration="00:00:00.0020411" startTime="2026-09-10T17:11:00.9121441-04:00" endTime="2026-09-10T17:11:00.9150686-04:00" testType="13cdc9d9-ddb5-4fa4-a97d-d965ccfc6d4b" outcome="Passed" testListId="8c84fa94-04c1-424b-9868-57a2d4851a1d" relativeResultsDirectory="840d7771-eec3-4ea3-b7fb-1a24006b2aca" />
    <UnitTestResult executionId="4aae0641-3e95-4fcf-92a1-64cc88ad7c49" testId="d8abfc90-852a-74eb-dc86-d0ddb68da8eb" testName="IntegrityScanner_ScanFile_ReturnsHashAndSize" computerName="CWEIR-LTP" duration="00:00:00.0169286" startTime="2026-09-10T17:10:58.7820751-04:00" endTime="2026-09-10T17:10:58.7994727-04:00" testType="13cdc9d9-ddb5-4fa4-a97d-d965ccfc6d4b" outcome="Passed" testListId="8c84fa94-04c1-424b-9868-57a2d4851a1d" relativeResultsDirectory="4aae0641-3e95-4fcf-92a1-64cc88ad7c49" />
    <UnitTestResult executionId="4846da96-d57a-4193-9151-61f6e5dccb5a" testId="6ad7b957-4455-4dcb-28de-5653cad40ec3" testName="ProtectedRouteIngress_NormalizesOneDecodeSeparatorVariants_AndFailsClosedForAmbiguousPaths" computerName="CWEIR-LTP" duration="00:00:00.0026951" startTime="2026-09-10T17:11:00.8996150-04:00" endTime="2026-09-10T17:11:00.9028142-04:00" testType="13cdc9d9-ddb5-4fa4-a97d-d965ccfc6d4b" outcome="Passed" testListId="8c84fa94-04c1-424b-9868-57a2d4851a1d" relativeResultsDirectory="4846da96-d57a-4193-9151-61f6e5dccb5a" />
    <UnitTestResult executionId="c6828f39-be55-45e3-b18b-802790b70bbe" testId="5210a73b-1f0e-8a7e-61ea-fb450b88b02f" testName="AssistantToolService_Capture_Screenshot_Fails_Without_AssistantService" computerName="CWEIR-LTP" duration="00:00:00.0036259" startTime="2026-09-10T17:10:58.6051588-04:00" endTime="2026-09-10T17:10:58.6094965-04:00" testType="13cdc9d9-ddb5-4fa4-a97d-d965ccfc6d4b" outcome="Passed" testListId="8c84fa94-04c1-424b-9868-57a2d4851a1d" relativeResultsDirectory="c6828f39-be55-45e3-b18b-802790b70bbe" />
    <UnitTestResult executionId="26e9c693-6324-40da-9a7a-3c22982dbe99" testId="988b008f-eb23-128e-bccc-996fca99bdf2" testName="StaleMessageSaveCannotResurrectDetachedScreenshot" computerName="CWEIR-LTP" duration="00:00:00.1477842" startTime="2026-09-10T17:11:00.5104219-04:00" endTime="2026-09-10T17:11:00.6584694-04:00" testType="13cdc9d9-ddb5-4fa4-a97d-d965ccfc6d4b" outcome="Passed" testListId="8c84fa94-04c1-424b-9868-57a2d4851a1d" relativeResultsDirectory="26e9c693-6324-40da-9a7a-3c22982dbe99" />
    <UnitTestResult executionId="c9948899-b86c-4ba8-a20a-9bee19f8437d" testId="b3ed53df-6b37-5271-145f-9ead2ffdf1cd" testName="InjectionGuard_VerifyNotBlocked_ThrowsOnDeny" computerName="CWEIR-LTP" duration="00:00:00.0041718" startTime="2026-09-10T17:10:58.7669030-04:00" endTime="2026-09-10T17:10:58.7702196-04:00" testType="13cdc9d9-ddb5-4fa4-a97d-d965ccfc6d4b" outcome="Passed" testListId="8c84fa94-04c1-424b-9868-57a2d4851a1d" relativeResultsDirectory="c9948899-b86c-4ba8-a20a-9bee19f8437d" />
    <UnitTestResult executionId="c36bf542-2d6b-45e3-84d0-a6750a8660df" testId="d7d44ed5-afcc-12ce-8e86-25fa0c5a3abf" testName="RoutesRespectAllRequiredCapabilitiesAndRuntimeState" computerName="CWEIR-LTP" duration="00:00:00.0046526" startTime="2026-09-10T17:11:00.7820551-04:00" endTime="2026-09-10T17:11:00.7870668-04:00" testType="13cdc9d9-ddb5-4fa4-a97d-d965ccfc6d4b" outcome="Passed" testListId="8c84fa94-04c1-424b-9868-57a2d4851a1d" relativeResultsDirectory="c36bf542-2d6b-45e3-84d0-a6750a8660df" />
    <UnitTestResult executionId="84c373b9-a99c-4c1e-b6b7-934684647112" testId="fef3ade2-8e1b-b614-2ed1-cf46dc6d245c" testName="SharedCrossLanguageFixturesResolveIdentically" computerName="CWEIR-LTP" duration="00:00:00.0495321" startTime="2026-09-10T17:11:00.7870668-04:00" endTime="2026-09-10T17:11:00.8370631-04:00" testType="13cdc9d9-ddb5-4fa4-a97d-d965ccfc6d4b" outcome="Passed" testListId="8c84fa94-04c1-424b-9868-57a2d4851a1d" relativeResultsDirectory="84c373b9-a99c-4c1e-b6b7-934684647112" />
    <UnitTestResult executionId="b91c85c8-c769-473e-a73c-a219d0d78225" testId="c5398826-d9cb-e2bc-170a-2951725ca9a3" testName="AssistantToolService_Denies_Forged_InProcess_Authorization" computerName="CWEIR-LTP" duration="00:00:00.0007692" startTime="2026-09-10T17:10:58.6389129-04:00" endTime="2026-09-10T17:10:58.6399123-04:00" testType="13cdc9d9-ddb5-4fa4-a97d-d965ccfc6d4b" outcome="Passed" testListId="8c84fa94-04c1-424b-9868-57a2d4851a1d" relativeResultsDirectory="b91c85c8-c769-473e-a73c-a219d0d78225" />
    <UnitTestResult executionId="bf940555-a1cb-47d4-ade4-2d9efe9ef95f" testId="b46aefc6-73b1-284e-48c0-2a8495155484" testName="IntegrityScanner_HasSecrets_ReturnsFalseForEmpty" computerName="CWEIR-LTP" duration="00:00:00.0014603" startTime="2026-09-10T17:10:58.9317459-04:00" endTime="2026-09-10T17:10:58.9340355-04:00" testType="13cdc9d9-ddb5-4fa4-a97d-d965ccfc6d4b" outcome="Passed" testListId="8c84fa94-04c1-424b-9868-57a2d4851a1d" relativeResultsDirectory="bf940555-a1cb-47d4-ade4-2d9efe9ef95f" />
    <UnitTestResult executionId="e5df0074-8437-483f-a001-9db09f9c1f73" testId="b44f6d47-9513-aecf-8d02-871780f451a0" testName="AssistantToolAvailabilitySummary_Counts_Enabled_And_Search_Tools" computerName="CWEIR-LTP" duration="00:00:00.0108526" startTime="2026-09-10T17:10:57.9608422-04:00" endTime="2026-09-10T17:10:58.0538658-04:00" testType="13cdc9d9-ddb5-4fa4-a97d-d965ccfc6d4b" outcome="Passed" testListId="8c84fa94-04c1-424b-9868-57a2d4851a1d" relativeResultsDirectory="e5df0074-8437-483f-a001-9db09f9c1f73" />
    <UnitTestResult executionId="4e83c69a-7ea7-4c9d-9499-5be3e9863fdb" testId="be5cefee-11e2-451f-fd82-d902a915a67d" testName="TextModelUsesOnlyExplicitPreferredThenFallback" computerName="CWEIR-LTP" duration="00:00:00.0009171" startTime="2026-09-10T17:11:00.6624693-04:00" endTime="2026-09-10T17:11:00.6634687-04:00" testType="13cdc9d9-ddb5-4fa4-a97d-d965ccfc6d4b" outcome="Passed" testListId="8c84fa94-04c1-424b-9868-57a2d4851a1d" relativeResultsDirectory="4e83c69a-7ea7-4c9d-9499-5be3e9863fdb" />
    <UnitTestResult executionId="f8f33b15-db15-4e1c-89aa-20687c65c8f9" testId="431a826e-5d1d-ba55-c025-0620f33b752c" testName="AssistantToolRequest_Does_Not_Deserialize_Client_Authorization" computerName="CWEIR-LTP" duration="00:00:00.0021458" startTime="2026-09-10T17:10:58.6369134-04:00" endTime="2026-09-10T17:10:58.6389129-04:00" testType="13cdc9d9-ddb5-4fa4-a97d-d965ccfc6d4b" outcome="Passed" testListId="8c84fa94-04c1-424b-9868-57a2d4851a1d" relativeResultsDirectory="f8f33b15-db15-4e1c-89aa-20687c65c8f9" />
    <UnitTestResult executionId="788a404b-620e-4c33-9a3f-ab5fcfb41f07" testId="92c590dc-b94c-d4ea-519a-ea867691b824" testName="AssistantToolPolicy_Blocks_CAD_Route_Direct" computerName="CWEIR-LTP" duration="00:00:00.0003253" startTime="2026-09-10T17:10:58.6027285-04:00" endTime="2026-09-10T17:10:58.6032289-04:00" testType="13cdc9d9-ddb5-4fa4-a97d-d965ccfc6d4b" outcome="Passed" testListId="8c84fa94-04c1-424b-9868-57a2d4851a1d" relativeResultsDirectory="788a404b-620e-4c33-9a3f-ab5fcfb41f07" />
    <UnitTestResult executionId="af803d64-dee0-4812-965c-3ab4f434512e" testId="af80e14c-bcac-8d73-b115-1f84410d5518" testName="IntegrityScanner_RedactFindings_RedactsSecretValues" computerName="CWEIR-LTP" duration="00:00:00.0020697" startTime="2026-09-10T17:10:58.9267409-04:00" endTime="2026-09-10T17:10:58.9297407-04:00" testType="13cdc9d9-ddb5-4fa4-a97d-d965ccfc6d4b" outcome="Passed" testListId="8c84fa94-04c1-424b-9868-57a2d4851a1d" relativeResultsDirectory="af803d64-dee0-4812-965c-3ab4f434512e" />
    <UnitTestResult executionId="7e22182f-63bb-4e15-9b6a-98a550dc9706" testId="83959559-aa86-fe85-4af5-4fba5ebe9dc8" testName="AssistantToolAuditLog_Persists_Redacted_Receipts_To_Jsonl" computerName="CWEIR-LTP" duration="00:00:00.0493222" startTime="2026-09-10T17:10:58.5008100-04:00" endTime="2026-09-10T17:10:58.5511010-04:00" testType="13cdc9d9-ddb5-4fa4-a97d-d965ccfc6d4b" outcome="Passed" testListId="8c84fa94-04c1-424b-9868-57a2d4851a1d" relativeResultsDirectory="7e22182f-63bb-4e15-9b6a-98a550dc9706" />
    <UnitTestResult executionId="bdd37008-5fbe-4ebe-bd6c-bb9522f0f658" testId="cc4da3e7-4bfa-6e54-81ac-78079a99158e" testName="IntegrityScanner_ScanDirectory_ScansEligibleFiles" computerName="CWEIR-LTP" duration="00:00:00.0221695" startTime="2026-09-10T17:10:58.9044696-04:00" endTime="2026-09-10T17:10:58.9267409-04:00" testType="13cdc9d9-ddb5-4fa4-a97d-d965ccfc6d4b" outcome="Passed" testListId="8c84fa94-04c1-424b-9868-57a2d4851a1d" relativeResultsDirectory="bdd37008-5fbe-4ebe-bd6c-bb9522f0f658" />
    <UnitTestResult executionId="90fdc843-f849-4bd7-bd06-c12a0e3fb328" testId="fdc125d4-bfe3-5a52-ea3b-0e4029934d28" testName="AssistantToolService_Catalog_ContainsSearchLocalVault" computerName="CWEIR-LTP" duration="00:00:00.0017203" startTime="2026-09-10T17:10:58.6226998-04:00" endTime="2026-09-10T17:10:58.6252407-04:00" testType="13cdc9d9-ddb5-4fa4-a97d-d965ccfc6d4b" outcome="Passed" testListId="8c84fa94-04c1-424b-9868-57a2d4851a1d" relativeResultsDirectory="90fdc843-f849-4bd7-bd06-c12a0e3fb328" />
    <UnitTestResult executionId="1c2715fc-0b59-4c71-93e6-437c90b853fc" testId="145163e2-abb7-0b81-9c1c-5c83271f5232" testName="InjectionGuard_PersistentMemoryPoisoning_Denied" computerName="CWEIR-LTP" duration="00:00:00.0001529" startTime="2026-09-10T17:10:58.7621138-04:00" endTime="2026-09-10T17:10:58.7621138-04:00" testType="13cdc9d9-ddb5-4fa4-a97d-d965ccfc6d4b" outcome="Passed" testListId="8c84fa94-04c1-424b-9868-57a2d4851a1d" relativeResultsDirectory="1c2715fc-0b59-4c71-93e6-437c90b853fc" />
    <UnitTestResult executionId="f9499d47-6552-45fa-a9d0-c648d726dbb3" testId="955ab6f4-bc04-3c68-3935-afb601d0c46c" testName="AssistantToolPolicy_Blocks_CAD_Route_Alias_In_ToolName" computerName="CWEIR-LTP" duration="00:00:00.0003570" startTime="2026-09-10T17:10:58.6002308-04:00" endTime="2026-09-10T17:10:58.6012336-04:00" testType="13cdc9d9-ddb5-4fa4-a97d-d965ccfc6d4b" outcome="Passed" testListId="8c84fa94-04c1-424b-9868-57a2d4851a1d" relativeResultsDirectory="f9499d47-6552-45fa-a9d0-c648d726dbb3" />
    <UnitTestResult executionId="ee46a7ca-c2f1-450d-bed9-87ccaa75e01c" testId="2162a71e-796c-0656-1f0b-cf3e47e70626" testName="IntegrityScanner_ScanForSecrets_NoSecrets_ReturnsEmpty" computerName="CWEIR-LTP" duration="00:00:00.0180197" startTime="2026-09-10T17:10:58.8852071-04:00" endTime="2026-09-10T17:10:58.9044696-04:00" testType="13cdc9d9-ddb5-4fa4-a97d-d965ccfc6d4b" outcome="Passed" testListId="8c84fa94-04c1-424b-9868-57a2d4851a1d" relativeResultsDirectory="ee46a7ca-c2f1-450d-bed9-87ccaa75e01c" />
    <UnitTestResult executionId="4e1ce728-5d87-4b78-a6d9-977c5935fd55" testId="3863d75f-0a7c-39e2-2184-d2731b056c3d" testName="CaptureDuringSendSurvivesOlderSessionCompletion" computerName="CWEIR-LTP" duration="00:00:00.3050052" startTime="2026-09-10T17:11:00.1314414-04:00" endTime="2026-09-10T17:11:00.4370076-04:00" testType="13cdc9d9-ddb5-4fa4-a97d-d965ccfc6d4b" outcome="Passed" testListId="8c84fa94-04c1-424b-9868-57a2d4851a1d" relativeResultsDirectory="4e1ce728-5d87-4b78-a6d9-977c5935fd55" />
    <UnitTestResult executionId="93d870c8-dd15-4566-a356-0d916920012f" testId="b2504d4d-3436-edb6-ae9d-efc148615a18" testName="AttemptedTransmissionDoesNotReportLocalOnly" computerName="CWEIR-LTP" duration="00:00:00.0732950" startTime="2026-09-10T17:11:00.4370076-04:00" endTime="2026-09-10T17:11:00.5104219-04:00" testType="13cdc9d9-ddb5-4fa4-a97d-d965ccfc6d4b" outcome="Passed" testListId="8c84fa94-04c1-424b-9868-57a2d4851a1d" relativeResultsDirectory="93d870c8-dd15-4566-a356-0d916920012f" />
    <UnitTestResult executionId="44dfabde-c88c-4c21-86a5-0d128962b52d" testId="aa988216-0aa2-71b0-ba3f-195f52f9dbf9" testName="AutoApprovalIsPersistedThenAttachedByIdentity" computerName="CWEIR-LTP" duration="00:00:00.1568606" startTime="2026-09-10T17:10:59.6453806-04:00" endTime="2026-09-10T17:10:59.8027366-04:00" testType="13cdc9d9-ddb5-4fa4-a97d-d965ccfc6d4b" outcome="Passed" testListId="8c84fa94-04c1-424b-9868-57a2d4851a1d" relativeResultsDirectory="44dfabde-c88c-4c21-86a5-0d128962b52d" />
    <UnitTestResult executionId="c17859eb-75eb-4b5e-a24b-e00a24d8e884" testId="e88b133d-c33e-c9b8-c43d-f251e641901b" testName="ProtectedRouteIngress_BoundsCorrelatedReceiptPairsUnderSustainedDenial" computerName="CWEIR-LTP" duration="00:00:00.0058831" startTime="2026-09-10T17:11:00.9150686-04:00" endTime="2026-09-10T17:11:00.9210686-04:00" testType="13cdc9d9-ddb5-4fa4-a97d-d965ccfc6d4b" outcome="Passed" testListId="8c84fa94-04c1-424b-9868-57a2d4851a1d" relativeResultsDirectory="c17859eb-75eb-4b5e-a24b-e00a24d8e884" />
    <UnitTestResult executionId="2e98544b-5b40-478a-b993-d5d19d8e1357" testId="d92cf998-bc6e-1d37-ee66-a54175a448a5" testName="InjectionGuard_FixtureCount_MatchesExpected" computerName="CWEIR-LTP" duration="00:00:00.0008868" startTime="2026-09-10T17:10:58.7716748-04:00" endTime="2026-09-10T17:10:58.7726744-04:00" testType="13cdc9d9-ddb5-4fa4-a97d-d965ccfc6d4b" outcome="Passed" testListId="8c84fa94-04c1-424b-9868-57a2d4851a1d" relativeResultsDirectory="2e98544b-5b40-478a-b993-d5d19d8e1357" />
    <UnitTestResult executionId="1c5fb8c3-0a40-4898-b8e1-c9d66e570073" testId="d3a480f0-819f-f830-fd75-84c71c72c4b0" testName="ReviewRequiresSeparateUploadConsentAndRejectionRevokesIt" computerName="CWEIR-LTP" duration="00:00:00.1179615" startTime="2026-09-10T17:10:59.2555562-04:00" endTime="2026-09-10T17:10:59.3737865-04:00" testType="13cdc9d9-ddb5-4fa4-a97d-d965ccfc6d4b" outcome="Passed" testListId="8c84fa94-04c1-424b-9868-57a2d4851a1d" relativeResultsDirectory="1c5fb8c3-0a40-4898-b8e1-c9d66e570073" />
    <UnitTestResult executionId="2a2e07f9-13d7-4969-98e7-2f3e4d591ff0" testId="1dece469-fea4-2322-830a-ecf3af20eac7" testName="ActualMessageSerializationChecksHistoryConsentBeforeReadingImage" computerName="CWEIR-LTP" duration="00:00:00.1354346" startTime="2026-09-10T17:10:59.5083649-04:00" endTime="2026-09-10T17:10:59.6451308-04:00" testType="13cdc9d9-ddb5-4fa4-a97d-d965ccfc6d4b" outcome="Passed" testListId="8c84fa94-04c1-424b-9868-57a2d4851a1d" relativeResultsDirectory="2a2e07f9-13d7-4969-98e7-2f3e4d591ff0" />
    <UnitTestResult executionId="7f1dc58c-415c-44f6-8ab6-ddde7e50657b" testId="e239b73d-dcb3-6b13-0e26-dc3a81f50705" testName="IntegrityScanner_ComputeSha256String_DifferentInputs_DifferentHashes" computerName="CWEIR-LTP" duration="00:00:00.0025193" startTime="2026-09-10T17:10:58.7790814-04:00" endTime="2026-09-10T17:10:58.7820751-04:00" testType="13cdc9d9-ddb5-4fa4-a97d-d965ccfc6d4b" outcome="Passed" testListId="8c84fa94-04c1-424b-9868-57a2d4851a1d" relativeResultsDirectory="7f1dc58c-415c-44f6-8ab6-ddde7e50657b" />
    <UnitTestResult executionId="394f7db6-9af6-4459-8e2a-9d32d4bd00ec" testId="7c1a945e-8acb-81ac-f8f5-15662f60ec37" testName="AssistantToolService_Catalog_Separates_Local_Search_From_Risky_Connectors" computerName="CWEIR-LTP" duration="00:00:00.0046368" startTime="2026-09-10T17:10:58.4117360-04:00" endTime="2026-09-10T17:10:58.4173512-04:00" testType="13cdc9d9-ddb5-4fa4-a97d-d965ccfc6d4b" outcome="Passed" testListId="8c84fa94-04c1-424b-9868-57a2d4851a1d" relativeResultsDirectory="394f7db6-9af6-4459-8e2a-9d32d4bd00ec" />
    <UnitTestResult executionId="eb9eeb68-2829-425b-97d3-693293745be1" testId="14a44e5d-c2b7-5848-c56a-33d0ac5fe3e1" testName="CompatiblePinnedModelIsRetained" computerName="CWEIR-LTP" duration="00:00:00.0028137" startTime="2026-09-10T17:11:00.6584694-04:00" endTime="2026-09-10T17:11:00.6624693-04:00" testType="13cdc9d9-ddb5-4fa4-a97d-d965ccfc6d4b" outcome="Passed" testListId="8c84fa94-04c1-424b-9868-57a2d4851a1d" relativeResultsDirectory="eb9eeb68-2829-425b-97d3-693293745be1" />
    <UnitTestResult executionId="0ddc53c1-edc2-48af-8d7f-e5ceb40abb9a" testId="a2a2125d-942b-6def-5a60-a1246899d262" testName="TraversalIsRejectedBySessionStore" computerName="CWEIR-LTP" duration="00:00:00.0021578" startTime="2026-09-10T17:11:00.1284427-04:00" endTime="2026-09-10T17:11:00.1314414-04:00" testType="13cdc9d9-ddb5-4fa4-a97d-d965ccfc6d4b" outcome="Passed" testListId="8c84fa94-04c1-424b-9868-57a2d4851a1d" relativeResultsDirectory="0ddc53c1-edc2-48af-8d7f-e5ceb40abb9a" />
  </Results>
  <TestDefinitions>
    <UnitTest name="AssistantToolService_Creates_Screenshot_Review_Report_From_Artifact_Payload" storage="c:\users\cweir\documents\github\vira github\bluebrick\bluebrick.ui.tests\bin\debug\bluebrick.ui.tests.dll" id="24d20eee-4f61-1138-bd51-6076bb0ffc0e">
      <Execution id="20416621-6b21-4183-81f9-73f01d2dfbed" />
      <TestMethod codeBase="C:\Users\cweir\Documents\GitHub\VIRA GITHUB\Bluebrick\BlueBrick.UI.Tests\bin\Debug\BlueBrick.UI.Tests.dll" adapterTypeName="executor://mstestadapter/v2" className="BlueBrick.UI.Tests.LabWorkspaceTests" name="AssistantToolService_Creates_Screenshot_Review_Report_From_Artifact_Payload" />
    </UnitTest>
    <UnitTest name="ProviderFailurePolicyDoesNotRetryToolOrPermissionBoundaries" storage="c:\users\cweir\documents\github\vira github\bluebrick\bluebrick.ui.tests\bin\debug\bluebrick.ui.tests.dll" id="ba6777b2-2636-ef93-d37c-0b774ba772ad">
      <Execution id="6c074bf2-47f1-431e-a9f5-ad67545e331a" />
      <TestMethod codeBase="C:\Users\cweir\Documents\GitHub\VIRA GITHUB\Bluebrick\BlueBrick.UI.Tests\bin\Debug\BlueBrick.UI.Tests.dll" adapterTypeName="executor://mstestadapter/v2" className="BlueBrick.UI.Tests.Agent.SharedAiTests" name="ProviderFailurePolicyDoesNotRetryToolOrPermissionBoundaries" />
    </UnitTest>
    <UnitTest name="AssistantToolService_Disabled_Tool_Is_Rejected" storage="c:\users\cweir\documents\github\vira github\bluebrick\bluebrick.ui.tests\bin\debug\bluebrick.ui.tests.dll" id="b315cdda-72d0-6de2-eb6f-07c588f193d0">
      <Execution id="e43650ed-7f4a-4ccc-8b7e-596f8b134b1b" />
      <TestMethod codeBase="C:\Users\cweir\Documents\GitHub\VIRA GITHUB\Bluebrick\BlueBrick.UI.Tests\bin\Debug\BlueBrick.UI.Tests.dll" adapterTypeName="executor://mstestadapter/v2" className="BlueBrick.UI.Tests.LabWorkspaceTests" name="AssistantToolService_Disabled_Tool_Is_Rejected" />
    </UnitTest>
    <UnitTest name="AttemptedTransmissionDoesNotReportLocalOnly" storage="c:\users\cweir\documents\github\vira github\bluebrick\bluebrick.ui.tests\bin\debug\bluebrick.ui.tests.dll" id="b2504d4d-3436-edb6-ae9d-efc148615a18">
      <Execution id="93d870c8-dd15-4566-a356-0d916920012f" />
      <TestMethod codeBase="C:\Users\cweir\Documents\GitHub\VIRA GITHUB\Bluebrick\BlueBrick.UI.Tests\bin\Debug\BlueBrick.UI.Tests.dll" adapterTypeName="executor://mstestadapter/v2" className="BlueBrick.UI.Tests.Agent.ScreenshotConversationTests" name="AttemptedTransmissionDoesNotReportLocalOnly" />
    </UnitTest>
    <UnitTest name="AssistantToolService_Denies_Forged_InProcess_Authorization" storage="c:\users\cweir\documents\github\vira github\bluebrick\bluebrick.ui.tests\bin\debug\bluebrick.ui.tests.dll" id="c5398826-d9cb-e2bc-170a-2951725ca9a3">
      <Execution id="b91c85c8-c769-473e-a73c-a219d0d78225" />
      <TestMethod codeBase="C:\Users\cweir\Documents\GitHub\VIRA GITHUB\Bluebrick\BlueBrick.UI.Tests\bin\Debug\BlueBrick.UI.Tests.dll" adapterTypeName="executor://mstestadapter/v2" className="BlueBrick.UI.Tests.LabWorkspaceTests" name="AssistantToolService_Denies_Forged_InProcess_Authorization" />
    </UnitTest>
    <UnitTest name="ProtectedRouteIngress_DeniesAllClientApprovalClaims_BeforeContinuation" storage="c:\users\cweir\documents\github\vira github\bluebrick\bluebrick.ui.tests\bin\debug\bluebrick.ui.tests.dll" id="e16cdb71-48d5-8690-07cb-fcda753faef4">
      <Execution id="3ab4813f-d863-4799-ab76-def927d482b1" />
      <TestMethod codeBase="C:\Users\cweir\Documents\GitHub\VIRA GITHUB\Bluebrick\BlueBrick.UI.Tests\bin\Debug\BlueBrick.UI.Tests.dll" adapterTypeName="executor://mstestadapter/v2" className="BlueBrick.UI.Tests.Agent.ProtectedRouteIngressTests" name="ProtectedRouteIngress_DeniesAllClientApprovalClaims_BeforeContinuation" />
    </UnitTest>
    <UnitTest name="AssistantToolService_Denies_Route_Shaped_Tool_Names" storage="c:\users\cweir\documents\github\vira github\bluebrick\bluebrick.ui.tests\bin\debug\bluebrick.ui.tests.dll" id="59213db0-af12-76a9-16ee-df8bb8106eb3">
      <Execution id="62df1256-1f5c-40fb-a6a2-0feaa1434df7" />
      <TestMethod codeBase="C:\Users\cweir\Documents\GitHub\VIRA GITHUB\Bluebrick\BlueBrick.UI.Tests\bin\Debug\BlueBrick.UI.Tests.dll" adapterTypeName="executor://mstestadapter/v2" className="BlueBrick.UI.Tests.LabWorkspaceTests" name="AssistantToolService_Denies_Route_Shaped_Tool_Names" />
    </UnitTest>
    <UnitTest name="InvalidNestedValueFailsAndEmptyObjectsGetSafeDefaults" storage="c:\users\cweir\documents\github\vira github\bluebrick\bluebrick.ui.tests\bin\debug\bluebrick.ui.tests.dll" id="0a28a6a0-4836-ee7e-f1c7-6755f219f751">
      <Execution id="93ef77ad-3fa5-41ec-a787-c1a8776cdb54" />
      <TestMethod codeBase="C:\Users\cweir\Documents\GitHub\VIRA GITHUB\Bluebrick\BlueBrick.UI.Tests\bin\Debug\BlueBrick.UI.Tests.dll" adapterTypeName="executor://mstestadapter/v2" className="BlueBrick.UI.Tests.Agent.RecoveryContractTests" name="InvalidNestedValueFailsAndEmptyObjectsGetSafeDefaults" />
    </UnitTest>
    <UnitTest name="AssistantToolService_Capture_Screenshot_Fails_Without_AssistantService" storage="c:\users\cweir\documents\github\vira github\bluebrick\bluebrick.ui.tests\bin\debug\bluebrick.ui.tests.dll" id="5210a73b-1f0e-8a7e-61ea-fb450b88b02f">
      <Execution id="c6828f39-be55-45e3-b18b-802790b70bbe" />
      <TestMethod codeBase="C:\Users\cweir\Documents\GitHub\VIRA GITHUB\Bluebrick\BlueBrick.UI.Tests\bin\Debug\BlueBrick.UI.Tests.dll" adapterTypeName="executor://mstestadapter/v2" className="BlueBrick.UI.Tests.LabWorkspaceTests" name="AssistantToolService_Capture_Screenshot_Fails_Without_AssistantService" />
    </UnitTest>
    <UnitTest name="AssistantToolService_Pdm_And_Epicor_Are_Config_Gated" storage="c:\users\cweir\documents\github\vira github\bluebrick\bluebrick.ui.tests\bin\debug\bluebrick.ui.tests.dll" id="2307190c-b70e-fce8-7b56-992187952fb7">
      <Execution id="5652f380-38cd-45a3-9bfc-0ca26bf5add7" />
      <TestMethod codeBase="C:\Users\cweir\Documents\GitHub\VIRA GITHUB\Bluebrick\BlueBrick.UI.Tests\bin\Debug\BlueBrick.UI.Tests.dll" adapterTypeName="executor://mstestadapter/v2" className="BlueBrick.UI.Tests.LabWorkspaceTests" name="AssistantToolService_Pdm_And_Epicor_Are_Config_Gated" />
    </UnitTest>
    <UnitTest name="SharedCrossLanguageFixturesResolveIdentically" storage="c:\users\cweir\documents\github\vira github\bluebrick\bluebrick.ui.tests\bin\debug\bluebrick.ui.tests.dll" id="fef3ade2-8e1b-b614-2ed1-cf46dc6d245c">
      <Execution id="84c373b9-a99c-4c1e-b6b7-934684647112" />
      <TestMethod codeBase="C:\Users\cweir\Documents\GitHub\VIRA GITHUB\Bluebrick\BlueBrick.UI.Tests\bin\Debug\BlueBrick.UI.Tests.dll" adapterTypeName="executor://mstestadapter/v2" className="BlueBrick.UI.Tests.Agent.SharedAiTests" name="SharedCrossLanguageFixturesResolveIdentically" />
    </UnitTest>
    <UnitTest name="InjectionGuard_BenignContent_Approved" storage="c:\users\cweir\documents\github\vira github\bluebrick\bluebrick.ui.tests\bin\debug\bluebrick.ui.tests.dll" id="7698fa33-56ca-ba5b-6b75-68d310f2635f">
      <Execution id="fe8884ef-88e9-4ef5-a84f-02a1bd11d94a" />
      <TestMethod codeBase="C:\Users\cweir\Documents\GitHub\VIRA GITHUB\Bluebrick\BlueBrick.UI.Tests\bin\Debug\BlueBrick.UI.Tests.dll" adapterTypeName="executor://mstestadapter/v2" className="BlueBrick.UI.Tests.Agent.AssistantInjectionGuardTests" name="InjectionGuard_BenignContent_Approved" />
    </UnitTest>
    <UnitTest name="InjectionGuard_EmptyContent_Approved" storage="c:\users\cweir\documents\github\vira github\bluebrick\bluebrick.ui.tests\bin\debug\bluebrick.ui.tests.dll" id="dc076650-7f65-abbb-9822-3c224a98ce1a">
      <Execution id="1dd962dd-be67-4c40-97ec-bfbf1da610eb" />
      <TestMethod codeBase="C:\Users\cweir\Documents\GitHub\VIRA GITHUB\Bluebrick\BlueBrick.UI.Tests\bin\Debug\BlueBrick.UI.Tests.dll" adapterTypeName="executor://mstestadapter/v2" className="BlueBrick.UI.Tests.Agent.AssistantInjectionGuardTests" name="InjectionGuard_EmptyContent_Approved" />
    </UnitTest>
    <UnitTest name="MissingConversationCannotBecomeAnAttachment" storage="c:\users\cweir\documents\github\vira github\bluebrick\bluebrick.ui.tests\bin\debug\bluebrick.ui.tests.dll" id="ac42c531-cc19-cceb-daed-1c4619b4411f">
      <Execution id="a10df18e-11a0-445c-b370-dba087431e8b" />
      <TestMethod codeBase="C:\Users\cweir\Documents\GitHub\VIRA GITHUB\Bluebrick\BlueBrick.UI.Tests\bin\Debug\BlueBrick.UI.Tests.dll" adapterTypeName="executor://mstestadapter/v2" className="BlueBrick.UI.Tests.Agent.ScreenshotConversationTests" name="MissingConversationCannotBecomeAnAttachment" />
    </UnitTest>
    <UnitTest name="AssistantToolCatalog_Exposes_Server_Capability_Metadata_And_Pdm_Gap" storage="c:\users\cweir\documents\github\vira github\bluebrick\bluebrick.ui.tests\bin\debug\bluebrick.ui.tests.dll" id="c80f8712-7c2d-47cd-7bf6-8578beb1cd2b">
      <Execution id="49e59208-2991-4544-8458-b79fe31814a1" />
      <TestMethod codeBase="C:\Users\cweir\Documents\GitHub\VIRA GITHUB\Bluebrick\BlueBrick.UI.Tests\bin\Debug\BlueBrick.UI.Tests.dll" adapterTypeName="executor://mstestadapter/v2" className="BlueBrick.UI.Tests.LabWorkspaceTests" name="AssistantToolCatalog_Exposes_Server_Capability_Metadata_And_Pdm_Gap" />
    </UnitTest>
    <UnitTest name="IntegrityScanner_ComputeSha256String_Deterministic" storage="c:\users\cweir\documents\github\vira github\bluebrick\bluebrick.ui.tests\bin\debug\bluebrick.ui.tests.dll" id="597414b0-3360-3242-12ed-08253b886e3c">
      <Execution id="9cf9c492-9981-442f-a5a7-b828b3fc06f9" />
      <TestMethod codeBase="C:\Users\cweir\Documents\GitHub\VIRA GITHUB\Bluebrick\BlueBrick.UI.Tests\bin\Debug\BlueBrick.UI.Tests.dll" adapterTypeName="executor://mstestadapter/v2" className="BlueBrick.UI.Tests.Agent.AssistantIntegrityScannerTests" name="IntegrityScanner_ComputeSha256String_Deterministic" />
    </UnitTest>
    <UnitTest name="RoutesRespectAllRequiredCapabilitiesAndRuntimeState" storage="c:\users\cweir\documents\github\vira github\bluebrick\bluebrick.ui.tests\bin\debug\bluebrick.ui.tests.dll" id="d7d44ed5-afcc-12ce-8e86-25fa0c5a3abf">
      <Execution id="c36bf542-2d6b-45e3-84d0-a6750a8660df" />
      <TestMethod codeBase="C:\Users\cweir\Documents\GitHub\VIRA GITHUB\Bluebrick\BlueBrick.UI.Tests\bin\Debug\BlueBrick.UI.Tests.dll" adapterTypeName="executor://mstestadapter/v2" className="BlueBrick.UI.Tests.Agent.SharedAiTests" name="RoutesRespectAllRequiredCapabilitiesAndRuntimeState" />
    </UnitTest>
    <UnitTest name="InjectionGuard_Fixtures_ContainExpectedCategories" storage="c:\users\cweir\documents\github\vira github\bluebrick\bluebrick.ui.tests\bin\debug\bluebrick.ui.tests.dll" id="08d909b3-e7bf-f292-03eb-a9153ef19ceb">
      <Execution id="d1b2526c-206d-4c0c-a7c4-b23f4f0a97a0" />
      <TestMethod codeBase="C:\Users\cweir\Documents\GitHub\VIRA GITHUB\Bluebrick\BlueBrick.UI.Tests\bin\Debug\BlueBrick.UI.Tests.dll" adapterTypeName="executor://mstestadapter/v2" className="BlueBrick.UI.Tests.Agent.AssistantInjectionGuardTests" name="InjectionGuard_Fixtures_ContainExpectedCategories" />
    </UnitTest>
    <UnitTest name="TextModelUsesOnlyExplicitPreferredThenFallback" storage="c:\users\cweir\documents\github\vira github\bluebrick\bluebrick.ui.tests\bin\debug\bluebrick.ui.tests.dll" id="be5cefee-11e2-451f-fd82-d902a915a67d">
      <Execution id="4e83c69a-7ea7-4c9d-9499-5be3e9863fdb" />
      <TestMethod codeBase="C:\Users\cweir\Documents\GitHub\VIRA GITHUB\Bluebrick\BlueBrick.UI.Tests\bin\Debug\BlueBrick.UI.Tests.dll" adapterTypeName="executor://mstestadapter/v2" className="BlueBrick.UI.Tests.Agent.VisionRoutingTests" name="TextModelUsesOnlyExplicitPreferredThenFallback" />
    </UnitTest>
    <UnitTest name="CompatiblePinnedModelIsRetained" storage="c:\users\cweir\documents\github\vira github\bluebrick\bluebrick.ui.tests\bin\debug\bluebrick.ui.tests.dll" id="14a44e5d-c2b7-5848-c56a-33d0ac5fe3e1">
      <Execution id="eb9eeb68-2829-425b-97d3-693293745be1" />
      <TestMethod codeBase="C:\Users\cweir\Documents\GitHub\VIRA GITHUB\Bluebrick\BlueBrick.UI.Tests\bin\Debug\BlueBrick.UI.Tests.dll" adapterTypeName="executor://mstestadapter/v2" className="BlueBrick.UI.Tests.Agent.VisionRoutingTests" name="CompatiblePinnedModelIsRetained" />
    </UnitTest>
    <UnitTest name="IntegrityScanner_ScanForSecrets_DetectsApiKey" storage="c:\users\cweir\documents\github\vira github\bluebrick\bluebrick.ui.tests\bin\debug\bluebrick.ui.tests.dll" id="13f1e207-747e-677c-19be-6065f048ad17">
      <Execution id="5fa5aafa-7bac-4459-a005-dac457d9c6ae" />
      <TestMethod codeBase="C:\Users\cweir\Documents\GitHub\VIRA GITHUB\Bluebrick\BlueBrick.UI.Tests\bin\Debug\BlueBrick.UI.Tests.dll" adapterTypeName="executor://mstestadapter/v2" className="BlueBrick.UI.Tests.Agent.AssistantIntegrityScannerTests" name="IntegrityScanner_ScanForSecrets_DetectsApiKey" />
    </UnitTest>
    <UnitTest name="IntegrityScanner_ComputeSha256String_DifferentInputs_DifferentHashes" storage="c:\users\cweir\documents\github\vira github\bluebrick\bluebrick.ui.tests\bin\debug\bluebrick.ui.tests.dll" id="e239b73d-dcb3-6b13-0e26-dc3a81f50705">
      <Execution id="7f1dc58c-415c-44f6-8ab6-ddde7e50657b" />
      <TestMethod codeBase="C:\Users\cweir\Documents\GitHub\VIRA GITHUB\Bluebrick\BlueBrick.UI.Tests\bin\Debug\BlueBrick.UI.Tests.dll" adapterTypeName="executor://mstestadapter/v2" className="BlueBrick.UI.Tests.Agent.AssistantIntegrityScannerTests" name="IntegrityScanner_ComputeSha256String_DifferentInputs_DifferentHashes" />
    </UnitTest>
    <UnitTest name="ActualMessageSerializationChecksHistoryConsentBeforeReadingImage" storage="c:\users\cweir\documents\github\vira github\bluebrick\bluebrick.ui.tests\bin\debug\bluebrick.ui.tests.dll" id="1dece469-fea4-2322-830a-ecf3af20eac7">
      <Execution id="2a2e07f9-13d7-4969-98e7-2f3e4d591ff0" />
      <TestMethod codeBase="C:\Users\cweir\Documents\GitHub\VIRA GITHUB\Bluebrick\BlueBrick.UI.Tests\bin\Debug\BlueBrick.UI.Tests.dll" adapterTypeName="executor://mstestadapter/v2" className="BlueBrick.UI.Tests.Agent.RecoveryContractTests" name="ActualMessageSerializationChecksHistoryConsentBeforeReadingImage" />
    </UnitTest>
    <UnitTest name="ProtectedRouteIngress_PreservesOnlyAuthenticatedGetVaultStatus" storage="c:\users\cweir\documents\github\vira github\bluebrick\bluebrick.ui.tests\bin\debug\bluebrick.ui.tests.dll" id="eb7dfb59-6184-3807-b859-1b11f2162b1c">
      <Execution id="5fc5106d-54c6-460e-92b9-dfe7d0323906" />
      <TestMethod codeBase="C:\Users\cweir\Documents\GitHub\VIRA GITHUB\Bluebrick\BlueBrick.UI.Tests\bin\Debug\BlueBrick.UI.Tests.dll" adapterTypeName="executor://mstestadapter/v2" className="BlueBrick.UI.Tests.Agent.ProtectedRouteIngressTests" name="ProtectedRouteIngress_PreservesOnlyAuthenticatedGetVaultStatus" />
    </UnitTest>
    <UnitTest name="ReviewRequiresSeparateUploadConsentAndRejectionRevokesIt" storage="c:\users\cweir\documents\github\vira github\bluebrick\bluebrick.ui.tests\bin\debug\bluebrick.ui.tests.dll" id="d3a480f0-819f-f830-fd75-84c71c72c4b0">
      <Execution id="1c5fb8c3-0a40-4898-b8e1-c9d66e570073" />
      <TestMethod codeBase="C:\Users\cweir\Documents\GitHub\VIRA GITHUB\Bluebrick\BlueBrick.UI.Tests\bin\Debug\BlueBrick.UI.Tests.dll" adapterTypeName="executor://mstestadapter/v2" className="BlueBrick.UI.Tests.Agent.RecoveryContractTests" name="ReviewRequiresSeparateUploadConsentAndRejectionRevokesIt" />
    </UnitTest>
    <UnitTest name="DisabledAndNonTextCandidatesFailClosed" storage="c:\users\cweir\documents\github\vira github\bluebrick\bluebrick.ui.tests\bin\debug\bluebrick.ui.tests.dll" id="27e9a215-fe7f-3e6a-a4c8-51859c1e19b5">
      <Execution id="2b2711ff-82a8-4ca4-ab33-b21dc465f25c" />
      <TestMethod codeBase="C:\Users\cweir\Documents\GitHub\VIRA GITHUB\Bluebrick\BlueBrick.UI.Tests\bin\Debug\BlueBrick.UI.Tests.dll" adapterTypeName="executor://mstestadapter/v2" className="BlueBrick.UI.Tests.Agent.VisionRoutingTests" name="DisabledAndNonTextCandidatesFailClosed" />
    </UnitTest>
    <UnitTest name="InjectionGuard_MaliciousHiddenAria_Denied" storage="c:\users\cweir\documents\github\vira github\bluebrick\bluebrick.ui.tests\bin\debug\bluebrick.ui.tests.dll" id="9bb26233-4ea8-4d70-5e52-3dc6e962df8b">
      <Execution id="2a87cbcd-2d04-460b-8c78-46711a639822" />
      <TestMethod codeBase="C:\Users\cweir\Documents\GitHub\VIRA GITHUB\Bluebrick\BlueBrick.UI.Tests\bin\Debug\BlueBrick.UI.Tests.dll" adapterTypeName="executor://mstestadapter/v2" className="BlueBrick.UI.Tests.Agent.AssistantInjectionGuardTests" name="InjectionGuard_MaliciousHiddenAria_Denied" />
    </UnitTest>
    <UnitTest name="ConfigAndModelsExposeStaticTruthAndMissingCredential" storage="c:\users\cweir\documents\github\vira github\bluebrick\bluebrick.ui.tests\bin\debug\bluebrick.ui.tests.dll" id="351758ef-22b3-9975-9346-799a92002705">
      <Execution id="f0a8732c-c10c-4d2c-aa5e-4eac8f1c9a66" />
      <TestMethod codeBase="C:\Users\cweir\Documents\GitHub\VIRA GITHUB\Bluebrick\BlueBrick.UI.Tests\bin\Debug\BlueBrick.UI.Tests.dll" adapterTypeName="executor://mstestadapter/v2" className="BlueBrick.UI.Tests.Agent.SharedAiTests" name="ConfigAndModelsExposeStaticTruthAndMissingCredential" />
    </UnitTest>
    <UnitTest name="InjectionGuard_PersistentMemoryPoisoning_Denied" storage="c:\users\cweir\documents\github\vira github\bluebrick\bluebrick.ui.tests\bin\debug\bluebrick.ui.tests.dll" id="145163e2-abb7-0b81-9c1c-5c83271f5232">
      <Execution id="1c2715fc-0b59-4c71-93e6-437c90b853fc" />
      <TestMethod codeBase="C:\Users\cweir\Documents\GitHub\VIRA GITHUB\Bluebrick\BlueBrick.UI.Tests\bin\Debug\BlueBrick.UI.Tests.dll" adapterTypeName="executor://mstestadapter/v2" className="BlueBrick.UI.Tests.Agent.AssistantInjectionGuardTests" name="InjectionGuard_PersistentMemoryPoisoning_Denied" />
    </UnitTest>
    <UnitTest name="IntegrityScanner_HasSecrets_ReturnsFalseForEmpty" storage="c:\users\cweir\documents\github\vira github\bluebrick\bluebrick.ui.tests\bin\debug\bluebrick.ui.tests.dll" id="b46aefc6-73b1-284e-48c0-2a8495155484">
      <Execution id="bf940555-a1cb-47d4-ade4-2d9efe9ef95f" />
      <TestMethod codeBase="C:\Users\cweir\Documents\GitHub\VIRA GITHUB\Bluebrick\BlueBrick.UI.Tests\bin\Debug\BlueBrick.UI.Tests.dll" adapterTypeName="executor://mstestadapter/v2" className="BlueBrick.UI.Tests.Agent.AssistantIntegrityScannerTests" name="IntegrityScanner_HasSecrets_ReturnsFalseForEmpty" />
    </UnitTest>
    <UnitTest name="MalformedMissingAndFailedPersistenceNeverAcknowledgeApproval" storage="c:\users\cweir\documents\github\vira github\bluebrick\bluebrick.ui.tests\bin\debug\bluebrick.ui.tests.dll" id="6e8c9aed-7e51-b808-c615-ef0ef2abbb3b">
      <Execution id="c1396629-79f5-4ca5-87ed-451330b9d566" />
      <TestMethod codeBase="C:\Users\cweir\Documents\GitHub\VIRA GITHUB\Bluebrick\BlueBrick.UI.Tests\bin\Debug\BlueBrick.UI.Tests.dll" adapterTypeName="executor://mstestadapter/v2" className="BlueBrick.UI.Tests.Agent.RecoveryContractTests" name="MalformedMissingAndFailedPersistenceNeverAcknowledgeApproval" />
    </UnitTest>
    <UnitTest name="EmptyCatalogReturnsUnavailableStatusAndTerminalSendResults" storage="c:\users\cweir\documents\github\vira github\bluebrick\bluebrick.ui.tests\bin\debug\bluebrick.ui.tests.dll" id="68bd8afa-508d-5bdb-f3b9-013eabe06a54">
      <Execution id="91a8d737-fb1a-42c9-85f1-efcba6bbd557" />
      <TestMethod codeBase="C:\Users\cweir\Documents\GitHub\VIRA GITHUB\Bluebrick\BlueBrick.UI.Tests\bin\Debug\BlueBrick.UI.Tests.dll" adapterTypeName="executor://mstestadapter/v2" className="BlueBrick.UI.Tests.Agent.RecoveryContractTests" name="EmptyCatalogReturnsUnavailableStatusAndTerminalSendResults" />
    </UnitTest>
    <UnitTest name="InjectionGuard_FakeSystemMessage_Denied" storage="c:\users\cweir\documents\github\vira github\bluebrick\bluebrick.ui.tests\bin\debug\bluebrick.ui.tests.dll" id="2a71812c-c98a-61e5-9d9c-1feaa750a60b">
      <Execution id="a67873f9-bee1-4aed-8160-3a8c211c243f" />
      <TestMethod codeBase="C:\Users\cweir\Documents\GitHub\VIRA GITHUB\Bluebrick\BlueBrick.UI.Tests\bin\Debug\BlueBrick.UI.Tests.dll" adapterTypeName="executor://mstestadapter/v2" className="BlueBrick.UI.Tests.Agent.AssistantInjectionGuardTests" name="InjectionGuard_FakeSystemMessage_Denied" />
    </UnitTest>
    <UnitTest name="AssistantToolService_Catalog_ContainsSearchLocalVault" storage="c:\users\cweir\documents\github\vira github\bluebrick\bluebrick.ui.tests\bin\debug\bluebrick.ui.tests.dll" id="fdc125d4-bfe3-5a52-ea3b-0e4029934d28">
      <Execution id="90fdc843-f849-4bd7-bd06-c12a0e3fb328" />
      <TestMethod codeBase="C:\Users\cweir\Documents\GitHub\VIRA GITHUB\Bluebrick\BlueBrick.UI.Tests\bin\Debug\BlueBrick.UI.Tests.dll" adapterTypeName="executor://mstestadapter/v2" className="BlueBrick.UI.Tests.LabWorkspaceTests" name="AssistantToolService_Catalog_ContainsSearchLocalVault" />
    </UnitTest>
    <UnitTest name="AssistantToolPolicy_Blocks_Native_PDM_Route" storage="c:\users\cweir\documents\github\vira github\bluebrick\bluebrick.ui.tests\bin\debug\bluebrick.ui.tests.dll" id="792ec124-e96f-d70e-dc90-15e2ed98cd07">
      <Execution id="57612830-a2fe-4322-a041-73a32786534b" />
      <TestMethod codeBase="C:\Users\cweir\Documents\GitHub\VIRA GITHUB\Bluebrick\BlueBrick.UI.Tests\bin\Debug\BlueBrick.UI.Tests.dll" adapterTypeName="executor://mstestadapter/v2" className="BlueBrick.UI.Tests.LabWorkspaceTests" name="AssistantToolPolicy_Blocks_Native_PDM_Route" />
    </UnitTest>
    <UnitTest name="InjectionGuard_NullContent_Approved" storage="c:\users\cweir\documents\github\vira github\bluebrick\bluebrick.ui.tests\bin\debug\bluebrick.ui.tests.dll" id="dfa29f5d-9df0-d795-b9ad-4e511103acac">
      <Execution id="1afbdc54-8c01-4bd8-884b-2a8b4d9e3056" />
      <TestMethod codeBase="C:\Users\cweir\Documents\GitHub\VIRA GITHUB\Bluebrick\BlueBrick.UI.Tests\bin\Debug\BlueBrick.UI.Tests.dll" adapterTypeName="executor://mstestadapter/v2" className="BlueBrick.UI.Tests.Agent.AssistantInjectionGuardTests" name="InjectionGuard_NullContent_Approved" />
    </UnitTest>
    <UnitTest name="AssistantToolService_Searches_Local_Vault_ReadOnly_Index" storage="c:\users\cweir\documents\github\vira github\bluebrick\bluebrick.ui.tests\bin\debug\bluebrick.ui.tests.dll" id="bae549f6-2fcc-a6f6-97dd-c07ecbfcb55b">
      <Execution id="0b9b7d10-f5d4-4840-a511-58c09da4c2ec" />
      <TestMethod codeBase="C:\Users\cweir\Documents\GitHub\VIRA GITHUB\Bluebrick\BlueBrick.UI.Tests\bin\Debug\BlueBrick.UI.Tests.dll" adapterTypeName="executor://mstestadapter/v2" className="BlueBrick.UI.Tests.LabWorkspaceTests" name="AssistantToolService_Searches_Local_Vault_ReadOnly_Index" />
    </UnitTest>
    <UnitTest name="AssistantToolPolicy_Blocks_CAD_Route_Direct" storage="c:\users\cweir\documents\github\vira github\bluebrick\bluebrick.ui.tests\bin\debug\bluebrick.ui.tests.dll" id="92c590dc-b94c-d4ea-519a-ea867691b824">
      <Execution id="788a404b-620e-4c33-9a3f-ab5fcfb41f07" />
      <TestMethod codeBase="C:\Users\cweir\Documents\GitHub\VIRA GITHUB\Bluebrick\BlueBrick.UI.Tests\bin\Debug\BlueBrick.UI.Tests.dll" adapterTypeName="executor://mstestadapter/v2" className="BlueBrick.UI.Tests.LabWorkspaceTests" name="AssistantToolPolicy_Blocks_CAD_Route_Direct" />
    </UnitTest>
    <UnitTest name="ProtectedRouteIngress_PersistsImmutableCorrelatedPair_AndPassesGateNormalizedRequestToContinuation" storage="c:\users\cweir\documents\github\vira github\bluebrick\bluebrick.ui.tests\bin\debug\bluebrick.ui.tests.dll" id="e1996c2c-2fa2-f19d-c9ec-5644444ddec0">
      <Execution id="14bf992d-a167-48e2-bbaf-f714ab2ab18e" />
      <TestMethod codeBase="C:\Users\cweir\Documents\GitHub\VIRA GITHUB\Bluebrick\BlueBrick.UI.Tests\bin\Debug\BlueBrick.UI.Tests.dll" adapterTypeName="executor://mstestadapter/v2" className="BlueBrick.UI.Tests.Agent.ProtectedRouteIngressTests" name="ProtectedRouteIngress_PersistsImmutableCorrelatedPair_AndPassesGateNormalizedRequestToContinuation" />
    </UnitTest>
    <UnitTest name="AssistantToolPolicy_Blocks_PDM_Route_Alias_In_ToolName" storage="c:\users\cweir\documents\github\vira github\bluebrick\bluebrick.ui.tests\bin\debug\bluebrick.ui.tests.dll" id="0bb19d8a-dc06-f005-720d-f8b179b3b898">
      <Execution id="73b40e8c-82d2-4516-b682-4b95b946f8c5" />
      <TestMethod codeBase="C:\Users\cweir\Documents\GitHub\VIRA GITHUB\Bluebrick\BlueBrick.UI.Tests\bin\Debug\BlueBrick.UI.Tests.dll" adapterTypeName="executor://mstestadapter/v2" className="BlueBrick.UI.Tests.LabWorkspaceTests" name="AssistantToolPolicy_Blocks_PDM_Route_Alias_In_ToolName" />
    </UnitTest>
    <UnitTest name="SafeDefaultDoesNotApproveOrAttach" storage="c:\users\cweir\documents\github\vira github\bluebrick\bluebrick.ui.tests\bin\debug\bluebrick.ui.tests.dll" id="8c14e1d0-8dd6-9ca7-7d45-526fae3d3838">
      <Execution id="27c9979a-5679-47dc-a5a1-8c9166a84f86" />
      <TestMethod codeBase="C:\Users\cweir\Documents\GitHub\VIRA GITHUB\Bluebrick\BlueBrick.UI.Tests\bin\Debug\BlueBrick.UI.Tests.dll" adapterTypeName="executor://mstestadapter/v2" className="BlueBrick.UI.Tests.Agent.ScreenshotConversationTests" name="SafeDefaultDoesNotApproveOrAttach" />
    </UnitTest>
    <UnitTest name="IntegrityScanner_ScanFile_MissingFile_ReturnsTampered" storage="c:\users\cweir\documents\github\vira github\bluebrick\bluebrick.ui.tests\bin\debug\bluebrick.ui.tests.dll" id="d4d6a190-a213-d851-f486-ce9df7830c45">
      <Execution id="677f3d0b-b193-4762-a1f6-4ea548a246d5" />
      <TestMethod codeBase="C:\Users\cweir\Documents\GitHub\VIRA GITHUB\Bluebrick\BlueBrick.UI.Tests\bin\Debug\BlueBrick.UI.Tests.dll" adapterTypeName="executor://mstestadapter/v2" className="BlueBrick.UI.Tests.Agent.AssistantIntegrityScannerTests" name="IntegrityScanner_ScanFile_MissingFile_ReturnsTampered" />
    </UnitTest>
    <UnitTest name="MissingProviderKeyBindingNeverFallsBackToOpenAiCredential" storage="c:\users\cweir\documents\github\vira github\bluebrick\bluebrick.ui.tests\bin\debug\bluebrick.ui.tests.dll" id="1f67fc4f-86ae-c41d-6055-d3934ed4dbec">
      <Execution id="f3990cea-295f-4ea6-8550-1915ea7d7e3b" />
      <TestMethod codeBase="C:\Users\cweir\Documents\GitHub\VIRA GITHUB\Bluebrick\BlueBrick.UI.Tests\bin\Debug\BlueBrick.UI.Tests.dll" adapterTypeName="executor://mstestadapter/v2" className="BlueBrick.UI.Tests.Agent.RecoveryContractTests" name="MissingProviderKeyBindingNeverFallsBackToOpenAiCredential" />
    </UnitTest>
    <UnitTest name="ImagesNeverReceiveMockSuccessWhenCredentialsMissing" storage="c:\users\cweir\documents\github\vira github\bluebrick\bluebrick.ui.tests\bin\debug\bluebrick.ui.tests.dll" id="57dc0a89-ec01-82b1-5b61-501211eb787d">
      <Execution id="71622e16-49e7-406d-a467-32661009b5b2" />
      <TestMethod codeBase="C:\Users\cweir\Documents\GitHub\VIRA GITHUB\Bluebrick\BlueBrick.UI.Tests\bin\Debug\BlueBrick.UI.Tests.dll" adapterTypeName="executor://mstestadapter/v2" className="BlueBrick.UI.Tests.Agent.VisionRoutingTests" name="ImagesNeverReceiveMockSuccessWhenCredentialsMissing" />
    </UnitTest>
    <UnitTest name="AssistantToolPolicy_Blocks_Destructive_Lab_Route_Alias" storage="c:\users\cweir\documents\github\vira github\bluebrick\bluebrick.ui.tests\bin\debug\bluebrick.ui.tests.dll" id="491be85b-7314-b669-07c6-bc56c71393f5">
      <Execution id="17f90dbc-18d9-4135-b27e-5922e5ef68e3" />
      <TestMethod codeBase="C:\Users\cweir\Documents\GitHub\VIRA GITHUB\Bluebrick\BlueBrick.UI.Tests\bin\Debug\BlueBrick.UI.Tests.dll" adapterTypeName="executor://mstestadapter/v2" className="BlueBrick.UI.Tests.LabWorkspaceTests" name="AssistantToolPolicy_Blocks_Destructive_Lab_Route_Alias" />
    </UnitTest>
    <UnitTest name="InjectionGuard_FixtureCount_MatchesExpected" storage="c:\users\cweir\documents\github\vira github\bluebrick\bluebrick.ui.tests\bin\debug\bluebrick.ui.tests.dll" id="d92cf998-bc6e-1d37-ee66-a54175a448a5">
      <Execution id="2e98544b-5b40-478a-b993-d5d19d8e1357" />
      <TestMethod codeBase="C:\Users\cweir\Documents\GitHub\VIRA GITHUB\Bluebrick\BlueBrick.UI.Tests\bin\Debug\BlueBrick.UI.Tests.dll" adapterTypeName="executor://mstestadapter/v2" className="BlueBrick.UI.Tests.Agent.AssistantInjectionGuardTests" name="InjectionGuard_FixtureCount_MatchesExpected" />
    </UnitTest>
    <UnitTest name="InjectionGuard_HiddenTextInjection_Denied" storage="c:\users\cweir\documents\github\vira github\bluebrick\bluebrick.ui.tests\bin\debug\bluebrick.ui.tests.dll" id="b9adf17d-0596-aa31-4311-cf167e7d4a2d">
      <Execution id="fefe226a-6316-4aa1-a82c-8522e074e549" />
      <TestMethod codeBase="C:\Users\cweir\Documents\GitHub\VIRA GITHUB\Bluebrick\BlueBrick.UI.Tests\bin\Debug\BlueBrick.UI.Tests.dll" adapterTypeName="executor://mstestadapter/v2" className="BlueBrick.UI.Tests.Agent.AssistantInjectionGuardTests" name="InjectionGuard_HiddenTextInjection_Denied" />
    </UnitTest>
    <UnitTest name="ProtectedRouteIngress_AllowsOnlyStrictLocalHttpHttpsOrigins" storage="c:\users\cweir\documents\github\vira github\bluebrick\bluebrick.ui.tests\bin\debug\bluebrick.ui.tests.dll" id="bb7cc078-978b-b5bb-49ed-ee05db709532">
      <Execution id="08a66302-7c6c-489e-9eb5-a1c2587e2fc4" />
      <TestMethod codeBase="C:\Users\cweir\Documents\GitHub\VIRA GITHUB\Bluebrick\BlueBrick.UI.Tests\bin\Debug\BlueBrick.UI.Tests.dll" adapterTypeName="executor://mstestadapter/v2" className="BlueBrick.UI.Tests.Agent.ProtectedRouteIngressTests" name="ProtectedRouteIngress_AllowsOnlyStrictLocalHttpHttpsOrigins" />
    </UnitTest>
    <UnitTest name="InjectionGuard_VerifyNotBlocked_ThrowsOnDeny" storage="c:\users\cweir\documents\github\vira github\bluebrick\bluebrick.ui.tests\bin\debug\bluebrick.ui.tests.dll" id="b3ed53df-6b37-5271-145f-9ead2ffdf1cd">
      <Execution id="c9948899-b86c-4ba8-a20a-9bee19f8437d" />
      <TestMethod codeBase="C:\Users\cweir\Documents\GitHub\VIRA GITHUB\Bluebrick\BlueBrick.UI.Tests\bin\Debug\BlueBrick.UI.Tests.dll" adapterTypeName="executor://mstestadapter/v2" className="BlueBrick.UI.Tests.Agent.AssistantInjectionGuardTests" name="InjectionGuard_VerifyNotBlocked_ThrowsOnDeny" />
    </UnitTest>
    <UnitTest name="IntegrityScanner_ScanFile_ReturnsHashAndSize" storage="c:\users\cweir\documents\github\vira github\bluebrick\bluebrick.ui.tests\bin\debug\bluebrick.ui.tests.dll" id="d8abfc90-852a-74eb-dc86-d0ddb68da8eb">
      <Execution id="4aae0641-3e95-4fcf-92a1-64cc88ad7c49" />
      <TestMethod codeBase="C:\Users\cweir\Documents\GitHub\VIRA GITHUB\Bluebrick\BlueBrick.UI.Tests\bin\Debug\BlueBrick.UI.Tests.dll" adapterTypeName="executor://mstestadapter/v2" className="BlueBrick.UI.Tests.Agent.AssistantIntegrityScannerTests" name="IntegrityScanner_ScanFile_ReturnsHashAndSize" />
    </UnitTest>
    <UnitTest name="AssistantToolService_ScopeMismatch_Blocks_Search_Wrapper_Without_Pdm_Call" storage="c:\users\cweir\documents\github\vira github\bluebrick\bluebrick.ui.tests\bin\debug\bluebrick.ui.tests.dll" id="7e402b6b-07f8-717f-5069-cbc2bcdfd273">
      <Execution id="cd8ca444-c525-4a88-ba99-7bf70f6c64a1" />
      <TestMethod codeBase="C:\Users\cweir\Documents\GitHub\VIRA GITHUB\Bluebrick\BlueBrick.UI.Tests\bin\Debug\BlueBrick.UI.Tests.dll" adapterTypeName="executor://mstestadapter/v2" className="BlueBrick.UI.Tests.LabWorkspaceTests" name="AssistantToolService_ScopeMismatch_Blocks_Search_Wrapper_Without_Pdm_Call" />
    </UnitTest>
    <UnitTest name="TraversalIsRejectedBySessionStore" storage="c:\users\cweir\documents\github\vira github\bluebrick\bluebrick.ui.tests\bin\debug\bluebrick.ui.tests.dll" id="a2a2125d-942b-6def-5a60-a1246899d262">
      <Execution id="0ddc53c1-edc2-48af-8d7f-e5ceb40abb9a" />
      <TestMethod codeBase="C:\Users\cweir\Documents\GitHub\VIRA GITHUB\Bluebrick\BlueBrick.UI.Tests\bin\Debug\BlueBrick.UI.Tests.dll" adapterTypeName="executor://mstestadapter/v2" className="BlueBrick.UI.Tests.Agent.ScreenshotConversationTests" name="TraversalIsRejectedBySessionStore" />
    </UnitTest>
    <UnitTest name="AssistantToolService_Catalog_Separates_Local_Search_From_Risky_Connectors" storage="c:\users\cweir\documents\github\vira github\bluebrick\bluebrick.ui.tests\bin\debug\bluebrick.ui.tests.dll" id="7c1a945e-8acb-81ac-f8f5-15662f60ec37">
      <Execution id="394f7db6-9af6-4459-8e2a-9d32d4bd00ec" />
      <TestMethod codeBase="C:\Users\cweir\Documents\GitHub\VIRA GITHUB\Bluebrick\BlueBrick.UI.Tests\bin\Debug\BlueBrick.UI.Tests.dll" adapterTypeName="executor://mstestadapter/v2" className="BlueBrick.UI.Tests.LabWorkspaceTests" name="AssistantToolService_Catalog_Separates_Local_Search_From_Risky_Connectors" />
    </UnitTest>
    <UnitTest name="AutoApprovalIsPersistedThenAttachedByIdentity" storage="c:\users\cweir\documents\github\vira github\bluebrick\bluebrick.ui.tests\bin\debug\bluebrick.ui.tests.dll" id="aa988216-0aa2-71b0-ba3f-195f52f9dbf9">
      <Execution id="44dfabde-c88c-4c21-86a5-0d128962b52d" />
      <TestMethod codeBase="C:\Users\cweir\Documents\GitHub\VIRA GITHUB\Bluebrick\BlueBrick.UI.Tests\bin\Debug\BlueBrick.UI.Tests.dll" adapterTypeName="executor://mstestadapter/v2" className="BlueBrick.UI.Tests.Agent.ScreenshotConversationTests" name="AutoApprovalIsPersistedThenAttachedByIdentity" />
    </UnitTest>
[...]
    </UnitTest>
    <UnitTest name="StaleMessageSaveCannotResurrectDetachedScreenshot" storage="c:\users\cweir\documents\github\vira github\bluebrick\bluebrick.ui.tests\bin\debug\bluebrick.ui.tests.dll" id="988b008f-eb23-128e-bccc-996fca99bdf2">
      <Execution id="26e9c693-6324-40da-9a7a-3c22982dbe99" />
      <TestMethod codeBase="C:\Users\cweir\Documents\GitHub\VIRA GITHUB\Bluebrick\BlueBrick.UI.Tests\bin\Debug\BlueBrick.UI.Tests.dll" adapterTypeName="executor://mstestadapter/v2" className="BlueBrick.UI.Tests.Agent.ScreenshotConversationTests" name="StaleMessageSaveCannotResurrectDetachedScreenshot" />
    </UnitTest>
    <UnitTest name="AssistantToolAvailabilitySummary_Counts_Enabled_And_Search_Tools" storage="c:\users\cweir\documents\github\vira github\bluebrick\bluebrick.ui.tests\bin\debug\bluebrick.ui.tests.dll" id="b44f6d47-9513-aecf-8d02-871780f451a0">
      <Execution id="e5df0074-8437-483f-a001-9db09f9c1f73" />
      <TestMethod codeBase="C:\Users\cweir\Documents\GitHub\VIRA GITHUB\Bluebrick\BlueBrick.UI.Tests\bin\Debug\BlueBrick.UI.Tests.dll" adapterTypeName="executor://mstestadapter/v2" className="BlueBrick.UI.Tests.LabWorkspaceTests" name="AssistantToolAvailabilitySummary_Counts_Enabled_And_Search_Tools" />
    </UnitTest>
    <UnitTest name="AssistantToolPolicy_Blocks_Cad_Pdm_And_Destructive_Lab_Routes_From_Assistant" storage="c:\users\cweir\documents\github\vira github\bluebrick\bluebrick.ui.tests\bin\debug\bluebrick.ui.tests.dll" id="b08af28f-1ad2-b3fc-5f3e-39af4048b6d2">
      <Execution id="d968c9aa-fd39-40fc-82b0-b5c488e8a28e" />
      <TestMethod codeBase="C:\Users\cweir\Documents\GitHub\VIRA GITHUB\Bluebrick\BlueBrick.UI.Tests\bin\Debug\BlueBrick.UI.Tests.dll" adapterTypeName="executor://mstestadapter/v2" className="BlueBrick.UI.Tests.LabWorkspaceTests" name="AssistantToolPolicy_Blocks_Cad_Pdm_And_Destructive_Lab_Routes_From_Assistant" />
    </UnitTest>
    <UnitTest name="ProtectedRouteIngress_NormalizesOneDecodeSeparatorVariants_AndFailsClosedForAmbiguousPaths" storage="c:\users\cweir\documents\github\vira github\bluebrick\bluebrick.ui.tests\bin\debug\bluebrick.ui.tests.dll" id="6ad7b957-4455-4dcb-28de-5653cad40ec3">
      <Execution id="4846da96-d57a-4193-9151-61f6e5dccb5a" />
      <TestMethod codeBase="C:\Users\cweir\Documents\GitHub\VIRA GITHUB\Bluebrick\BlueBrick.UI.Tests\bin\Debug\BlueBrick.UI.Tests.dll" adapterTypeName="executor://mstestadapter/v2" className="BlueBrick.UI.Tests.Agent.ProtectedRouteIngressTests" name="ProtectedRouteIngress_NormalizesOneDecodeSeparatorVariants_AndFailsClosedForAmbiguousPaths" />
    </UnitTest>
    <UnitTest name="ChangedImageCannotUseOldConsent" storage="c:\users\cweir\documents\github\vira github\bluebrick\bluebrick.ui.tests\bin\debug\bluebrick.ui.tests.dll" id="458ecfd1-9c78-644e-a524-315638a06da6">
      <Execution id="255aad67-b39d-4033-b850-7964d5eb66b9" />
      <TestMethod codeBase="C:\Users\cweir\Documents\GitHub\VIRA GITHUB\Bluebrick\BlueBrick.UI.Tests\bin\Debug\BlueBrick.UI.Tests.dll" adapterTypeName="executor://mstestadapter/v2" className="BlueBrick.UI.Tests.Agent.RecoveryContractTests" name="ChangedImageCannotUseOldConsent" />
    </UnitTest>
    <UnitTest name="AssistantToolService_Creates_Screenshot_Review_Report_From_Metadata" storage="c:\users\cweir\documents\github\vira github\bluebrick\bluebrick.ui.tests\bin\debug\bluebrick.ui.tests.dll" id="3fd6121e-2010-5e29-518e-04e5b92537f8">
      <Execution id="4c1c47f7-272f-4b49-a198-d82190103eba" />
      <TestMethod codeBase="C:\Users\cweir\Documents\GitHub\VIRA GITHUB\Bluebrick\BlueBrick.UI.Tests\bin\Debug\BlueBrick.UI.Tests.dll" adapterTypeName="executor://mstestadapter/v2" className="BlueBrick.UI.Tests.LabWorkspaceTests" name="AssistantToolService_Creates_Screenshot_Review_Report_From_Metadata" />
    </UnitTest>
    <UnitTest name="AssistantToolService_Unknown_Tool_Returns_Unsupported" storage="c:\users\cweir\documents\github\vira github\bluebrick\bluebrick.ui.tests\bin\debug\bluebrick.ui.tests.dll" id="6d11c4f5-a828-c81a-569e-cf7194a660b1">
      <Execution id="3bd3b0b2-64c8-4f90-8e31-8fccf131c5a7" />
      <TestMethod codeBase="C:\Users\cweir\Documents\GitHub\VIRA GITHUB\Bluebrick\BlueBrick.UI.Tests\bin\Debug\BlueBrick.UI.Tests.dll" adapterTypeName="executor://mstestadapter/v2" className="BlueBrick.UI.Tests.LabWorkspaceTests" name="AssistantToolService_Unknown_Tool_Returns_Unsupported" />
    </UnitTest>
  </TestDefinitions>
  <TestEntries>
    <TestEntry testId="0bb19d8a-dc06-f005-720d-f8b179b3b898" executionId="73b40e8c-82d2-4516-b682-4b95b946f8c5" testListId="8c84fa94-04c1-424b-9868-57a2d4851a1d" />
    <TestEntry testId="2307190c-b70e-fce8-7b56-992187952fb7" executionId="5652f380-38cd-45a3-9bfc-0ca26bf5add7" testListId="8c84fa94-04c1-424b-9868-57a2d4851a1d" />
    <TestEntry testId="dfa29f5d-9df0-d795-b9ad-4e511103acac" executionId="1afbdc54-8c01-4bd8-884b-2a8b4d9e3056" testListId="8c84fa94-04c1-424b-9868-57a2d4851a1d" />
    <TestEntry testId="2a71812c-c98a-61e5-9d9c-1feaa750a60b" executionId="a67873f9-bee1-4aed-8160-3a8c211c243f" testListId="8c84fa94-04c1-424b-9868-57a2d4851a1d" />
    <TestEntry testId="e1996c2c-2fa2-f19d-c9ec-5644444ddec0" executionId="14bf992d-a167-48e2-bbaf-f714ab2ab18e" testListId="8c84fa94-04c1-424b-9868-57a2d4851a1d" />
    <TestEntry testId="08f9f7e2-ff1a-1b14-0853-5ddf43730d38" executionId="551ab3d8-5d1c-4a0c-82fb-4313db9bf9f1" testListId="8c84fa94-04c1-424b-9868-57a2d4851a1d" />
    <TestEntry testId="b9adf17d-0596-aa31-4311-cf167e7d4a2d" executionId="fefe226a-6316-4aa1-a82c-8522e074e549" testListId="8c84fa94-04c1-424b-9868-57a2d4851a1d" />
    <TestEntry testId="6267a013-e816-0a1f-e079-db24c68432a0" executionId="51d239e5-c597-4179-a430-60b56f6801f8" testListId="8c84fa94-04c1-424b-9868-57a2d4851a1d" />
    <TestEntry testId="d4d6a190-a213-d851-f486-ce9df7830c45" executionId="677f3d0b-b193-4762-a1f6-4ea548a246d5" testListId="8c84fa94-04c1-424b-9868-57a2d4851a1d" />
    <TestEntry testId="30ca6946-bf51-d2c1-8d94-2b000ea3cbf1" executionId="1b634554-f0a5-4bdb-9955-8e6f1e7b0498" testListId="8c84fa94-04c1-424b-9868-57a2d4851a1d" />
    <TestEntry testId="59213db0-af12-76a9-16ee-df8bb8106eb3" executionId="62df1256-1f5c-40fb-a6a2-0feaa1434df7" testListId="8c84fa94-04c1-424b-9868-57a2d4851a1d" />
    <TestEntry testId="24d20eee-4f61-1138-bd51-6076bb0ffc0e" executionId="20416621-6b21-4183-81f9-73f01d2dfbed" testListId="8c84fa94-04c1-424b-9868-57a2d4851a1d" />
    <TestEntry testId="3beb492a-045f-c075-8020-d90aa5fa56e3" executionId="487afc55-bd8b-4df1-a0c5-21634ff29e04" testListId="8c84fa94-04c1-424b-9868-57a2d4851a1d" />
    <TestEntry testId="ee6bd460-aebe-a746-f679-f050f4799290" executionId="0d195564-cfce-4b02-a4d5-74966a4e0de0" testListId="8c84fa94-04c1-424b-9868-57a2d4851a1d" />
    <TestEntry testId="1217e73c-6fcf-d514-548e-9f84f57ec473" executionId="eb58be86-6278-4b00-b5ca-b8e5c099ba55" testListId="8c84fa94-04c1-424b-9868-57a2d4851a1d" />
    <TestEntry testId="792ec124-e96f-d70e-dc90-15e2ed98cd07" executionId="57612830-a2fe-4322-a041-73a32786534b" testListId="8c84fa94-04c1-424b-9868-57a2d4851a1d" />
    <TestEntry testId="cda096c4-082b-ab85-3a6d-0bb9cde874f2" executionId="f8e3070d-1824-4aa5-9970-77491d2f51f8" testListId="8c84fa94-04c1-424b-9868-57a2d4851a1d" />
    <TestEntry testId="0a28a6a0-4836-ee7e-f1c7-6755f219f751" executionId="93ef77ad-3fa5-41ec-a787-c1a8776cdb54" testListId="8c84fa94-04c1-424b-9868-57a2d4851a1d" />
    <TestEntry testId="597414b0-3360-3242-12ed-08253b886e3c" executionId="9cf9c492-9981-442f-a5a7-b828b3fc06f9" testListId="8c84fa94-04c1-424b-9868-57a2d4851a1d" />
    <TestEntry testId="b08af28f-1ad2-b3fc-5f3e-39af4048b6d2" executionId="d968c9aa-fd39-40fc-82b0-b5c488e8a28e" testListId="8c84fa94-04c1-424b-9868-57a2d4851a1d" />
    <TestEntry testId="7698fa33-56ca-ba5b-6b75-68d310f2635f" executionId="fe8884ef-88e9-4ef5-a84f-02a1bd11d94a" testListId="8c84fa94-04c1-424b-9868-57a2d4851a1d" />
    <TestEntry testId="27e9a215-fe7f-3e6a-a4c8-51859c1e19b5" executionId="2b2711ff-82a8-4ca4-ab33-b21dc465f25c" testListId="8c84fa94-04c1-424b-9868-57a2d4851a1d" />
    <TestEntry testId="e16cdb71-48d5-8690-07cb-fcda753faef4" executionId="3ab4813f-d863-4799-ab76-def927d482b1" testListId="8c84fa94-04c1-424b-9868-57a2d4851a1d" />
    <TestEntry testId="b315cdda-72d0-6de2-eb6f-07c588f193d0" executionId="e43650ed-7f4a-4ccc-8b7e-596f8b134b1b" testListId="8c84fa94-04c1-424b-9868-57a2d4851a1d" />
    <TestEntry testId="6d11c4f5-a828-c81a-569e-cf7194a660b1" executionId="3bd3b0b2-64c8-4f90-8e31-8fccf131c5a7" testListId="8c84fa94-04c1-424b-9868-57a2d4851a1d" />
    <TestEntry testId="1f67fc4f-86ae-c41d-6055-d3934ed4dbec" executionId="f3990cea-295f-4ea6-8550-1915ea7d7e3b" testListId="8c84fa94-04c1-424b-9868-57a2d4851a1d" />
    <TestEntry testId="56c55836-bd0e-70f7-0f35-32f919cb7c02" executionId="0e92a99f-042f-434a-b391-ceda8883e740" testListId="8c84fa94-04c1-424b-9868-57a2d4851a1d" />
    <TestEntry testId="ba6777b2-2636-ef93-d37c-0b774ba772ad" executionId="6c074bf2-47f1-431e-a9f5-ad67545e331a" testListId="8c84fa94-04c1-424b-9868-57a2d4851a1d" />
    <TestEntry testId="491be85b-7314-b669-07c6-bc56c71393f5" executionId="17f90dbc-18d9-4135-b27e-5922e5ef68e3" testListId="8c84fa94-04c1-424b-9868-57a2d4851a1d" />
    <TestEntry testId="6f1f9c0e-08b2-1711-0963-66592612c540" executionId="4f30dfe8-7fd8-45dc-a073-03e0794c9d45" testListId="8c84fa94-04c1-424b-9868-57a2d4851a1d" />
    <TestEntry testId="2261a20e-f9e2-77c9-42f8-0275b88dcb0a" executionId="356ece78-53da-4979-b211-9c3f516ca39a" testListId="8c84fa94-04c1-424b-9868-57a2d4851a1d" />
    <TestEntry testId="8c14e1d0-8dd6-9ca7-7d45-526fae3d3838" executionId="27c9979a-5679-47dc-a5a1-8c9166a84f86" testListId="8c84fa94-04c1-424b-9868-57a2d4851a1d" />
    <TestEntry testId="08d909b3-e7bf-f292-03eb-a9153ef19ceb" executionId="d1b2526c-206d-4c0c-a7c4-b23f4f0a97a0" testListId="8c84fa94-04c1-424b-9868-57a2d4851a1d" />
    <TestEntry testId="57dc0a89-ec01-82b1-5b61-501211eb787d" executionId="71622e16-49e7-406d-a467-32661009b5b2" testListId="8c84fa94-04c1-424b-9868-57a2d4851a1d" />
    <TestEntry testId="68a75e65-558a-56fa-ca4f-77df881bbb34" executionId="539ef93f-efeb-4c26-8393-d0480c402042" testListId="8c84fa94-04c1-424b-9868-57a2d4851a1d" />
    <TestEntry testId="a87fc4cb-91ec-a1e5-dac4-03b016996bbd" executionId="221817d4-e49f-41bf-b0fc-9c8de7bb603a" testListId="8c84fa94-04c1-424b-9868-57a2d4851a1d" />
    <TestEntry testId="eb7dfb59-6184-3807-b859-1b11f2162b1c" executionId="5fc5106d-54c6-460e-92b9-dfe7d0323906" testListId="8c84fa94-04c1-424b-9868-57a2d4851a1d" />
    <TestEntry testId="bb7cc078-978b-b5bb-49ed-ee05db709532" executionId="08a66302-7c6c-489e-9eb5-a1c2587e2fc4" testListId="8c84fa94-04c1-424b-9868-57a2d4851a1d" />
    <TestEntry testId="13f1e207-747e-677c-19be-6065f048ad17" executionId="5fa5aafa-7bac-4459-a005-dac457d9c6ae" testListId="8c84fa94-04c1-424b-9868-57a2d4851a1d" />
    <TestEntry testId="bae549f6-2fcc-a6f6-97dd-c07ecbfcb55b" executionId="0b9b7d10-f5d4-4840-a511-58c09da4c2ec" testListId="8c84fa94-04c1-424b-9868-57a2d4851a1d" />
    <TestEntry testId="458ecfd1-9c78-644e-a524-315638a06da6" executionId="255aad67-b39d-4033-b850-7964d5eb66b9" testListId="8c84fa94-04c1-424b-9868-57a2d4851a1d" />
    <TestEntry testId="c80f8712-7c2d-47cd-7bf6-8578beb1cd2b" executionId="49e59208-2991-4544-8458-b79fe31814a1" testListId="8c84fa94-04c1-424b-9868-57a2d4851a1d" />
    <TestEntry testId="09a172c5-d340-ce0a-5170-7f29e632558b" executionId="aa735f74-5328-4c09-a56e-c62257aca31a" testListId="8c84fa94-04c1-424b-9868-57a2d4851a1d" />
    <TestEntry testId="9bb26233-4ea8-4d70-5e52-3dc6e962df8b" executionId="2a87cbcd-2d04-460b-8c78-46711a639822" testListId="8c84fa94-04c1-424b-9868-57a2d4851a1d" />
    <TestEntry testId="ac856a8c-911e-f009-c266-5cd0ec756f5b" executionId="1a709f55-3367-4fe1-9825-e7c84537cca4" testListId="8c84fa94-04c1-424b-9868-57a2d4851a1d" />
    <TestEntry testId="68bd8afa-508d-5bdb-f3b9-013eabe06a54" executionId="91a8d737-fb1a-42c9-85f1-efcba6bbd557" testListId="8c84fa94-04c1-424b-9868-57a2d4851a1d" />
    <TestEntry testId="1d486da1-d05b-aa9c-d41c-499bf6a254b7" executionId="068f6f3c-38a0-49f8-88ab-bf7d55e0067f" testListId="8c84fa94-04c1-424b-9868-57a2d4851a1d" />
    <TestEntry testId="dc076650-7f65-abbb-9822-3c224a98ce1a" executionId="1dd962dd-be67-4c40-97ec-bfbf1da610eb" testListId="8c84fa94-04c1-424b-9868-57a2d4851a1d" />
    <TestEntry testId="b61a5f1f-ce30-2765-658a-1cf46041ea01" executionId="d4bb674c-6639-4a35-ab23-ddf63ab0081c" testListId="8c84fa94-04c1-424b-9868-57a2d4851a1d" />
    <TestEntry testId="7ec727f5-373c-7cbf-b73b-63cf026672ec" executionId="283f87a6-2512-4cd8-b8b3-e6e4f341ebe5" testListId="8c84fa94-04c1-424b-9868-57a2d4851a1d" />
    <TestEntry testId="351758ef-22b3-9975-9346-799a92002705" executionId="f0a8732c-c10c-4d2c-aa5e-4eac8f1c9a66" testListId="8c84fa94-04c1-424b-9868-57a2d4851a1d" />
    <TestEntry testId="9028d8ea-dcf0-4f36-dc51-6a4c7495562f" executionId="31aab656-343a-47b4-afc4-29dfc5261ba5" testListId="8c84fa94-04c1-424b-9868-57a2d4851a1d" />
    <TestEntry testId="9041a505-7b4a-c902-0f06-4c2f314189d6" executionId="5c8badc9-1089-4836-a997-f71b993593d3" testListId="8c84fa94-04c1-424b-9868-57a2d4851a1d" />
    <TestEntry testId="7afea449-13e0-84b1-94f0-b6a6eb7a928a" executionId="3f88fa34-b131-4b3a-9c56-0e287d805996" testListId="8c84fa94-04c1-424b-9868-57a2d4851a1d" />
    <TestEntry testId="6e8c9aed-7e51-b808-c615-ef0ef2abbb3b" executionId="c1396629-79f5-4ca5-87ed-451330b9d566" testListId="8c84fa94-04c1-424b-9868-57a2d4851a1d" />
    <TestEntry testId="a8841a37-b325-763f-3648-dce4b8bb8b65" executionId="454c0d74-71e6-41ba-9c2b-f465cbbc4913" testListId="8c84fa94-04c1-424b-9868-57a2d4851a1d" />
    <TestEntry testId="3fd6121e-2010-5e29-518e-04e5b92537f8" executionId="4c1c47f7-272f-4b49-a198-d82190103eba" testListId="8c84fa94-04c1-424b-9868-57a2d4851a1d" />
    <TestEntry testId="7e402b6b-07f8-717f-5069-cbc2bcdfd273" executionId="cd8ca444-c525-4a88-ba99-7bf70f6c64a1" testListId="8c84fa94-04c1-424b-9868-57a2d4851a1d" />
    <TestEntry testId="ac42c531-cc19-cceb-daed-1c4619b4411f" executionId="a10df18e-11a0-445c-b370-dba087431e8b" testListId="8c84fa94-04c1-424b-9868-57a2d4851a1d" />
    <TestEntry testId="30b34e10-a5de-724b-e192-494693061401" executionId="840d7771-eec3-4ea3-b7fb-1a24006b2aca" testListId="8c84fa94-04c1-424b-9868-57a2d4851a1d" />
    <TestEntry testId="d8abfc90-852a-74eb-dc86-d0ddb68da8eb" executionId="4aae0641-3e95-4fcf-92a1-64cc88ad7c49" testListId="8c84fa94-04c1-424b-9868-57a2d4851a1d" />
    <TestEntry testId="6ad7b957-4455-4dcb-28de-5653cad40ec3" executionId="4846da96-d57a-4193-9151-61f6e5dccb5a" testListId="8c84fa94-04c1-424b-9868-57a2d4851a1d" />
    <TestEntry testId="5210a73b-1f0e-8a7e-61ea-fb450b88b02f" executionId="c6828f39-be55-45e3-b18b-802790b70bbe" testListId="8c84fa94-04c1-424b-9868-57a2d4851a1d" />
    <TestEntry testId="988b008f-eb23-128e-bccc-996fca99bdf2" executionId="26e9c693-6324-40da-9a7a-3c22982dbe99" testListId="8c84fa94-04c1-424b-9868-57a2d4851a1d" />
    <TestEntry testId="b3ed53df-6b37-5271-145f-9ead2ffdf1cd" executionId="c9948899-b86c-4ba8-a20a-9bee19f8437d" testListId="8c84fa94-04c1-424b-9868-57a2d4851a1d" />
    <TestEntry testId="d7d44ed5-afcc-12ce-8e86-25fa0c5a3abf" executionId="c36bf542-2d6b-45e3-84d0-a6750a8660df" testListId="8c84fa94-04c1-424b-9868-57a2d4851a1d" />
    <TestEntry testId="fef3ade2-8e1b-b614-2ed1-cf46dc6d245c" executionId="84c373b9-a99c-4c1e-b6b7-934684647112" testListId="8c84fa94-04c1-424b-9868-57a2d4851a1d" />
    <TestEntry testId="c5398826-d9cb-e2bc-170a-2951725ca9a3" executionId="b91c85c8-c769-473e-a73c-a219d0d78225" testListId="8c84fa94-04c1-424b-9868-57a2d4851a1d" />
    <TestEntry testId="b46aefc6-73b1-284e-48c0-2a8495155484" executionId="bf940555-a1cb-47d4-ade4-2d9efe9ef95f" testListId="8c84fa94-04c1-424b-9868-57a2d4851a1d" />
    <TestEntry testId="b44f6d47-9513-aecf-8d02-871780f451a0" executionId="e5df0074-8437-483f-a001-9db09f9c1f73" testListId="8c84fa94-04c1-424b-9868-57a2d4851a1d" />
    <TestEntry testId="be5cefee-11e2-451f-fd82-d902a915a67d" executionId="4e83c69a-7ea7-4c9d-9499-5be3e9863fdb" testListId="8c84fa94-04c1-424b-9868-57a2d4851a1d" />
    <TestEntry testId="431a826e-5d1d-ba55-c025-0620f33b752c" executionId="f8f33b15-db15-4e1c-89aa-20687c65c8f9" testListId="8c84fa94-04c1-424b-9868-57a2d4851a1d" />
    <TestEntry testId="92c590dc-b94c-d4ea-519a-ea867691b824" executionId="788a404b-620e-4c33-9a3f-ab5fcfb41f07" testListId="8c84fa94-04c1-424b-9868-57a2d4851a1d" />
    <TestEntry testId="af80e14c-bcac-8d73-b115-1f84410d5518" executionId="af803d64-dee0-4812-965c-3ab4f434512e" testListId="8c84fa94-04c1-424b-9868-57a2d4851a1d" />
    <TestEntry testId="83959559-aa86-fe85-4af5-4fba5ebe9dc8" executionId="7e22182f-63bb-4e15-9b6a-98a550dc9706" testListId="8c84fa94-04c1-424b-9868-57a2d4851a1d" />
    <TestEntry testId="cc4da3e7-4bfa-6e54-81ac-78079a99158e" executionId="bdd37008-5fbe-4ebe-bd6c-bb9522f0f658" testListId="8c84fa94-04c1-424b-9868-57a2d4851a1d" />
    <TestEntry testId="fdc125d4-bfe3-5a52-ea3b-0e4029934d28" executionId="90fdc843-f849-4bd7-bd06-c12a0e3fb328" testListId="8c84fa94-04c1-424b-9868-57a2d4851a1d" />
    <TestEntry testId="145163e2-abb7-0b81-9c1c-5c83271f5232" executionId="1c2715fc-0b59-4c71-93e6-437c90b853fc" testListId="8c84fa94-04c1-424b-9868-57a2d4851a1d" />
    <TestEntry testId="955ab6f4-bc04-3c68-3935-afb601d0c46c" executionId="f9499d47-6552-45fa-a9d0-c648d726dbb3" testListId="8c84fa94-04c1-424b-9868-57a2d4851a1d" />
    <TestEntry testId="2162a71e-796c-0656-1f0b-cf3e47e70626" executionId="ee46a7ca-c2f1-450d-bed9-87ccaa75e01c" testListId="8c84fa94-04c1-424b-9868-57a2d4851a1d" />
    <TestEntry testId="3863d75f-0a7c-39e2-2184-d2731b056c3d" executionId="4e1ce728-5d87-4b78-a6d9-977c5935fd55" testListId="8c84fa94-04c1-424b-9868-57a2d4851a1d" />
    <TestEntry testId="b2504d4d-3436-edb6-ae9d-efc148615a18" executionId="93d870c8-dd15-4566-a356-0d916920012f" testListId="8c84fa94-04c1-424b-9868-57a2d4851a1d" />
    <TestEntry testId="aa988216-0aa2-71b0-ba3f-195f52f9dbf9" executionId="44dfabde-c88c-4c21-86a5-0d128962b52d" testListId="8c84fa94-04c1-424b-9868-57a2d4851a1d" />
    <TestEntry testId="e88b133d-c33e-c9b8-c43d-f251e641901b" executionId="c17859eb-75eb-4b5e-a24b-e00a24d8e884" testListId="8c84fa94-04c1-424b-9868-57a2d4851a1d" />
    <TestEntry testId="d92cf998-bc6e-1d37-ee66-a54175a448a5" executionId="2e98544b-5b40-478a-b993-d5d19d8e1357" testListId="8c84fa94-04c1-424b-9868-57a2d4851a1d" />
    <TestEntry testId="d3a480f0-819f-f830-fd75-84c71c72c4b0" executionId="1c5fb8c3-0a40-4898-b8e1-c9d66e570073" testListId="8c84fa94-04c1-424b-9868-57a2d4851a1d" />
    <TestEntry testId="1dece469-fea4-2322-830a-ecf3af20eac7" executionId="2a2e07f9-13d7-4969-98e7-2f3e4d591ff0" testListId="8c84fa94-04c1-424b-9868-57a2d4851a1d" />
    <TestEntry testId="e239b73d-dcb3-6b13-0e26-dc3a81f50705" executionId="7f1dc58c-415c-44f6-8ab6-ddde7e50657b" testListId="8c84fa94-04c1-424b-9868-57a2d4851a1d" />
    <TestEntry testId="7c1a945e-8acb-81ac-f8f5-15662f60ec37" executionId="394f7db6-9af6-4459-8e2a-9d32d4bd00ec" testListId="8c84fa94-04c1-424b-9868-57a2d4851a1d" />
    <TestEntry testId="14a44e5d-c2b7-5848-c56a-33d0ac5fe3e1" executionId="eb9eeb68-2829-425b-97d3-693293745be1" testListId="8c84fa94-04c1-424b-9868-57a2d4851a1d" />
    <TestEntry testId="a2a2125d-942b-6def-5a60-a1246899d262" executionId="0ddc53c1-edc2-48af-8d7f-e5ceb40abb9a" testListId="8c84fa94-04c1-424b-9868-57a2d4851a1d" />
  </TestEntries>
  <TestLists>
    <TestList name="Results Not in a List" id="8c84fa94-04c1-424b-9868-57a2d4851a1d" />
    <TestList name="All Loaded Results" id="19431567-8539-422a-85d7-44ee4e166bda" />
  </TestLists>
  <ResultSummary outcome="Completed">
    <Counters total="91" executed="91" passed="91" failed="0" error="0" timeout="0" aborted="0" inconclusive="0" passedButRunAborted="0" notRunnable="0" notExecuted="0" disconnected="0" warning="0" completed="0" inProgress="0" pending="0" />
  </ResultSummary>
</TestRun>