<?xml version="1.0" encoding="utf-8"?>
<TestRun id="e2d9deb3-a23e-4909-901b-c39fdef13c32" name="CWeir@CWEIR-LTP 2026-09-10 17:06:04" runUser="VIRA\CWeir" xmlns="http://microsoft.com/schemas/VisualStudio/TeamTest/2010">
  <Times creation="2026-09-10T17:06:04.9063111-04:00" queuing="2026-09-10T17:06:04.9063111-04:00" start="2026-09-10T17:06:03.6120096-04:00" finish="2026-09-10T17:06:06.5628800-04:00" />
  <TestSettings name="default" id="464dddd1-c75b-46f1-a44d-357ee7e1ada8">
    <Deployment runDeploymentRoot="CWeir_CWEIR-LTP_2026-09-10_17_06_04" />
  </TestSettings>
  <Results>
    <UnitTestResult executionId="2bdffcce-2dfc-456b-af4f-d2863772611e" testId="6d11c4f5-a828-c81a-569e-cf7194a660b1" testName="AssistantToolService_Unknown_Tool_Returns_Unsupported" computerName="CWEIR-LTP" duration="00:00:00.0003274" startTime="2026-09-10T17:06:04.9437280-04:00" endTime="2026-09-10T17:06:04.9447283-04:00" testType="13cdc9d9-ddb5-4fa4-a97d-d965ccfc6d4b" outcome="Passed" testListId="8c84fa94-04c1-424b-9868-57a2d4851a1d" relativeResultsDirectory="2bdffcce-2dfc-456b-af4f-d2863772611e" />
    <UnitTestResult executionId="4519014d-b79b-4541-9722-38ba6bf3d15b" testId="27e9a215-fe7f-3e6a-a4c8-51859c1e19b5" testName="DisabledAndNonTextCandidatesFailClosed" computerName="CWEIR-LTP" duration="00:00:00.0005160" startTime="2026-09-10T17:06:06.2112409-04:00" endTime="2026-09-10T17:06:06.2122435-04:00" testType="13cdc9d9-ddb5-4fa4-a97d-d965ccfc6d4b" outcome="Passed" testListId="8c84fa94-04c1-424b-9868-57a2d4851a1d" relativeResultsDirectory="4519014d-b79b-4541-9722-38ba6bf3d15b" />
    <UnitTestResult executionId="6da60629-1418-45f6-b7d0-05f8c6fbdf4c" testId="a2a2125d-942b-6def-5a60-a1246899d262" testName="TraversalIsRejectedBySessionStore" computerName="CWEIR-LTP" duration="00:00:00.0032360" startTime="2026-09-10T17:06:05.7061774-04:00" endTime="2026-09-10T17:06:05.7091768-04:00" testType="13cdc9d9-ddb5-4fa4-a97d-d965ccfc6d4b" outcome="Passed" testListId="8c84fa94-04c1-424b-9868-57a2d4851a1d" relativeResultsDirectory="6da60629-1418-45f6-b7d0-05f8c6fbdf4c" />
    <UnitTestResult executionId="6674a64e-0b39-4921-aca1-8403732bdb60" testId="0bb19d8a-dc06-f005-720d-f8b179b3b898" testName="AssistantToolPolicy_Blocks_PDM_Route_Alias_In_ToolName" computerName="CWEIR-LTP" duration="00:00:00.0006224" startTime="2026-09-10T17:06:04.9365491-04:00" endTime="2026-09-10T17:06:04.9378649-04:00" testType="13cdc9d9-ddb5-4fa4-a97d-d965ccfc6d4b" outcome="Passed" testListId="8c84fa94-04c1-424b-9868-57a2d4851a1d" relativeResultsDirectory="6674a64e-0b39-4921-aca1-8403732bdb60" />
    <UnitTestResult executionId="86b99009-f1b6-43d0-b19e-3f25b74971fe" testId="59213db0-af12-76a9-16ee-df8bb8106eb3" testName="AssistantToolService_Denies_Route_Shaped_Tool_Names" computerName="CWEIR-LTP" duration="00:00:00.0010394" startTime="2026-09-10T17:06:04.7891555-04:00" endTime="2026-09-10T17:06:04.7901557-04:00" testType="13cdc9d9-ddb5-4fa4-a97d-d965ccfc6d4b" outcome="Passed" testListId="8c84fa94-04c1-424b-9868-57a2d4851a1d" relativeResultsDirectory="86b99009-f1b6-43d0-b19e-3f25b74971fe" />
    <UnitTestResult executionId="2915bb46-acb0-4384-a221-e2069107ac50" testId="c5398826-d9cb-e2bc-170a-2951725ca9a3" testName="AssistantToolService_Denies_Forged_InProcess_Authorization" computerName="CWEIR-LTP" duration="00:00:00.0005649" startTime="2026-09-10T17:06:04.9637241-04:00" endTime="2026-09-10T17:06:04.9637241-04:00" testType="13cdc9d9-ddb5-4fa4-a97d-d965ccfc6d4b" outcome="Passed" testListId="8c84fa94-04c1-424b-9868-57a2d4851a1d" relativeResultsDirectory="2915bb46-acb0-4384-a221-e2069107ac50" />
    <UnitTestResult executionId="f0f46c98-1188-445b-8210-a33ca639492b" testId="aa988216-0aa2-71b0-ba3f-195f52f9dbf9" testName="AutoApprovalIsPersistedThenAttachedByIdentity" computerName="CWEIR-LTP" duration="00:00:00.1048824" startTime="2026-09-10T17:06:05.3625910-04:00" endTime="2026-09-10T17:06:05.4679652-04:00" testType="13cdc9d9-ddb5-4fa4-a97d-d965ccfc6d4b" outcome="Passed" testListId="8c84fa94-04c1-424b-9868-57a2d4851a1d" relativeResultsDirectory="f0f46c98-1188-445b-8210-a33ca639492b" />
    <UnitTestResult executionId="46f5e97a-8ed1-4f19-ac44-c30e1f0c2df3" testId="491be85b-7314-b669-07c6-bc56c71393f5" testName="AssistantToolPolicy_Blocks_Destructive_Lab_Route_Alias" computerName="CWEIR-LTP" duration="00:00:00.0003273" startTime="2026-09-10T17:06:04.9378649-04:00" endTime="2026-09-10T17:06:04.9386658-04:00" testType="13cdc9d9-ddb5-4fa4-a97d-d965ccfc6d4b" outcome="Passed" testListId="8c84fa94-04c1-424b-9868-57a2d4851a1d" relativeResultsDirectory="46f5e97a-8ed1-4f19-ac44-c30e1f0c2df3" />
    <UnitTestResult executionId="470850ad-d7f1-463f-9035-c4be6e7a3618" testId="ac856a8c-911e-f009-c266-5cd0ec756f5b" testName="VisionLookingNameDoesNotGrantCapability" computerName="CWEIR-LTP" duration="00:00:00.0003339" startTime="2026-09-10T17:06:06.2112409-04:00" endTime="2026-09-10T17:06:06.2112409-04:00" testType="13cdc9d9-ddb5-4fa4-a97d-d965ccfc6d4b" outcome="Passed" testListId="8c84fa94-04c1-424b-9868-57a2d4851a1d" relativeResultsDirectory="470850ad-d7f1-463f-9035-c4be6e7a3618" />
    <UnitTestResult executionId="6f79d1d9-f644-4124-ae62-f7e7918e5ec3" testId="6e8c9aed-7e51-b808-c615-ef0ef2abbb3b" testName="MalformedMissingAndFailedPersistenceNeverAcknowledgeApproval" computerName="CWEIR-LTP" duration="00:00:00.0274456" startTime="2026-09-10T17:06:05.2463424-04:00" endTime="2026-09-10T17:06:05.2740945-04:00" testType="13cdc9d9-ddb5-4fa4-a97d-d965ccfc6d4b" outcome="Passed" testListId="8c84fa94-04c1-424b-9868-57a2d4851a1d" relativeResultsDirectory="6f79d1d9-f644-4124-ae62-f7e7918e5ec3" />
    <UnitTestResult executionId="664bd931-2333-42d2-8dfc-5b2669337519" testId="3beb492a-045f-c075-8020-d90aa5fa56e3" testName="InvalidCatalogFailsClosedWithoutEchoingPayload" computerName="CWEIR-LTP" duration="00:00:00.0069654" startTime="2026-09-10T17:06:06.3026806-04:00" endTime="2026-09-10T17:06:06.3096804-04:00" testType="13cdc9d9-ddb5-4fa4-a97d-d965ccfc6d4b" outcome="Passed" testListId="8c84fa94-04c1-424b-9868-57a2d4851a1d" relativeResultsDirectory="664bd931-2333-42d2-8dfc-5b2669337519" />
    <UnitTestResult executionId="7fdb2409-8f42-4752-a982-242e9d4cc640" testId="2261a20e-f9e2-77c9-42f8-0275b88dcb0a" testName="ChangedScreenshotFailsBeforeConversationContextResolution" computerName="CWEIR-LTP" duration="00:00:00.1222251" startTime="2026-09-10T17:06:05.5831330-04:00" endTime="2026-09-10T17:06:05.7051763-04:00" testType="13cdc9d9-ddb5-4fa4-a97d-d965ccfc6d4b" outcome="Passed" testListId="8c84fa94-04c1-424b-9868-57a2d4851a1d" relativeResultsDirectory="7fdb2409-8f42-4752-a982-242e9d4cc640" />
    <UnitTestResult executionId="c22b1fa3-1103-4387-ae3b-2f008db03796" testId="fdc125d4-bfe3-5a52-ea3b-0e4029934d28" testName="AssistantToolService_Catalog_ContainsSearchLocalVault" computerName="CWEIR-LTP" duration="00:00:00.0006123" startTime="2026-09-10T17:06:04.9457260-04:00" endTime="2026-09-10T17:06:04.9457260-04:00" testType="13cdc9d9-ddb5-4fa4-a97d-d965ccfc6d4b" outcome="Passed" testListId="8c84fa94-04c1-424b-9868-57a2d4851a1d" relativeResultsDirectory="c22b1fa3-1103-4387-ae3b-2f008db03796" />
    <UnitTestResult executionId="ddec74de-3775-440a-86cf-4c44177686f9" testId="3863d75f-0a7c-39e2-2184-d2731b056c3d" testName="CaptureDuringSendSurvivesOlderSessionCompletion" computerName="CWEIR-LTP" duration="00:00:00.3006507" startTime="2026-09-10T17:06:05.7091768-04:00" endTime="2026-09-10T17:06:06.0103580-04:00" testType="13cdc9d9-ddb5-4fa4-a97d-d965ccfc6d4b" outcome="Passed" testListId="8c84fa94-04c1-424b-9868-57a2d4851a1d" relativeResultsDirectory="ddec74de-3775-440a-86cf-4c44177686f9" />
    <UnitTestResult executionId="e0a9c753-2d05-4853-9ce6-b68b0318e926" testId="7e402b6b-07f8-717f-5069-cbc2bcdfd273" testName="AssistantToolService_ScopeMismatch_Blocks_Search_Wrapper_Without_Pdm_Call" computerName="CWEIR-LTP" duration="00:00:00.0008638" startTime="2026-09-10T17:06:04.9457260-04:00" endTime="2026-09-10T17:06:04.9467251-04:00" testType="13cdc9d9-ddb5-4fa4-a97d-d965ccfc6d4b" outcome="Passed" testListId="8c84fa94-04c1-424b-9868-57a2d4851a1d" relativeResultsDirectory="e0a9c753-2d05-4853-9ce6-b68b0318e926" />
    <UnitTestResult executionId="cef61316-5739-400c-b5cb-142bd36d6a94" testId="ac42c531-cc19-cceb-daed-1c4619b4411f" testName="MissingConversationCannotBecomeAnAttachment" computerName="CWEIR-LTP" duration="00:00:00.0450159" startTime="2026-09-10T17:06:05.5372239-04:00" endTime="2026-09-10T17:06:05.5831330-04:00" testType="13cdc9d9-ddb5-4fa4-a97d-d965ccfc6d4b" outcome="Passed" testListId="8c84fa94-04c1-424b-9868-57a2d4851a1d" relativeResultsDirectory="cef61316-5739-400c-b5cb-142bd36d6a94" />
    <UnitTestResult executionId="aef88d17-a367-4f4d-b907-ff0f259eecb4" testId="0a28a6a0-4836-ee7e-f1c7-6755f219f751" testName="InvalidNestedValueFailsAndEmptyObjectsGetSafeDefaults" computerName="CWEIR-LTP" duration="00:00:00.0140991" startTime="2026-09-10T17:06:05.0023515-04:00" endTime="2026-09-10T17:06:05.0163540-04:00" testType="13cdc9d9-ddb5-4fa4-a97d-d965ccfc6d4b" outcome="Passed" testListId="8c84fa94-04c1-424b-9868-57a2d4851a1d" relativeResultsDirectory="aef88d17-a367-4f4d-b907-ff0f259eecb4" />
    <UnitTestResult executionId="3d2da46b-c4a9-4e6c-ab7a-60d43aab521f" testId="83959559-aa86-fe85-4af5-4fba5ebe9dc8" testName="AssistantToolAuditLog_Persists_Redacted_Receipts_To_Jsonl" computerName="CWEIR-LTP" duration="00:00:00.0345138" startTime="2026-09-10T17:06:04.8609427-04:00" endTime="2026-09-10T17:06:04.8955489-04:00" testType="13cdc9d9-ddb5-4fa4-a97d-d965ccfc6d4b" outcome="Passed" testListId="8c84fa94-04c1-424b-9868-57a2d4851a1d" relativeResultsDirectory="3d2da46b-c4a9-4e6c-ab7a-60d43aab521f" />
    <UnitTestResult executionId="e4bced71-89db-4b29-93cc-24be956389f8" testId="56c55836-bd0e-70f7-0f35-32f919cb7c02" testName="PayloadUsesPassedProfileAndRejectsImageForTextOnlyModel" computerName="CWEIR-LTP" duration="00:00:00.0094158" startTime="2026-09-10T17:06:06.2338797-04:00" endTime="2026-09-10T17:06:06.2437866-04:00" testType="13cdc9d9-ddb5-4fa4-a97d-d965ccfc6d4b" outcome="Passed" testListId="8c84fa94-04c1-424b-9868-57a2d4851a1d" relativeResultsDirectory="e4bced71-89db-4b29-93cc-24be956389f8" />
    <UnitTestResult executionId="350ccfba-502b-4bd5-8fd7-27eb149a2563" testId="351758ef-22b3-9975-9346-799a92002705" testName="ConfigAndModelsExposeStaticTruthAndMissingCredential" computerName="CWEIR-LTP" duration="00:00:00.0266058" startTime="2026-09-10T17:06:06.3106857-04:00" endTime="2026-09-10T17:06:06.3371909-04:00" testType="13cdc9d9-ddb5-4fa4-a97d-d965ccfc6d4b" outcome="Passed" testListId="8c84fa94-04c1-424b-9868-57a2d4851a1d" relativeResultsDirectory="350ccfba-502b-4bd5-8fd7-27eb149a2563" />
    <UnitTestResult executionId="db3610d9-ff00-412d-93e1-e4047a18249a" testId="792ec124-e96f-d70e-dc90-15e2ed98cd07" testName="AssistantToolPolicy_Blocks_Native_PDM_Route" computerName="CWEIR-LTP" duration="00:00:00.0002919" startTime="2026-09-10T17:06:04.9386658-04:00" endTime="2026-09-10T17:06:04.9397303-04:00" testType="13cdc9d9-ddb5-4fa4-a97d-d965ccfc6d4b" outcome="Passed" testListId="8c84fa94-04c1-424b-9868-57a2d4851a1d" relativeResultsDirectory="db3610d9-ff00-412d-93e1-e4047a18249a" />
    <UnitTestResult executionId="2745d831-538f-4e6b-8a8d-2569e3e09188" testId="3fd6121e-2010-5e29-518e-04e5b92537f8" testName="AssistantToolService_Creates_Screenshot_Review_Report_From_Metadata" computerName="CWEIR-LTP" duration="00:00:00.2988600" startTime="2026-09-10T17:06:04.4651085-04:00" endTime="2026-09-10T17:06:04.7642870-04:00" testType="13cdc9d9-ddb5-4fa4-a97d-d965ccfc6d4b" outcome="Passed" testListId="8c84fa94-04c1-424b-9868-57a2d4851a1d" relativeResultsDirectory="2745d831-538f-4e6b-8a8d-2569e3e09188" />
    <UnitTestResult executionId="f8813555-3f1b-44fb-9d25-2a89c4203ab9" testId="08f9f7e2-ff1a-1b14-0853-5ddf43730d38" testName="AssistantToolPolicy_Blocks_Unknown_Mutation_Route_From_AssistantTool" computerName="CWEIR-LTP" duration="00:00:00.0002601" startTime="2026-09-10T17:06:04.9397303-04:00" endTime="2026-09-10T17:06:04.9397303-04:00" testType="13cdc9d9-ddb5-4fa4-a97d-d965ccfc6d4b" outcome="Passed" testListId="8c84fa94-04c1-424b-9868-57a2d4851a1d" relativeResultsDirectory="f8813555-3f1b-44fb-9d25-2a89c4203ab9" />
    <UnitTestResult executionId="8b8e20df-b28a-483b-b9a1-9c16b4fb9b17" testId="ba6777b2-2636-ef93-d37c-0b774ba772ad" testName="ProviderFailurePolicyDoesNotRetryToolOrPermissionBoundaries" computerName="CWEIR-LTP" duration="00:00:00.0003982" startTime="2026-09-10T17:06:06.3096804-04:00" endTime="2026-09-10T17:06:06.3106857-04:00" testType="13cdc9d9-ddb5-4fa4-a97d-d965ccfc6d4b" outcome="Passed" testListId="8c84fa94-04c1-424b-9868-57a2d4851a1d" relativeResultsDirectory="8b8e20df-b28a-483b-b9a1-9c16b4fb9b17" />
    <UnitTestResult executionId="819e4c9e-bdf8-4d90-8051-a433a843d904" testId="988b008f-eb23-128e-bccc-996fca99bdf2" testName="StaleMessageSaveCannotResurrectDetachedScreenshot" computerName="CWEIR-LTP" duration="00:00:00.1179134" startTime="2026-09-10T17:06:06.0882663-04:00" endTime="2026-09-10T17:06:06.2062436-04:00" testType="13cdc9d9-ddb5-4fa4-a97d-d965ccfc6d4b" outcome="Passed" testListId="8c84fa94-04c1-424b-9868-57a2d4851a1d" relativeResultsDirectory="819e4c9e-bdf8-4d90-8051-a433a843d904" />
    <UnitTestResult executionId="8244bb22-969e-423c-9f18-a3576dfbe299" testId="2307190c-b70e-fce8-7b56-992187952fb7" testName="AssistantToolService_Pdm_And_Epicor_Are_Config_Gated" computerName="CWEIR-LTP" duration="00:00:00.0021220" startTime="2026-09-10T17:06:04.7853729-04:00" endTime="2026-09-10T17:06:04.7871139-04:00" testType="13cdc9d9-ddb5-4fa4-a97d-d965ccfc6d4b" outcome="Passed" testListId="8c84fa94-04c1-424b-9868-57a2d4851a1d" relativeResultsDirectory="8244bb22-969e-423c-9f18-a3576dfbe299" />
    <UnitTestResult executionId="589339de-7324-4748-a599-1e6b0e4653d6" testId="7ec727f5-373c-7cbf-b73b-63cf026672ec" testName="DisabledAndUnknownModelsNeverBecomeSuccessfulSelections" computerName="CWEIR-LTP" duration="00:00:00.0451404" startTime="2026-09-10T17:06:05.0163540-04:00" endTime="2026-09-10T17:06:05.0617623-04:00" testType="13cdc9d9-ddb5-4fa4-a97d-d965ccfc6d4b" outcome="Passed" testListId="8c84fa94-04c1-424b-9868-57a2d4851a1d" relativeResultsDirectory="589339de-7324-4748-a599-1e6b0e4653d6" />
    <UnitTestResult executionId="31c96f15-304b-4e4d-979b-dba58283c03c" testId="b61a5f1f-ce30-2765-658a-1cf46041ea01" testName="AssistantToolService_Records_Audit_Receipts_For_Allowed_And_Denied_Tools" computerName="CWEIR-LTP" duration="00:00:00.0709521" startTime="2026-09-10T17:06:04.7901557-04:00" endTime="2026-09-10T17:06:04.8609427-04:00" testType="13cdc9d9-ddb5-4fa4-a97d-d965ccfc6d4b" outcome="Passed" testListId="8c84fa94-04c1-424b-9868-57a2d4851a1d" relativeResultsDirectory="31c96f15-304b-4e4d-979b-dba58283c03c" />
    <UnitTestResult executionId="8fc0a58b-33ae-47a7-94bc-382dc4d71c17" testId="458ecfd1-9c78-644e-a524-315638a06da6" testName="ChangedImageCannotUseOldConsent" computerName="CWEIR-LTP" duration="00:00:00.0507414" startTime="2026-09-10T17:06:05.1953432-04:00" endTime="2026-09-10T17:06:05.2463424-04:00" testType="13cdc9d9-ddb5-4fa4-a97d-d965ccfc6d4b" outcome="Passed" testListId="8c84fa94-04c1-424b-9868-57a2d4851a1d" relativeResultsDirectory="8fc0a58b-33ae-47a7-94bc-382dc4d71c17" />
    <UnitTestResult executionId="8c62c81c-f2d8-440e-b064-b668826d1688" testId="8c14e1d0-8dd6-9ca7-7d45-526fae3d3838" testName="SafeDefaultDoesNotApproveOrAttach" computerName="CWEIR-LTP" duration="00:00:00.0693136" startTime="2026-09-10T17:06:05.4679652-04:00" endTime="2026-09-10T17:06:05.5372239-04:00" testType="13cdc9d9-ddb5-4fa4-a97d-d965ccfc6d4b" outcome="Passed" testListId="8c84fa94-04c1-424b-9868-57a2d4851a1d" relativeResultsDirectory="8c62c81c-f2d8-440e-b064-b668826d1688" />
    <UnitTestResult executionId="e4fd1513-fce2-480f-af66-7dbfef324e19" testId="be5cefee-11e2-451f-fd82-d902a915a67d" testName="TextModelUsesOnlyExplicitPreferredThenFallback" computerName="CWEIR-LTP" duration="00:00:00.0007868" startTime="2026-09-10T17:06:06.2102417-04:00" endTime="2026-09-10T17:06:06.2112409-04:00" testType="13cdc9d9-ddb5-4fa4-a97d-d965ccfc6d4b" outcome="Passed" testListId="8c84fa94-04c1-424b-9868-57a2d4851a1d" relativeResultsDirectory="e4fd1513-fce2-480f-af66-7dbfef324e19" />
    <UnitTestResult executionId="32a9a271-5ad1-47d0-b53c-1ac52e3dd05d" testId="b2504d4d-3436-edb6-ae9d-efc148615a18" testName="AttemptedTransmissionDoesNotReportLocalOnly" computerName="CWEIR-LTP" duration="00:00:00.0767649" startTime="2026-09-10T17:06:06.0103580-04:00" endTime="2026-09-10T17:06:06.0882663-04:00" testType="13cdc9d9-ddb5-4fa4-a97d-d965ccfc6d4b" outcome="Passed" testListId="8c84fa94-04c1-424b-9868-57a2d4851a1d" relativeResultsDirectory="32a9a271-5ad1-47d0-b53c-1ac52e3dd05d" />
    <UnitTestResult executionId="e59a4cab-8fed-44ea-b842-fd25f19a4976" testId="bae549f6-2fcc-a6f6-97dd-c07ecbfcb55b" testName="AssistantToolService_Searches_Local_Vault_ReadOnly_Index" computerName="CWEIR-LTP" duration="00:00:00.0333520" startTime="2026-09-10T17:06:04.9023118-04:00" endTime="2026-09-10T17:06:04.9365491-04:00" testType="13cdc9d9-ddb5-4fa4-a97d-d965ccfc6d4b" outcome="Passed" testListId="8c84fa94-04c1-424b-9868-57a2d4851a1d" relativeResultsDirectory="e59a4cab-8fed-44ea-b842-fd25f19a4976" />
    <UnitTestResult executionId="b1bf96a1-8120-4a73-9c13-20801fed4e8f" testId="1dece469-fea4-2322-830a-ecf3af20eac7" testName="ActualMessageSerializationChecksHistoryConsentBeforeReadingImage" computerName="CWEIR-LTP" duration="00:00:00.0878664" startTime="2026-09-10T17:06:05.2740945-04:00" endTime="2026-09-10T17:06:05.3615895-04:00" testType="13cdc9d9-ddb5-4fa4-a97d-d965ccfc6d4b" outcome="Passed" testListId="8c84fa94-04c1-424b-9868-57a2d4851a1d" relativeResultsDirectory="b1bf96a1-8120-4a73-9c13-20801fed4e8f" />
    <UnitTestResult executionId="0a53682e-99e1-4052-9729-cd305c82a63a" testId="d3a480f0-819f-f830-fd75-84c71c72c4b0" testName="ReviewRequiresSeparateUploadConsentAndRejectionRevokesIt" computerName="CWEIR-LTP" duration="00:00:00.0944758" startTime="2026-09-10T17:06:05.1001150-04:00" endTime="2026-09-10T17:06:05.1953432-04:00" testType="13cdc9d9-ddb5-4fa4-a97d-d965ccfc6d4b" outcome="Passed" testListId="8c84fa94-04c1-424b-9868-57a2d4851a1d" relativeResultsDirectory="0a53682e-99e1-4052-9729-cd305c82a63a" />
    <UnitTestResult executionId="48d9ed2d-8b44-4ec5-8dd0-c3e8a9a5ed98" testId="ee6bd460-aebe-a746-f679-f050f4799290" testName="AssistantToolService_AllScope_Reports_Disabled_Connectors_As_Partial_Without_Executing_Them" computerName="CWEIR-LTP" duration="00:00:00.0145479" startTime="2026-09-10T17:06:04.9467251-04:00" endTime="2026-09-10T17:06:04.9617225-04:00" testType="13cdc9d9-ddb5-4fa4-a97d-d965ccfc6d4b" outcome="Passed" testListId="8c84fa94-04c1-424b-9868-57a2d4851a1d" relativeResultsDirectory="48d9ed2d-8b44-4ec5-8dd0-c3e8a9a5ed98" />
    <UnitTestResult executionId="21bafa1a-c425-4789-b9d0-73cae33ae302" testId="1f67fc4f-86ae-c41d-6055-d3934ed4dbec" testName="MissingProviderKeyBindingNeverFallsBackToOpenAiCredential" computerName="CWEIR-LTP" duration="00:00:00.0036597" startTime="2026-09-10T17:06:05.0961085-04:00" endTime="2026-09-10T17:06:05.1001150-04:00" testType="13cdc9d9-ddb5-4fa4-a97d-d965ccfc6d4b" outcome="Passed" testListId="8c84fa94-04c1-424b-9868-57a2d4851a1d" relativeResultsDirectory="21bafa1a-c425-4789-b9d0-73cae33ae302" />
    <UnitTestResult executionId="a65aef9e-049b-4efc-91c7-c5295d3b95fa" testId="c80f8712-7c2d-47cd-7bf6-8578beb1cd2b" testName="AssistantToolCatalog_Exposes_Server_Capability_Metadata_And_Pdm_Gap" computerName="CWEIR-LTP" duration="00:00:00.0004240" startTime="2026-09-10T17:06:04.9637241-04:00" endTime="2026-09-10T17:06:04.9647250-04:00" testType="13cdc9d9-ddb5-4fa4-a97d-d965ccfc6d4b" outcome="Passed" testListId="8c84fa94-04c1-424b-9868-57a2d4851a1d" relativeResultsDirectory="a65aef9e-049b-4efc-91c7-c5295d3b95fa" />
    <UnitTestResult executionId="32dd806b-3d35-4b7a-9c99-ca2147d71714" testId="92c590dc-b94c-d4ea-519a-ea867691b824" testName="AssistantToolPolicy_Blocks_CAD_Route_Direct" computerName="CWEIR-LTP" duration="00:00:00.0002638" startTime="2026-09-10T17:06:04.9386658-04:00" endTime="2026-09-10T17:06:04.9386658-04:00" testType="13cdc9d9-ddb5-4fa4-a97d-d965ccfc6d4b" outcome="Passed" testListId="8c84fa94-04c1-424b-9868-57a2d4851a1d" relativeResultsDirectory="32dd806b-3d35-4b7a-9c99-ca2147d71714" />
    <UnitTestResult executionId="4422f5db-a10c-4a2d-bb97-eeb4b17503db" testId="9028d8ea-dcf0-4f36-dc51-6a4c7495562f" testName="ProtectedRouteIngress_PreservesExistingAssistantToolProtectedRouteDenial" computerName="CWEIR-LTP" duration="00:00:00.0004031" startTime="2026-09-10T17:06:06.3371909-04:00" endTime="2026-09-10T17:06:06.3401920-04:00" testType="13cdc9d9-ddb5-4fa4-a97d-d965ccfc6d4b" outcome="Passed" testListId="8c84fa94-04c1-424b-9868-57a2d4851a1d" relativeResultsDirectory="4422f5db-a10c-4a2d-bb97-eeb4b17503db" />
    <UnitTestResult executionId="9c872e57-131f-49b8-b29e-7c4882d47f5e" testId="14a44e5d-c2b7-5848-c56a-33d0ac5fe3e1" testName="CompatiblePinnedModelIsRetained" computerName="CWEIR-LTP" duration="00:00:00.0020766" startTime="2026-09-10T17:06:06.2062436-04:00" endTime="2026-09-10T17:06:06.2092465-04:00" testType="13cdc9d9-ddb5-4fa4-a97d-d965ccfc6d4b" outcome="Passed" testListId="8c84fa94-04c1-424b-9868-57a2d4851a1d" relativeResultsDirectory="9c872e57-131f-49b8-b29e-7c4882d47f5e" />
    <UnitTestResult executionId="1c04c433-dab1-4dab-a9a5-342e3b95cfcf" testId="d7d44ed5-afcc-12ce-8e86-25fa0c5a3abf" testName="RoutesRespectAllRequiredCapabilitiesAndRuntimeState" computerName="CWEIR-LTP" duration="00:00:00.0027192" startTime="2026-09-10T17:06:06.2996818-04:00" endTime="2026-09-10T17:06:06.3026806-04:00" testType="13cdc9d9-ddb5-4fa4-a97d-d965ccfc6d4b" outcome="Passed" testListId="8c84fa94-04c1-424b-9868-57a2d4851a1d" relativeResultsDirectory="1c04c433-dab1-4dab-a9a5-342e3b95cfcf" />
    <UnitTestResult executionId="392d8d28-c8d6-4a71-a8e8-4790367507cf" testId="1217e73c-6fcf-d514-548e-9f84f57ec473" testName="EveryNestedSectionBindsSyntheticValuesAndRoundTrips" computerName="CWEIR-LTP" duration="00:00:00.0365476" startTime="2026-09-10T17:06:04.9647250-04:00" endTime="2026-09-10T17:06:05.0023515-04:00" testType="13cdc9d9-ddb5-4fa4-a97d-d965ccfc6d4b" outcome="Passed" testListId="8c84fa94-04c1-424b-9868-57a2d4851a1d" relativeResultsDirectory="392d8d28-c8d6-4a71-a8e8-4790367507cf" />
    <UnitTestResult executionId="88a70714-d3a1-48ca-94e3-d538d97ecc5b" testId="b315cdda-72d0-6de2-eb6f-07c588f193d0" testName="AssistantToolService_Disabled_Tool_Is_Rejected" computerName="CWEIR-LTP" duration="00:00:00.0002984" startTime="2026-09-10T17:06:04.9447283-04:00" endTime="2026-09-10T17:06:04.9457260-04:00" testType="13cdc9d9-ddb5-4fa4-a97d-d965ccfc6d4b" outcome="Passed" testListId="8c84fa94-04c1-424b-9868-57a2d4851a1d" relativeResultsDirectory="88a70714-d3a1-48ca-94e3-d538d97ecc5b" />
    <UnitTestResult executionId="bff65c43-cc1e-45cc-9ee9-7eb4c90ae075" testId="5210a73b-1f0e-8a7e-61ea-fb450b88b02f" testName="AssistantToolService_Capture_Screenshot_Fails_Without_AssistantService" computerName="CWEIR-LTP" duration="00:00:00.0031511" startTime="2026-09-10T17:06:04.9407285-04:00" endTime="2026-09-10T17:06:04.9437280-04:00" testType="13cdc9d9-ddb5-4fa4-a97d-d965ccfc6d4b" outcome="Passed" testListId="8c84fa94-04c1-424b-9868-57a2d4851a1d" relativeResultsDirectory="bff65c43-cc1e-45cc-9ee9-7eb4c90ae075" />
    <UnitTestResult executionId="882b1299-83f3-482a-a6d8-5630e6c82543" testId="b44f6d47-9513-aecf-8d02-871780f451a0" testName="AssistantToolAvailabilitySummary_Counts_Enabled_And_Search_Tools" computerName="CWEIR-LTP" duration="00:00:00.0083299" startTime="2026-09-10T17:06:04.3797766-04:00" endTime="2026-09-10T17:06:04.4561113-04:00" testType="13cdc9d9-ddb5-4fa4-a97d-d965ccfc6d4b" outcome="Passed" testListId="8c84fa94-04c1-424b-9868-57a2d4851a1d" relativeResultsDirectory="882b1299-83f3-482a-a6d8-5630e6c82543" />
    <UnitTestResult executionId="f5c433c0-2ea9-4cc1-af1f-b6cac4f1c26a" testId="b08af28f-1ad2-b3fc-5f3e-39af4048b6d2" testName="AssistantToolPolicy_Blocks_Cad_Pdm_And_Destructive_Lab_Routes_From_Assistant" computerName="CWEIR-LTP" duration="00:00:00.0007804" startTime="2026-09-10T17:06:04.7871139-04:00" endTime="2026-09-10T17:06:04.7881582-04:00" testType="13cdc9d9-ddb5-4fa4-a97d-d965ccfc6d4b" outcome="Passed" testListId="8c84fa94-04c1-424b-9868-57a2d4851a1d" relativeResultsDirectory="f5c433c0-2ea9-4cc1-af1f-b6cac4f1c26a" />
    <UnitTestResult executionId="d8ed1b4c-0a12-4c6c-9668-f91225b9cf40" testId="6f1f9c0e-08b2-1711-0963-66592612c540" testName="AssistantToolPolicy_Allows_Assistant_Route" computerName="CWEIR-LTP" duration="00:00:00.0001952" startTime="2026-09-10T17:06:04.9397303-04:00" endTime="2026-09-10T17:06:04.9407285-04:00" testType="13cdc9d9-ddb5-4fa4-a97d-d965ccfc6d4b" outcome="Passed" testListId="8c84fa94-04c1-424b-9868-57a2d4851a1d" relativeResultsDirectory="d8ed1b4c-0a12-4c6c-9668-f91225b9cf40" />
    <UnitTestResult executionId="9e5d0be6-1936-43cb-9366-b1e2b849d4a1" testId="24d20eee-4f61-1138-bd51-6076bb0ffc0e" testName="AssistantToolService_Creates_Screenshot_Review_Report_From_Artifact_Payload" computerName="CWEIR-LTP" duration="00:00:00.0169655" startTime="2026-09-10T17:06:04.7642870-04:00" endTime="2026-09-10T17:06:04.7813705-04:00" testType="13cdc9d9-ddb5-4fa4-a97d-d965ccfc6d4b" outcome="Passed" testListId="8c84fa94-04c1-424b-9868-57a2d4851a1d" relativeResultsDirectory="9e5d0be6-1936-43cb-9366-b1e2b849d4a1" />
    <UnitTestResult executionId="4f12625a-065a-4473-990a-33314d599cb9" testId="68bd8afa-508d-5bdb-f3b9-013eabe06a54" testName="EmptyCatalogReturnsUnavailableStatusAndTerminalSendResults" computerName="CWEIR-LTP" duration="00:00:00.0338154" startTime="2026-09-10T17:06:05.0627642-04:00" endTime="2026-09-10T17:06:05.0961085-04:00" testType="13cdc9d9-ddb5-4fa4-a97d-d965ccfc6d4b" outcome="Passed" testListId="8c84fa94-04c1-424b-9868-57a2d4851a1d" relativeResultsDirectory="4f12625a-065a-4473-990a-33314d599cb9" />
    <UnitTestResult executionId="c69eeef7-b2c9-4c4e-9b69-cb5129fc110b" testId="7c1a945e-8acb-81ac-f8f5-15662f60ec37" testName="AssistantToolService_Catalog_Separates_Local_Search_From_Risky_Connectors" computerName="CWEIR-LTP" duration="00:00:00.0033295" startTime="2026-09-10T17:06:04.7813705-04:00" endTime="2026-09-10T17:06:04.7853729-04:00" testType="13cdc9d9-ddb5-4fa4-a97d-d965ccfc6d4b" outcome="Passed" testListId="8c84fa94-04c1-424b-9868-57a2d4851a1d" relativeResultsDirectory="c69eeef7-b2c9-4c4e-9b69-cb5129fc110b" />
    <UnitTestResult executionId="265c3e5c-cb4e-4e66-a74a-b8a1d5688804" testId="955ab6f4-bc04-3c68-3935-afb601d0c46c" testName="AssistantToolPolicy_Blocks_CAD_Route_Alias_In_ToolName" computerName="CWEIR-LTP" duration="00:00:00.0002285" startTime="2026-09-10T17:06:04.9365491-04:00" endTime="2026-09-10T17:06:04.9365491-04:00" testType="13cdc9d9-ddb5-4fa4-a97d-d965ccfc6d4b" outcome="Passed" testListId="8c84fa94-04c1-424b-9868-57a2d4851a1d" relativeResultsDirectory="265c3e5c-cb4e-4e66-a74a-b8a1d5688804" />
    <UnitTestResult executionId="c9513a3c-7cd2-4550-a698-cee5d652241f" testId="431a826e-5d1d-ba55-c025-0620f33b752c" testName="AssistantToolRequest_Does_Not_Deserialize_Client_Authorization" computerName="CWEIR-LTP" duration="00:00:00.0012478" startTime="2026-09-10T17:06:04.9617225-04:00" endTime="2026-09-10T17:06:04.9637241-04:00" testType="13cdc9d9-ddb5-4fa4-a97d-d965ccfc6d4b" outcome="Passed" testListId="8c84fa94-04c1-424b-9868-57a2d4851a1d" relativeResultsDirectory="c9513a3c-7cd2-4550-a698-cee5d652241f" />
    <UnitTestResult executionId="2fc05f63-c314-462d-a8ab-b5b94da80606" testId="57dc0a89-ec01-82b1-5b61-501211eb787d" testName="ImagesNeverReceiveMockSuccessWhenCredentialsMissing" computerName="CWEIR-LTP" duration="00:00:00.0215401" startTime="2026-09-10T17:06:06.2122435-04:00" endTime="2026-09-10T17:06:06.2338797-04:00" testType="13cdc9d9-ddb5-4fa4-a97d-d965ccfc6d4b" outcome="Passed" testListId="8c84fa94-04c1-424b-9868-57a2d4851a1d" relativeResultsDirectory="2fc05f63-c314-462d-a8ab-b5b94da80606" />
    <UnitTestResult executionId="be109614-d871-4e4f-8b4b-622d0c555ff1" testId="09a172c5-d340-ce0a-5170-7f29e632558b" testName="CanonicalModelsAdaptWithoutChangingProviderStrings" computerName="CWEIR-LTP" duration="00:00:00.0555822" startTime="2026-09-10T17:06:06.2437866-04:00" endTime="2026-09-10T17:06:06.2996818-04:00" testType="13cdc9d9-ddb5-4fa4-a97d-d965ccfc6d4b" outcome="Passed" testListId="8c84fa94-04c1-424b-9868-57a2d4851a1d" relativeResultsDirectory="be109614-d871-4e4f-8b4b-622d0c555ff1" />
  </Results>
  <TestDefinitions>
    <UnitTest name="AssistantToolPolicy_Allows_Assistant_Route" storage="c:\users\cweir\documents\github\vira github\bluebrick\bluebrick.ui.tests\bin\debug\bluebrick.ui.tests.dll" id="6f1f9c0e-08b2-1711-0963-66592612c540">
      <Execution id="d8ed1b4c-0a12-4c6c-9668-f91225b9cf40" />
      <TestMethod codeBase="C:\Users\cweir\Documents\GitHub\VIRA GITHUB\Bluebrick\BlueBrick.UI.Tests\bin\Debug\BlueBrick.UI.Tests.dll" adapterTypeName="executor://mstestadapter/v2" className="BlueBrick.UI.Tests.LabWorkspaceTests" name="AssistantToolPolicy_Allows_Assistant_Route" />
    </UnitTest>
    <UnitTest name="ConfigAndModelsExposeStaticTruthAndMissingCredential" storage="c:\users\cweir\documents\github\vira github\bluebrick\bluebrick.ui.tests\bin\debug\bluebrick.ui.tests.dll" id="351758ef-22b3-9975-9346-799a92002705">
      <Execution id="350ccfba-502b-4bd5-8fd7-27eb149a2563" />
      <TestMethod codeBase="C:\Users\cweir\Documents\GitHub\VIRA GITHUB\Bluebrick\BlueBrick.UI.Tests\bin\Debug\BlueBrick.UI.Tests.dll" adapterTypeName="executor://mstestadapter/v2" className="BlueBrick.UI.Tests.Agent.SharedAiTests" name="ConfigAndModelsExposeStaticTruthAndMissingCredential" />
    </UnitTest>
    <UnitTest name="AssistantToolCatalog_Exposes_Server_Capability_Metadata_And_Pdm_Gap" storage="c:\users\cweir\documents\github\vira github\bluebrick\bluebrick.ui.tests\bin\debug\bluebrick.ui.tests.dll" id="c80f8712-7c2d-47cd-7bf6-8578beb1cd2b">
      <Execution id="a65aef9e-049b-4efc-91c7-c5295d3b95fa" />
      <TestMethod codeBase="C:\Users\cweir\Documents\GitHub\VIRA GITHUB\Bluebrick\BlueBrick.UI.Tests\bin\Debug\BlueBrick.UI.Tests.dll" adapterTypeName="executor://mstestadapter/v2" className="BlueBrick.UI.Tests.LabWorkspaceTests" name="AssistantToolCatalog_Exposes_Server_Capability_Metadata_And_Pdm_Gap" />
    </UnitTest>
    <UnitTest name="AssistantToolService_Capture_Screenshot_Fails_Without_AssistantService" storage="c:\users\cweir\documents\github\vira github\bluebrick\bluebrick.ui.tests\bin\debug\bluebrick.ui.tests.dll" id="5210a73b-1f0e-8a7e-61ea-fb450b88b02f">
      <Execution id="bff65c43-cc1e-45cc-9ee9-7eb4c90ae075" />
      <TestMethod codeBase="C:\Users\cweir\Documents\GitHub\VIRA GITHUB\Bluebrick\BlueBrick.UI.Tests\bin\Debug\BlueBrick.UI.Tests.dll" adapterTypeName="executor://mstestadapter/v2" className="BlueBrick.UI.Tests.LabWorkspaceTests" name="AssistantToolService_Capture_Screenshot_Fails_Without_AssistantService" />
    </UnitTest>
    <UnitTest name="AttemptedTransmissionDoesNotReportLocalOnly" storage="c:\users\cweir\documents\github\vira github\bluebrick\bluebrick.ui.tests\bin\debug\bluebrick.ui.tests.dll" id="b2504d4d-3436-edb6-ae9d-efc148615a18">
      <Execution id="32a9a271-5ad1-47d0-b53c-1ac52e3dd05d" />
      <TestMethod codeBase="C:\Users\cweir\Documents\GitHub\VIRA GITHUB\Bluebrick\BlueBrick.UI.Tests\bin\Debug\BlueBrick.UI.Tests.dll" adapterTypeName="executor://mstestadapter/v2" className="BlueBrick.UI.Tests.Agent.ScreenshotConversationTests" name="AttemptedTransmissionDoesNotReportLocalOnly" />
    </UnitTest>
    <UnitTest name="ProtectedRouteIngress_PreservesExistingAssistantToolProtectedRouteDenial" storage="c:\users\cweir\documents\github\vira github\bluebrick\bluebrick.ui.tests\bin\debug\bluebrick.ui.tests.dll" id="9028d8ea-dcf0-4f36-dc51-6a4c7495562f">
      <Execution id="4422f5db-a10c-4a2d-bb97-eeb4b17503db" />
      <TestMethod codeBase="C:\Users\cweir\Documents\GitHub\VIRA GITHUB\Bluebrick\BlueBrick.UI.Tests\bin\Debug\BlueBrick.UI.Tests.dll" adapterTypeName="executor://mstestadapter/v2" className="BlueBrick.UI.Tests.Agent.ProtectedRouteIngressTests" name="ProtectedRouteIngress_PreservesExistingAssistantToolProtectedRouteDenial" />
    </UnitTest>
    <UnitTest name="EveryNestedSectionBindsSyntheticValuesAndRoundTrips" storage="c:\users\cweir\documents\github\vira github\bluebrick\bluebrick.ui.tests\bin\debug\bluebrick.ui.tests.dll" id="1217e73c-6fcf-d514-548e-9f84f57ec473">
      <Execution id="392d8d28-c8d6-4a71-a8e8-4790367507cf" />
      <TestMethod codeBase="C:\Users\cweir\Documents\GitHub\VIRA GITHUB\Bluebrick\BlueBrick.UI.Tests\bin\Debug\BlueBrick.UI.Tests.dll" adapterTypeName="executor://mstestadapter/v2" className="BlueBrick.UI.Tests.Agent.RecoveryContractTests" name="EveryNestedSectionBindsSyntheticValuesAndRoundTrips" />
    </UnitTest>
    <UnitTest name="AssistantToolPolicy_Blocks_Destructive_Lab_Route_Alias" storage="c:\users\cweir\documents\github\vira github\bluebrick\bluebrick.ui.tests\bin\debug\bluebrick.ui.tests.dll" id="491be85b-7314-b669-07c6-bc56c71393f5">
      <Execution id="46f5e97a-8ed1-4f19-ac44-c30e1f0c2df3" />
      <TestMethod codeBase="C:\Users\cweir\Documents\GitHub\VIRA GITHUB\Bluebrick\BlueBrick.UI.Tests\bin\Debug\BlueBrick.UI.Tests.dll" adapterTypeName="executor://mstestadapter/v2" className="BlueBrick.UI.Tests.LabWorkspaceTests" name="AssistantToolPolicy_Blocks_Destructive_Lab_Route_Alias" />
    </UnitTest>
    <UnitTest name="DisabledAndNonTextCandidatesFailClosed" storage="c:\users\cweir\documents\github\vira github\bluebrick\bluebrick.ui.tests\bin\debug\bluebrick.ui.tests.dll" id="27e9a215-fe7f-3e6a-a4c8-51859c1e19b5">
      <Execution id="4519014d-b79b-4541-9722-38ba6bf3d15b" />
      <TestMethod codeBase="C:\Users\cweir\Documents\GitHub\VIRA GITHUB\Bluebrick\BlueBrick.UI.Tests\bin\Debug\BlueBrick.UI.Tests.dll" adapterTypeName="executor://mstestadapter/v2" className="BlueBrick.UI.Tests.Agent.VisionRoutingTests" name="DisabledAndNonTextCandidatesFailClosed" />
    </UnitTest>
    <UnitTest name="AssistantToolPolicy_Blocks_CAD_Route_Direct" storage="c:\users\cweir\documents\github\vira github\bluebrick\bluebrick.ui.tests\bin\debug\bluebrick.ui.tests.dll" id="92c590dc-b94c-d4ea-519a-ea867691b824">
      <Execution id="32dd806b-3d35-4b7a-9c99-ca2147d71714" />
      <TestMethod codeBase="C:\Users\cweir\Documents\GitHub\VIRA GITHUB\Bluebrick\BlueBrick.UI.Tests\bin\Debug\BlueBrick.UI.Tests.dll" adapterTypeName="executor://mstestadapter/v2" className="BlueBrick.UI.Tests.LabWorkspaceTests" name="AssistantToolPolicy_Blocks_CAD_Route_Direct" />
    </UnitTest>
    <UnitTest name="AssistantToolService_Unknown_Tool_Returns_Unsupported" storage="c:\users\cweir\documents\github\vira github\bluebrick\bluebrick.ui.tests\bin\debug\bluebrick.ui.tests.dll" id="6d11c4f5-a828-c81a-569e-cf7194a660b1">
      <Execution id="2bdffcce-2dfc-456b-af4f-d2863772611e" />
      <TestMethod codeBase="C:\Users\cweir\Documents\GitHub\VIRA GITHUB\Bluebrick\BlueBrick.UI.Tests\bin\Debug\BlueBrick.UI.Tests.dll" adapterTypeName="executor://mstestadapter/v2" className="BlueBrick.UI.Tests.LabWorkspaceTests" name="AssistantToolService_Unknown_Tool_Returns_Unsupported" />
    </UnitTest>
    <UnitTest name="MissingProviderKeyBindingNeverFallsBackToOpenAiCredential" storage="c:\users\cweir\documents\github\vira github\bluebrick\bluebrick.ui.tests\bin\debug\bluebrick.ui.tests.dll" id="1f67fc4f-86ae-c41d-6055-d3934ed4dbec">
      <Execution id="21bafa1a-c425-4789-b9d0-73cae33ae302" />
      <TestMethod codeBase="C:\Users\cweir\Documents\GitHub\VIRA GITHUB\Bluebrick\BlueBrick.UI.Tests\bin\Debug\BlueBrick.UI.Tests.dll" adapterTypeName="executor://mstestadapter/v2" className="BlueBrick.UI.Tests.Agent.RecoveryContractTests" name="MissingProviderKeyBindingNeverFallsBackToOpenAiCredential" />
    </UnitTest>
    <UnitTest name="AssistantToolPolicy_Blocks_Native_PDM_Route" storage="c:\users\cweir\documents\github\vira github\bluebrick\bluebrick.ui.tests\bin\debug\bluebrick.ui.tests.dll" id="792ec124-e96f-d70e-dc90-15e2ed98cd07">
      <Execution id="db3610d9-ff00-412d-93e1-e4047a18249a" />
      <TestMethod codeBase="C:\Users\cweir\Documents\GitHub\VIRA GITHUB\Bluebrick\BlueBrick.UI.Tests\bin\Debug\BlueBrick.UI.Tests.dll" adapterTypeName="executor://mstestadapter/v2" className="BlueBrick.UI.Tests.LabWorkspaceTests" name="AssistantToolPolicy_Blocks_Native_PDM_Route" />
    </UnitTest>
    <UnitTest name="CompatiblePinnedModelIsRetained" storage="c:\users\cweir\documents\github\vira github\bluebrick\bluebrick.ui.tests\bin\debug\bluebrick.ui.tests.dll" id="14a44e5d-c2b7-5848-c56a-33d0ac5fe3e1">
      <Execution id="9c872e57-131f-49b8-b29e-7c4882d47f5e" />
      <TestMethod codeBase="C:\Users\cweir\Documents\GitHub\VIRA GITHUB\Bluebrick\BlueBrick.UI.Tests\bin\Debug\BlueBrick.UI.Tests.dll" adapterTypeName="executor://mstestadapter/v2" className="BlueBrick.UI.Tests.Agent.VisionRoutingTests" name="CompatiblePinnedModelIsRetained" />
    </UnitTest>
    <UnitTest name="CaptureDuringSendSurvivesOlderSessionCompletion" storage="c:\users\cweir\documents\github\vira github\bluebrick\bluebrick.ui.tests\bin\debug\bluebrick.ui.tests.dll" id="3863d75f-0a7c-39e2-2184-d2731b056c3d">
      <Execution id="ddec74de-3775-440a-86cf-4c44177686f9" />
      <TestMethod codeBase="C:\Users\cweir\Documents\GitHub\VIRA GITHUB\Bluebrick\BlueBrick.UI.Tests\bin\Debug\BlueBrick.UI.Tests.dll" adapterTypeName="executor://mstestadapter/v2" className="BlueBrick.UI.Tests.Agent.ScreenshotConversationTests" name="CaptureDuringSendSurvivesOlderSessionCompletion" />
    </UnitTest>
    <UnitTest name="ImagesNeverReceiveMockSuccessWhenCredentialsMissing" storage="c:\users\cweir\documents\github\vira github\bluebrick\bluebrick.ui.tests\bin\debug\bluebrick.ui.tests.dll" id="57dc0a89-ec01-82b1-5b61-501211eb787d">
      <Execution id="2fc05f63-c314-462d-a8ab-b5b94da80606" />
      <TestMethod codeBase="C:\Users\cweir\Documents\GitHub\VIRA GITHUB\Bluebrick\BlueBrick.UI.Tests\bin\Debug\BlueBrick.UI.Tests.dll" adapterTypeName="executor://mstestadapter/v2" className="BlueBrick.UI.Tests.Agent.VisionRoutingTests" name="ImagesNeverReceiveMockSuccessWhenCredentialsMissing" />
    </UnitTest>
    <UnitTest name="StaleMessageSaveCannotResurrectDetachedScreenshot" storage="c:\users\cweir\documents\github\vira github\bluebrick\bluebrick.ui.tests\bin\debug\bluebrick.ui.tests.dll" id="988b008f-eb23-128e-bccc-996fca99bdf2">
      <Execution id="819e4c9e-bdf8-4d90-8051-a433a843d904" />
      <TestMethod codeBase="C:\Users\cweir\Documents\GitHub\VIRA GITHUB\Bluebrick\BlueBrick.UI.Tests\bin\Debug\BlueBrick.UI.Tests.dll" adapterTypeName="executor://mstestadapter/v2" className="BlueBrick.UI.Tests.Agent.ScreenshotConversationTests" name="StaleMessageSaveCannotResurrectDetachedScreenshot" />
    </UnitTest>
    <UnitTest name="AssistantToolService_Pdm_And_Epicor_Are_Config_Gated" storage="c:\users\cweir\documents\github\vira github\bluebrick\bluebrick.ui.tests\bin\debug\bluebrick.ui.tests.dll" id="2307190c-b70e-fce8-7b56-992187952fb7">
      <Execution id="8244bb22-969e-423c-9f18-a3576dfbe299" />
      <TestMethod codeBase="C:\Users\cweir\Documents\GitHub\VIRA GITHUB\Bluebrick\BlueBrick.UI.Tests\bin\Debug\BlueBrick.UI.Tests.dll" adapterTypeName="executor://mstestadapter/v2" className="BlueBrick.UI.Tests.LabWorkspaceTests" name="AssistantToolService_Pdm_And_Epicor_Are_Config_Gated" />
    </UnitTest>
    <UnitTest name="AssistantToolService_Creates_Screenshot_Review_Report_From_Metadata" storage="c:\users\cweir\documents\github\vira github\bluebrick\bluebrick.ui.tests\bin\debug\bluebrick.ui.tests.dll" id="3fd6121e-2010-5e29-518e-04e5b92537f8">
      <Execution id="2745d831-538f-4e6b-8a8d-2569e3e09188" />
      <TestMethod codeBase="C:\Users\cweir\Documents\GitHub\VIRA GITHUB\Bluebrick\BlueBrick.UI.Tests\bin\Debug\BlueBrick.UI.Tests.dll" adapterTypeName="executor://mstestadapter/v2" className="BlueBrick.UI.Tests.LabWorkspaceTests" name="AssistantToolService_Creates_Screenshot_Review_Report_From_Metadata" />
    </UnitTest>
    <UnitTest name="AssistantToolPolicy_Blocks_Unknown_Mutation_Route_From_AssistantTool" storage="c:\users\cweir\documents\github\vira github\bluebrick\bluebrick.ui.tests\bin\debug\bluebrick.ui.tests.dll" id="08f9f7e2-ff1a-1b14-0853-5ddf43730d38">
      <Execution id="f8813555-3f1b-44fb-9d25-2a89c4203ab9" />
      <TestMethod codeBase="C:\Users\cweir\Documents\GitHub\VIRA GITHUB\Bluebrick\BlueBrick.UI.Tests\bin\Debug\BlueBrick.UI.Tests.dll" adapterTypeName="executor://mstestadapter/v2" className="BlueBrick.UI.Tests.LabWorkspaceTests" name="AssistantToolPolicy_Blocks_Unknown_Mutation_Route_From_AssistantTool" />
    </UnitTest>
    <UnitTest name="EmptyCatalogReturnsUnavailableStatusAndTerminalSendResults" storage="c:\users\cweir\documents\github\vira github\bluebrick\bluebrick.ui.tests\bin\debug\bluebrick.ui.tests.dll" id="68bd8afa-508d-5bdb-f3b9-013eabe06a54">
      <Execution id="4f12625a-065a-4473-990a-33314d599cb9" />
      <TestMethod codeBase="C:\Users\cweir\Documents\GitHub\VIRA GITHUB\Bluebrick\BlueBrick.UI.Tests\bin\Debug\BlueBrick.UI.Tests.dll" adapterTypeName="executor://mstestadapter/v2" className="BlueBrick.UI.Tests.Agent.RecoveryContractTests" name="EmptyCatalogReturnsUnavailableStatusAndTerminalSendResults" />
    </UnitTest>
    <UnitTest name="InvalidNestedValueFailsAndEmptyObjectsGetSafeDefaults" storage="c:\users\cweir\documents\github\vira github\bluebrick\bluebrick.ui.tests\bin\debug\bluebrick.ui.tests.dll" id="0a28a6a0-4836-ee7e-f1c7-6755f219f751">
      <Execution id="aef88d17-a367-4f4d-b907-ff0f259eecb4" />
      <TestMethod codeBase="C:\Users\cweir\Documents\GitHub\VIRA GITHUB\Bluebrick\BlueBrick.UI.Tests\bin\Debug\BlueBrick.UI.Tests.dll" adapterTypeName="executor://mstestadapter/v2" className="BlueBrick.UI.Tests.Agent.RecoveryContractTests" name="InvalidNestedValueFailsAndEmptyObjectsGetSafeDefaults" />
    </UnitTest>
    <UnitTest name="AutoApprovalIsPersistedThenAttachedByIdentity" storage="c:\users\cweir\documents\github\vira github\bluebrick\bluebrick.ui.tests\bin\debug\bluebrick.ui.tests.dll" id="aa988216-0aa2-71b0-ba3f-195f52f9dbf9">
      <Execution id="f0f46c98-1188-445b-8210-a33ca639492b" />
      <TestMethod codeBase="C:\Users\cweir\Documents\GitHub\VIRA GITHUB\Bluebrick\BlueBrick.UI.Tests\bin\Debug\BlueBrick.UI.Tests.dll" adapterTypeName="executor://mstestadapter/v2" className="BlueBrick.UI.Tests.Agent.ScreenshotConversationTests" name="AutoApprovalIsPersistedThenAttachedByIdentity" />
    </UnitTest>
    <UnitTest name="MalformedMissingAndFailedPersistenceNeverAcknowledgeApproval" storage="c:\users\cweir\documents\github\vira github\bluebrick\bluebrick.ui.tests\bin\debug\bluebrick.ui.tests.dll" id="6e8c9aed-7e51-b808-c615-ef0ef2abbb3b">
      <Execution id="6f79d1d9-f644-4124-ae62-f7e7918e5ec3" />
      <TestMethod codeBase="C:\Users\cweir\Documents\GitHub\VIRA GITHUB\Bluebrick\BlueBrick.UI.Tests\bin\Debug\BlueBrick.UI.Tests.dll" adapterTypeName="executor://mstestadapter/v2" className="BlueBrick.UI.Tests.Agent.RecoveryContractTests" name="MalformedMissingAndFailedPersistenceNeverAcknowledgeApproval" />
    </UnitTest>
    <UnitTest name="AssistantToolPolicy_Blocks_CAD_Route_Alias_In_ToolName" storage="c:\users\cweir\documents\github\vira github\bluebrick\bluebrick.ui.tests\bin\debug\bluebrick.ui.tests.dll" id="955ab6f4-bc04-3c68-3935-afb601d0c46c">
      <Execution id="265c3e5c-cb4e-4e66-a74a-b8a1d5688804" />
      <TestMethod codeBase="C:\Users\cweir\Documents\GitHub\VIRA GITHUB\Bluebrick\BlueBrick.UI.Tests\bin\Debug\BlueBrick.UI.Tests.dll" adapterTypeName="executor://mstestadapter/v2" className="BlueBrick.UI.Tests.LabWorkspaceTests" name="AssistantToolPolicy_Blocks_CAD_Route_Alias_In_ToolName" />
    </UnitTest>
    <UnitTest name="ProviderFailurePolicyDoesNotRetryToolOrPermissionBoundaries" storage="c:\users\cweir\documents\github\vira github\bluebrick\bluebrick.ui.tests\bin\debug\bluebrick.ui.tests.dll" id="ba6777b2-2636-ef93-d37c-0b774ba772ad">
      <Execution id="8b8e20df-b28a-483b-b9a1-9c16b4fb9b17" />
      <TestMethod codeBase="C:\Users\cweir\Documents\GitHub\VIRA GITHUB\Bluebrick\BlueBrick.UI.Tests\bin\Debug\BlueBrick.UI.Tests.dll" adapterTypeName="executor://mstestadapter/v2" className="BlueBrick.UI.Tests.Agent.SharedAiTests" name="ProviderFailurePolicyDoesNotRetryToolOrPermissionBoundaries" />
    </UnitTest>
    <UnitTest name="ChangedImageCannotUseOldConsent" storage="c:\users\cweir\documents\github\vira github\bluebrick\bluebrick.ui.tests\bin\debug\bluebrick.ui.tests.dll" id="458ecfd1-9c78-644e-a524-315638a06da6">
      <Execution id="8fc0a58b-33ae-47a7-94bc-382dc4d71c17" />
      <TestMethod codeBase="C:\Users\cweir\Documents\GitHub\VIRA GITHUB\Bluebrick\BlueBrick.UI.Tests\bin\Debug\BlueBrick.UI.Tests.dll" adapterTypeName="executor://mstestadapter/v2" className="BlueBrick.UI.Tests.Agent.RecoveryContractTests" name="ChangedImageCannotUseOldConsent" />
    </UnitTest>
    <UnitTest name="AssistantToolService_Records_Audit_Receipts_For_Allowed_And_Denied_Tools" storage="c:\users\cweir\documents\github\vira github\bluebrick\bluebrick.ui.tests\bin\debug\bluebrick.ui.tests.dll" id="b61a5f1f-ce30-2765-658a-1cf46041ea01">
      <Execution id="31c96f15-304b-4e4d-979b-dba58283c03c" />
      <TestMethod codeBase="C:\Users\cweir\Documents\GitHub\VIRA GITHUB\Bluebrick\BlueBrick.UI.Tests\bin\Debug\BlueBrick.UI.Tests.dll" adapterTypeName="executor://mstestadapter/v2" className="BlueBrick.UI.Tests.LabWorkspaceTests" name="AssistantToolService_Records_Audit_Receipts_For_Allowed_And_Denied_Tools" />
    </UnitTest>
    <UnitTest name="AssistantToolService_Creates_Screenshot_Review_Report_From_Artifact_Payload" storage="c:\users\cweir\documents\github\vira github\bluebrick\bluebrick.ui.tests\bin\debug\bluebrick.ui.tests.dll" id="24d20eee-4f61-1138-bd51-6076bb0ffc0e">
      <Execution id="9e5d0be6-1936-43cb-9366-b1e2b849d4a1" />
      <TestMethod codeBase="C:\Users\cweir\Documents\GitHub\VIRA GITHUB\Bluebrick\BlueBrick.UI.Tests\bin\Debug\BlueBrick.UI.Tests.dll" adapterTypeName="executor://mstestadapter/v2" className="BlueBrick.UI.Tests.LabWorkspaceTests" name="AssistantToolService_Creates_Screenshot_Review_Report_From_Artifact_Payload" />
    </UnitTest>
    <UnitTest name="PayloadUsesPassedProfileAndRejectsImageForTextOnlyModel" storage="c:\users\cweir\documents\github\vira github\bluebrick\bluebrick.ui.tests\bin\debug\bluebrick.ui.tests.dll" id="56c55836-bd0e-70f7-0f35-32f919cb7c02">
      <Execution id="e4bced71-89db-4b29-93cc-24be956389f8" />
      <TestMethod codeBase="C:\Users\cweir\Documents\GitHub\VIRA GITHUB\Bluebrick\BlueBrick.UI.Tests\bin\Debug\BlueBrick.UI.Tests.dll" adapterTypeName="executor://mstestadapter/v2" className="BlueBrick.UI.Tests.Agent.VisionRoutingTests" name="PayloadUsesPassedProfileAndRejectsImageForTextOnlyModel" />
    </UnitTest>
    <UnitTest name="AssistantToolService_Catalog_Separates_Local_Search_From_Risky_Connectors" storage="c:\users\cweir\documents\github\vira github\bluebrick\bluebrick.ui.tests\bin\debug\bluebrick.ui.tests.dll" id="7c1a945e-8acb-81ac-f8f5-15662f60ec37">
      <Execution id="c69eeef7-b2c9-4c4e-9b69-cb5129fc110b" />
      <TestMethod codeBase="C:\Users\cweir\Documents\GitHub\VIRA GITHUB\Bluebrick\BlueBrick.UI.Tests\bin\Debug\BlueBrick.UI.Tests.dll" adapterTypeName="executor://mstestadapter/v2" className="BlueBrick.UI.Tests.LabWorkspaceTests" name="AssistantToolService_Catalog_Separates_Local_Search_From_Risky_Connectors" />
    </UnitTest>
    <UnitTest name="ActualMessageSerializationChecksHistoryConsentBeforeReadingImage" storage="c:\users\cweir\documents\github\vira github\bluebrick\bluebrick.ui.tests\bin\debug\bluebrick.ui.tests.dll" id="1dece469-fea4-2322-830a-ecf3af20eac7">
      <Execution id="b1bf96a1-8120-4a73-9c13-20801fed4e8f" />
      <TestMethod codeBase="C:\Users\cweir\Documents\GitHub\VIRA GITHUB\Bluebrick\BlueBrick.UI.Tests\bin\Debug\BlueBrick.UI.Tests.dll" adapterTypeName="executor://mstestadapter/v2" className="BlueBrick.UI.Tests.Agent.RecoveryContractTests" name="ActualMessageSerializationChecksHistoryConsentBeforeReadingImage" />
    </UnitTest>
    <UnitTest name="AssistantToolService_ScopeMismatch_Blocks_Search_Wrapper_Without_Pdm_Call" storage="c:\users\cweir\documents\github\vira github\bluebrick\bluebrick.ui.tests\bin\debug\bluebrick.ui.tests.dll" id="7e402b6b-07f8-717f-5069-cbc2bcdfd273">
      <Execution id="e0a9c753-2d05-4853-9ce6-b68b0318e926" />
      <TestMethod codeBase="C:\Users\cweir\Documents\GitHub\VIRA GITHUB\Bluebrick\BlueBrick.UI.Tests\bin\Debug\BlueBrick.UI.Tests.dll" adapterTypeName="executor://mstestadapter/v2" className="BlueBrick.UI.Tests.LabWorkspaceTests" name="AssistantToolService_ScopeMismatch_Blocks_Search_Wrapper_Without_Pdm_Call" />
    </UnitTest>
    <UnitTest name="AssistantToolAvailabilitySummary_Counts_Enabled_And_Search_Tools" storage="c:\users\cweir\documents\github\vira github\bluebrick\bluebrick.ui.tests\bin\debug\bluebrick.ui.tests.dll" id="b44f6d47-9513-aecf-8d02-871780f451a0">
      <Execution id="882b1299-83f3-482a-a6d8-5630e6c82543" />
      <TestMethod codeBase="C:\Users\cweir\Documents\GitHub\VIRA GITHUB\Bluebrick\BlueBrick.UI.Tests\bin\Debug\BlueBrick.UI.Tests.dll" adapterTypeName="executor://mstestadapter/v2" className="BlueBrick.UI.Tests.LabWorkspaceTests" name="AssistantToolAvailabilitySummary_Counts_Enabled_And_Search_Tools" />
    </UnitTest>
    <UnitTest name="ReviewRequiresSeparateUploadConsentAndRejectionRevokesIt" storage="c:\users\cweir\documents\github\vira github\bluebrick\bluebrick.ui.tests\bin\debug\bluebrick.ui.tests.dll" id="d3a480f0-819f-f830-fd75-84c71c72c4b0">
      <Execution id="0a53682e-99e1-4052-9729-cd305c82a63a" />
      <TestMethod codeBase="C:\Users\cweir\Documents\GitHub\VIRA GITHUB\Bluebrick\BlueBrick.UI.Tests\bin\Debug\BlueBrick.UI.Tests.dll" adapterTypeName="executor://mstestadapter/v2" className="BlueBrick.UI.Tests.Agent.RecoveryContractTests" name="ReviewRequiresSeparateUploadConsentAndRejectionRevokesIt" />
    </UnitTest>
    <UnitTest name="AssistantToolService_AllScope_Reports_Disabled_Connectors_As_Partial_Without_Executing_Them" storage="c:\users\cweir\documents\github\vira github\bluebrick\bluebrick.ui.tests\bin\debug\bluebrick.ui.tests.dll" id="ee6bd460-aebe-a746-f679-f050f4799290">
      <Execution id="48d9ed2d-8b44-4ec5-8dd0-c3e8a9a5ed98" />
      <TestMethod codeBase="C:\Users\cweir\Documents\GitHub\VIRA GITHUB\Bluebrick\BlueBrick.UI.Tests\bin\Debug\BlueBrick.UI.Tests.dll" adapterTypeName="executor://mstestadapter/v2" className="BlueBrick.UI.Tests.LabWorkspaceTests" name="AssistantToolService_AllScope_Reports_Disabled_Connectors_As_Partial_Without_Executing_Them" />
    </UnitTest>
    <UnitTest name="AssistantToolService_Denies_Forged_InProcess_Authorization" storage="c:\users\cweir\documents\github\vira github\bluebrick\bluebrick.ui.tests\bin\debug\bluebrick.ui.tests.dll" id="c5398826-d9cb-e2bc-170a-2951725ca9a3">
      <Execution id="2915bb46-acb0-4384-a221-e2069107ac50" />
      <TestMethod codeBase="C:\Users\cweir\Documents\GitHub\VIRA GITHUB\Bluebrick\BlueBrick.UI.Tests\bin\Debug\BlueBrick.UI.Tests.dll" adapterTypeName="executor://mstestadapter/v2" className="BlueBrick.UI.Tests.LabWorkspaceTests" name="AssistantToolService_Denies_Forged_InProcess_Authorization" />
    </UnitTest>
    <UnitTest name="ChangedScreenshotFailsBeforeConversationContextResolution" storage="c:\users\cweir\documents\github\vira github\bluebrick\bluebrick.ui.tests\bin\debug\bluebrick.ui.tests.dll" id="2261a20e-f9e2-77c9-42f8-0275b88dcb0a">
      <Execution id="7fdb2409-8f42-4752-a982-242e9d4cc640" />
      <TestMethod codeBase="C:\Users\cweir\Documents\GitHub\VIRA GITHUB\Bluebrick\BlueBrick.UI.Tests\bin\Debug\BlueBrick.UI.Tests.dll" adapterTypeName="executor://mstestadapter/v2" className="BlueBrick.UI.Tests.Agent.ScreenshotConversationTests" name="ChangedScreenshotFailsBeforeConversationContextResolution" />
    </UnitTest>
    <UnitTest name="AssistantToolService_Denies_Route_Shaped_Tool_Names" storage="c:\users\cweir\documents\github\vira github\bluebrick\bluebrick.ui.tests\bin\debug\bluebrick.ui.tests.dll" id="59213db0-af12-76a9-16ee-df8bb8106eb3">
      <Execution id="86b99009-f1b6-43d0-b19e-3f25b74971fe" />
      <TestMethod codeBase="C:\Users\cweir\Documents\GitHub\VIRA GITHUB\Bluebrick\BlueBrick.UI.Tests\bin\Debug\BlueBrick.UI.Tests.dll" adapterTypeName="executor://mstestadapter/v2" className="BlueBrick.UI.Tests.LabWorkspaceTests" name="AssistantToolService_Denies_Route_Shaped_Tool_Names" />
    </UnitTest>
    <UnitTest name="SafeDefaultDoesNotApproveOrAttach" storage="c:\users\cweir\documents\github\vira github\bluebrick\bluebrick.ui.tests\bin\debug\bluebrick.ui.tests.dll" id="8c14e1d0-8dd6-9ca7-7d45-526fae3d3838">
      <Execution id="8c62c81c-f2d8-440e-b064-b668826d1688" />
      <TestMethod codeBase="C:\Users\cweir\Documents\GitHub\VIRA GITHUB\Bluebrick\BlueBrick.UI.Tests\bin\Debug\BlueBrick.UI.Tests.dll" adapterTypeName="executor://mstestadapter/v2" className="BlueBrick.UI.Tests.Agent.ScreenshotConversationTests" name="SafeDefaultDoesNotApproveOrAttach" />
    </UnitTest>
    <UnitTest name="AssistantToolRequest_Does_Not_Deserialize_Client_Authorization" storage="c:\users\cweir\documents\github\vira github\bluebrick\bluebrick.ui.tests\bin\debug\bluebrick.ui.tests.dll" id="431a826e-5d1d-ba55-c025-0620f33b752c">
      <Execution id="c9513a3c-7cd2-4550-a698-cee5d652241f" />
      <TestMethod codeBase="C:\Users\cweir\Documents\GitHub\VIRA GITHUB\Bluebrick\BlueBrick.UI.Tests\bin\Debug\BlueBrick.UI.Tests.dll" adapterTypeName="executor://mstestadapter/v2" className="BlueBrick.UI.Tests.LabWorkspaceTests" name="AssistantToolRequest_Does_Not_Deserialize_Client_Authorization" />
    </UnitTest>
    <UnitTest name="AssistantToolService_Disabled_Tool_Is_Rejected" storage="c:\users\cweir\documents\github\vira github\bluebrick\bluebrick.ui.tests\bin\debug\bluebrick.ui.tests.dll" id="b315cdda-72d0-6de2-eb6f-07c588f193d0">
      <Execution id="88a70714-d3a1-48ca-94e3-d538d97ecc5b" />
      <TestMethod codeBase="C:\Users\cweir\Documents\GitHub\VIRA GITHUB\Bluebrick\BlueBrick.UI.Tests\bin\Debug\BlueBrick.UI.Tests.dll" adapterTypeName="executor://mstestadapter/v2" className="BlueBrick.UI.Tests.LabWorkspaceTests" name="AssistantToolService_Disabled_Tool_Is_Rejected" />
    </UnitTest>
    <UnitTest name="AssistantToolService_Catalog_ContainsSearchLocalVault" storage="c:\users\cweir\documents\github\vira github\bluebrick\bluebrick.ui.tests\bin\debug\bluebrick.ui.tests.dll" id="fdc125d4-bfe3-5a52-ea3b-0e4029934d28">
      <Execution id="c22b1fa3-1103-4387-ae3b-2f008db03796" />
      <TestMethod codeBase="C:\Users\cweir\Documents\GitHub\VIRA GITHUB\Bluebrick\BlueBrick.UI.Tests\bin\Debug\BlueBrick.UI.Tests.dll" adapterTypeName="executor://mstestadapter/v2" className="BlueBrick.UI.Tests.LabWorkspaceTests" name="AssistantToolService_Catalog_ContainsSearchLocalVault" />
    </UnitTest>
    <UnitTest name="VisionLookingNameDoesNotGrantCapability" storage="c:\users\cweir\documents\github\vira github\bluebrick\bluebrick.ui.tests\bin\debug\bluebrick.ui.tests.dll" id="ac856a8c-911e-f009-c266-5cd0ec756f5b">
      <Execution id="470850ad-d7f1-463f-9035-c4be6e7a3618" />
      <TestMethod codeBase="C:\Users\cweir\Documents\GitHub\VIRA GITHUB\Bluebrick\BlueBrick.UI.Tests\bin\Debug\BlueBrick.UI.Tests.dll" adapterTypeName="executor://mstestadapter/v2" className="BlueBrick.UI.Tests.Agent.VisionRoutingTests" name="VisionLookingNameDoesNotGrantCapability" />
    </UnitTest>
    <UnitTest name="TraversalIsRejectedBySessionStore" storage="c:\users\cweir\documents\github\vira github\bluebrick\bluebrick.ui.tests\bin\debug\bluebrick.ui.tests.dll" id="a2a2125d-942b-6def-5a60-a1246899d262">
      <Execution id="6da60629-1418-45f6-b7d0-05f8c6fbdf4c" />
      <TestMethod codeBase="C:\Users\cweir\Documents\GitHub\VIRA GITHUB\Bluebrick\BlueBrick.UI.Tests\bin\Debug\BlueBrick.UI.Tests.dll" adapterTypeName="executor://mstestadapter/v2" className="BlueBrick.UI.Tests.Agent.ScreenshotConversationTests" name="TraversalIsRejectedBySessionStore" />
    </UnitTest>
    <UnitTest name="AssistantToolService_Searches_Local_Vault_ReadOnly_Index" storage="c:\users\cweir\documents\github\vira github\bluebrick\bluebrick.ui.tests\bin\debug\bluebrick.ui.tests.dll" id="bae549f6-2fcc-a6f6-97dd-c07ecbfcb55b">
      <Execution id="e59a4cab-8fed-44ea-b842-fd25f19a4976" />
      <TestMethod codeBase="C:\Users\cweir\Documents\GitHub\VIRA GITHUB\Bluebrick\BlueBrick.UI.Tests\bin\Debug\BlueBrick.UI.Tests.dll" adapterTypeName="executor://mstestadapter/v2" className="BlueBrick.UI.Tests.LabWorkspaceTests" name="AssistantToolService_Searches_Local_Vault_ReadOnly_Index" />
    </UnitTest>
    <UnitTest name="CanonicalModelsAdaptWithoutChangingProviderStrings" storage="c:\users\cweir\documents\github\vira github\bluebrick\bluebrick.ui.tests\bin\debug\bluebrick.ui.tests.dll" id="09a172c5-d340-ce0a-5170-7f29e632558b">
      <Execution id="be109614-d871-4e4f-8b4b-622d0c555ff1" />
      <TestMethod codeBase="C:\Users\cweir\Documents\GitHub\VIRA GITHUB\Bluebrick\BlueBrick.UI.Tests\bin\Debug\BlueBrick.UI.Tests.dll" adapterTypeName="executor://mstestadapter/v2" className="BlueBrick.UI.Tests.Agent.SharedAiTests" name="CanonicalModelsAdaptWithoutChangingProviderStrings" />
    </UnitTest>
    <UnitTest name="TextModelUsesOnlyExplicitPreferredThenFallback" storage="c:\users\cweir\documents\github\vira github\bluebrick\bluebrick.ui.tests\bin\debug\bluebrick.ui.tests.dll" id="be5cefee-11e2-451f-fd82-d902a915a67d">
      <Execution id="e4fd1513-fce2-480f-af66-7dbfef324e19" />
      <TestMethod codeBase="C:\Users\cweir\Documents\GitHub\VIRA GITHUB\Bluebrick\BlueBrick.UI.Tests\bin\Debug\BlueBrick.UI.Tests.dll" adapterTypeName="executor://mstestadapter/v2" className="BlueBrick.UI.Tests.Agent.VisionRoutingTests" name="TextModelUsesOnlyExplicitPreferredThenFallback" />
    </UnitTest>
    <UnitTest name="MissingConversationCannotBecomeAnAttachment" storage="c:\users\cweir\documents\github\vira github\bluebrick\bluebrick.ui.tests\bin\debug\bluebrick.ui.tests.dll" id="ac42c531-cc19-cceb-daed-1c4619b4411f">
      <Execution id="cef61316-5739-400c-b5cb-142bd36d6a94" />
      <TestMethod codeBase="C:\Users\cweir\Documents\GitHub\VIRA GITHUB\Bluebrick\BlueBrick.UI.Tests\bin\Debug\BlueBrick.UI.Tests.dll" adapterTypeName="executor://mstestadapter/v2" className="BlueBrick.UI.Tests.Agent.ScreenshotConversationTests" name="MissingConversationCannotBecomeAnAttachment" />
    </UnitTest>
    <UnitTest name="AssistantToolPolicy_Blocks_PDM_Route_Alias_In_ToolName" storage="c:\users\cweir\documents\github\vira github\bluebrick\bluebrick.ui.tests\bin\debug\bluebrick.ui.tests.dll" id="0bb19d8a-dc06-f005-720d-f8b179b3b898">
      <Execution id="6674a64e-0b39-4921-aca1-8403732bdb60" />
      <TestMethod codeBase="C:\Users\cweir\Documents\GitHub\VIRA GITHUB\Bluebrick\BlueBrick.UI.Tests\bin\Debug\BlueBrick.UI.Tests.dll" adapterTypeName="executor://mstestadapter/v2" className="BlueBrick.UI.Tests.LabWorkspaceTests" name="AssistantToolPolicy_Blocks_PDM_Route_Alias_In_ToolName" />
    </UnitTest>
    <UnitTest name="RoutesRespectAllRequiredCapabilitiesAndRuntimeState" storage="c:\users\cweir\documents\github\vira github\bluebrick\bluebrick.ui.tests\bin\debug\bluebrick.ui.tests.dll" id="d7d44ed5-afcc-12ce-8e86-25fa0c5a3abf">
      <Execution id="1c04c433-dab1-4dab-a9a5-342e3b95cfcf" />
      <TestMethod codeBase="C:\Users\cweir\Documents\GitHub\VIRA GITHUB\Bluebrick\BlueBrick.UI.Tests\bin\Debug\BlueBrick.UI.Tests.dll" adapterTypeName="executor://mstestadapter/v2" className="BlueBrick.UI.Tests.Agent.SharedAiTests" name="RoutesRespectAllRequiredCapabilitiesAndRuntimeState" />
    </UnitTest>
    <UnitTest name="AssistantToolPolicy_Blocks_Cad_Pdm_And_Destructive_Lab_Routes_From_Assistant" storage="c:\users\cweir\documents\github\vira github\bluebrick\bluebrick.ui.tests\bin\debug\bluebrick.ui.tests.dll" id="b08af28f-1ad2-b3fc-5f3e-39af4048b6d2">
      <Execution id="f5c433c0-2ea9-4cc1-af1f-b6cac4f1c26a" />
      <TestMethod codeBase="C:\Users\cweir\Documents\GitHub\VIRA GITHUB\Bluebrick\BlueBrick.UI.Tests\bin\Debug\BlueBrick.UI.Tests.dll" adapterTypeName="executor://mstestadapter/v2" className="BlueBrick.UI.Tests.LabWorkspaceTests" name="AssistantToolPolicy_Blocks_Cad_Pdm_And_Destructive_Lab_Routes_From_Assistant" />
    </UnitTest>
    <UnitTest name="DisabledAndUnknownModelsNeverBecomeSuccessfulSelections" storage="c:\users\cweir\documents\github\vira github\bluebrick\bluebrick.ui.tests\bin\debug\bluebrick.ui.tests.dll" id="7ec727f5-373c-7cbf-b73b-63cf026672ec">
      <Execution id="589339de-7324-4748-a599-1e6b0e4653d6" />
      <TestMethod codeBase="C:\Users\cweir\Documents\GitHub\VIRA GITHUB\Bluebrick\BlueBrick.UI.Tests\bin\Debug\BlueBrick.UI.Tests.dll" adapterTypeName="executor://mstestadapter/v2" className="BlueBrick.UI.Tests.Agent.RecoveryContractTests" name="DisabledAndUnknownModelsNeverBecomeSuccessfulSelections" />
    </UnitTest>
    <UnitTest name="AssistantToolAuditLog_Persists_Redacted_Receipts_To_Jsonl" storage="c:\users\cweir\documents\github\vira github\bluebrick\bluebrick.ui.tests\bin\debug\bluebrick.ui.tests.dll" id="83959559-aa86-fe85-4af5-4fba5ebe9dc8">
      <Execution id="3d2da46b-c4a9-4e6c-ab7a-60d43aab521f" />
      <TestMethod codeBase="C:\Users\cweir\Documents\GitHub\VIRA GITHUB\Bluebrick\BlueBrick.UI.Tests\bin\Debug\BlueBrick.UI.Tests.dll" adapterTypeName="executor://mstestadapter/v2" className="BlueBrick.UI.Tests.LabWorkspaceTests" name="AssistantToolAuditLog_Persists_Redacted_Receipts_To_Jsonl" />
    </UnitTest>
    <UnitTest name="InvalidCatalogFailsClosedWithoutEchoingPayload" storage="c:\users\cweir\documents\github\vira github\bluebrick\bluebrick.ui.tests\bin\debug\bluebrick.ui.tests.dll" id="3beb492a-045f-c075-8020-d90aa5fa56e3">
      <Execution id="664bd931-2333-42d2-8dfc-5b2669337519" />
      <TestMethod codeBase="C:\Users\cweir\Documents\GitHub\VIRA GITHUB\Bluebrick\BlueBrick.UI.Tests\bin\Debug\BlueBrick.UI.Tests.dll" adapterTypeName="executor://mstestadapter/v2" className="BlueBrick.UI.Tests.Agent.SharedAiTests" name="InvalidCatalogFailsClosedWithoutEchoingPayload" />
    </UnitTest>
  </TestDefinitions>
  <TestEntries>
    <TestEntry testId="6d11c4f5-a828-c81a-569e-cf7194a660b1" executionId="2bdffcce-2dfc-456b-af4f-d2863772611e" testListId="8c84fa94-04c1-424b-9868-57a2d4851a1d" />
    <TestEntry testId="27e9a215-fe7f-3e6a-a4c8-51859c1e19b5" executionId="4519014d-b79b-4541-9722-38ba6bf3d15b" testListId="8c84fa94-04c1-424b-9868-57a2d4851a1d" />
    <TestEntry testId="a2a2125d-942b-6def-5a60-a1246899d262" executionId="6da60629-1418-45f6-b7d0-05f8c6fbdf4c" testListId="8c84fa94-04c1-424b-9868-57a2d4851a1d" />
    <TestEntry testId="0bb19d8a-dc06-f005-720d-f8b179b3b898" executionId="6674a64e-0b39-4921-aca1-8403732bdb60" testListId="8c84fa94-04c1-424b-9868-57a2d4851a1d" />
    <TestEntry testId="59213db0-af12-76a9-16ee-df8bb8106eb3" executionId="86b99009-f1b6-43d0-b19e-3f25b74971fe" testListId="8c84fa94-04c1-424b-9868-57a2d4851a1d" />
    <TestEntry testId="c5398826-d9cb-e2bc-170a-2951725ca9a3" executionId="2915bb46-acb0-4384-a221-e2069107ac50" testListId="8c84fa94-04c1-424b-9868-57a2d4851a1d" />
    <TestEntry testId="aa988216-0aa2-71b0-ba3f-195f52f9dbf9" executionId="f0f46c98-1188-445b-8210-a33ca639492b" testListId="8c84fa94-04c1-424b-9868-57a2d4851a1d" />
    <TestEntry testId="491be85b-7314-b669-07c6-bc56c71393f5" executionId="46f5e97a-8ed1-4f19-ac44-c30e1f0c2df3" testListId="8c84fa94-04c1-424b-9868-57a2d4851a1d" />
    <TestEntry testId="ac856a8c-911e-f009-c266-5cd0ec756f5b" executionId="470850ad-d7f1-463f-9035-c4be6e7a3618" testListId="8c84fa94-04c1-424b-9868-57a2d4851a1d" />
    <TestEntry testId="6e8c9aed-7e51-b808-c615-ef0ef2abbb3b" executionId="6f79d1d9-f644-4124-ae62-f7e7918e5ec3" testListId="8c84fa94-04c1-424b-9868-57a2d4851a1d" />
    <TestEntry testId="3beb492a-045f-c075-8020-d90aa5fa56e3" executionId="664bd931-2333-42d2-8dfc-5b2669337519" testListId="8c84fa94-04c1-424b-9868-57a2d4851a1d" />
    <TestEntry testId="2261a20e-f9e2-77c9-42f8-0275b88dcb0a" executionId="7fdb2409-8f42-4752-a982-242e9d4cc640" testListId="8c84fa94-04c1-424b-9868-57a2d4851a1d" />
    <TestEntry testId="fdc125d4-bfe3-5a52-ea3b-0e4029934d28" executionId="c22b1fa3-1103-4387-ae3b-2f008db03796" testListId="8c84fa94-04c1-424b-9868-57a2d4851a1d" />
    <TestEntry testId="3863d75f-0a7c-39e2-2184-d2731b056c3d" executionId="ddec74de-3775-440a-86cf-4c44177686f9" testListId="8c84fa94-04c1-424b-9868-57a2d4851a1d" />
    <TestEntry testId="7e402b6b-07f8-717f-5069-cbc2bcdfd273" executionId="e0a9c753-2d05-4853-9ce6-b68b0318e926" testListId="8c84fa94-04c1-424b-9868-57a2d4851a1d" />
    <TestEntry testId="ac42c531-cc19-cceb-daed-1c4619b4411f" executionId="cef61316-5739-400c-b5cb-142bd36d6a94" testListId="8c84fa94-04c1-424b-9868-57a2d4851a1d" />
    <TestEntry testId="0a28a6a0-4836-ee7e-f1c7-6755f219f751" executionId="aef88d17-a367-4f4d-b907-ff0f259eecb4" testListId="8c84fa94-04c1-424b-9868-57a2d4851a1d" />
    <TestEntry testId="83959559-aa86-fe85-4af5-4fba5ebe9dc8" executionId="3d2da46b-c4a9-4e6c-ab7a-60d43aab521f" testListId="8c84fa94-04c1-424b-9868-57a2d4851a1d" />
    <TestEntry testId="56c55836-bd0e-70f7-0f35-32f919cb7c02" executionId="e4bced71-89db-4b29-93cc-24be956389f8" testListId="8c84fa94-04c1-424b-9868-57a2d4851a1d" />
    <TestEntry testId="351758ef-22b3-9975-9346-799a92002705" executionId="350ccfba-502b-4bd5-8fd7-27eb149a2563" testListId="8c84fa94-04c1-424b-9868-57a2d4851a1d" />
    <TestEntry testId="792ec124-e96f-d70e-dc90-15e2ed98cd07" executionId="db3610d9-ff00-412d-93e1-e4047a18249a" testListId="8c84fa94-04c1-424b-9868-57a2d4851a1d" />
    <TestEntry testId="3fd6121e-2010-5e29-518e-04e5b92537f8" executionId="2745d831-538f-4e6b-8a8d-2569e3e09188" testListId="8c84fa94-04c1-424b-9868-57a2d4851a1d" />
    <TestEntry testId="08f9f7e2-ff1a-1b14-0853-5ddf43730d38" executionId="f8813555-3f1b-44fb-9d25-2a89c4203ab9" testListId="8c84fa94-04c1-424b-9868-57a2d4851a1d" />
    <TestEntry testId="ba6777b2-2636-ef93-d37c-0b774ba772ad" executionId="8b8e20df-b28a-483b-b9a1-9c16b4fb9b17" testListId="8c84fa94-04c1-424b-9868-57a2d4851a1d" />
    <TestEntry testId="988b008f-eb23-128e-bccc-996fca99bdf2" executionId="819e4c9e-bdf8-4d90-8051-a433a843d904" testListId="8c84fa94-04c1-424b-9868-57a2d4851a1d" />
    <TestEntry testId="2307190c-b70e-fce8-7b56-992187952fb7" executionId="8244bb22-969e-423c-9f18-a3576dfbe299" testListId="8c84fa94-04c1-424b-9868-57a2d4851a1d" />
    <TestEntry testId="7ec727f5-373c-7cbf-b73b-63cf026672ec" executionId="589339de-7324-4748-a599-1e6b0e4653d6" testListId="8c84fa94-04c1-424b-9868-57a2d4851a1d" />
    <TestEntry testId="b61a5f1f-ce30-2765-658a-1cf46041ea01" executionId="31c96f15-304b-4e4d-979b-dba58283c03c" testListId="8c84fa94-04c1-424b-9868-57a2d4851a1d" />
    <TestEntry testId="458ecfd1-9c78-644e-a524-315638a06da6" executionId="8fc0a58b-33ae-47a7-94bc-382dc4d71c17" testListId="8c84fa94-04c1-424b-9868-57a2d4851a1d" />
    <TestEntry testId="8c14e1d0-8dd6-9ca7-7d45-526fae3d3838" executionId="8c62c81c-f2d8-440e-b064-b668826d1688" testListId="8c84fa94-04c1-424b-9868-57a2d4851a1d" />
    <TestEntry testId="be5cefee-11e2-451f-fd82-d902a915a67d" executionId="e4fd1513-fce2-480f-af66-7dbfef324e19" testListId="8c84fa94-04c1-424b-9868-57a2d4851a1d" />
    <TestEntry testId="b2504d4d-3436-edb6-ae9d-efc148615a18" executionId="32a9a271-5ad1-47d0-b53c-1ac52e3dd05d" testListId="8c84fa94-04c1-424b-9868-57a2d4851a1d" />
    <TestEntry testId="bae549f6-2fcc-a6f6-97dd-c07ecbfcb55b" executionId="e59a4cab-8fed-44ea-b842-fd25f19a4976" testListId="8c84fa94-04c1-424b-9868-57a2d4851a1d" />
    <TestEntry testId="1dece469-fea4-2322-830a-ecf3af20eac7" executionId="b1bf96a1-8120-4a73-9c13-20801fed4e8f" testListId="8c84fa94-04c1-424b-9868-57a2d4851a1d" />
    <TestEntry testId="d3a480f0-819f-f830-fd75-84c71c72c4b0" executionId="0a53682e-99e1-4052-9729-cd305c82a63a" testListId="8c84fa94-04c1-424b-9868-57a2d4851a1d" />
    <TestEntry testId="ee6bd460-aebe-a746-f679-f050f4799290" executionId="48d9ed2d-8b44-4ec5-8dd0-c3e8a9a5ed98" testListId="8c84fa94-04c1-424b-9868-57a2d4851a1d" />
    <TestEntry testId="1f67fc4f-86ae-c41d-6055-d3934ed4dbec" executionId="21bafa1a-c425-4789-b9d0-73cae33ae302" testListId="8c84fa94-04c1-424b-9868-57a2d4851a1d" />
    <TestEntry testId="c80f8712-7c2d-47cd-7bf6-8578beb1cd2b" executionId="a65aef9e-049b-4efc-91c7-c5295d3b95fa" testListId="8c84fa94-04c1-424b-9868-57a2d4851a1d" />
    <TestEntry testId="92c590dc-b94c-d4ea-519a-ea867691b824" executionId="32dd806b-3d35-4b7a-9c99-ca2147d71714" testListId="8c84fa94-04c1-424b-9868-57a2d4851a1d" />
    <TestEntry testId="9028d8ea-dcf0-4f36-dc51-6a4c7495562f" executionId="4422f5db-a10c-4a2d-bb97-eeb4b17503db" testListId="8c84fa94-04c1-424b-9868-57a2d4851a1d" />
    <TestEntry testId="14a44e5d-c2b7-5848-c56a-33d0ac5fe3e1" executionId="9c872e57-131f-49b8-b29e-7c4882d47f5e" testListId="8c84fa94-04c1-424b-9868-57a2d4851a1d" />
    <TestEntry testId="d7d44ed5-afcc-12ce-8e86-25fa0c5a3abf" executionId="1c04c433-dab1-4dab-a9a5-342e3b95cfcf" testListId="8c84fa94-04c1-424b-9868-57a2d4851a1d" />
    <TestEntry testId="1217e73c-6fcf-d514-548e-9f84f57ec473" executionId="392d8d28-c8d6-4a71-a8e8-4790367507cf" testListId="8c84fa94-04c1-424b-9868-57a2d4851a1d" />
    <TestEntry testId="b315cdda-72d0-6de2-eb6f-07c588f193d0" executionId="88a70714-d3a1-48ca-94e3-d538d97ecc5b" testListId="8c84fa94-04c1-424b-9868-57a2d4851a1d" />
    <TestEntry testId="5210a73b-1f0e-8a7e-61ea-fb450b88b02f" executionId="bff65c43-cc1e-45cc-9ee9-7eb4c90ae075" testListId="8c84fa94-04c1-424b-9868-57a2d4851a1d" />
    <TestEntry testId="b44f6d47-9513-aecf-8d02-871780f451a0" executionId="882b1299-83f3-482a-a6d8-5630e6c82543" testListId="8c84fa94-04c1-424b-9868-57a2d4851a1d" />
    <TestEntry testId="b08af28f-1ad2-b3fc-5f3e-39af4048b6d2" executionId="f5c433c0-2ea9-4cc1-af1f-b6cac4f1c26a" testListId="8c84fa94-04c1-424b-9868-57a2d4851a1d" />
    <TestEntry testId="6f1f9c0e-08b2-1711-0963-66592612c540" executionId="d8ed1b4c-0a12-4c6c-9668-f91225b9cf40" testListId="8c84fa94-04c1-424b-9868-57a2d4851a1d" />
    <TestEntry testId="24d20eee-4f61-1138-bd51-6076bb0ffc0e" executionId="9e5d0be6-1936-43cb-9366-b1e2b849d4a1" testListId="8c84fa94-04c1-424b-9868-57a2d4851a1d" />
    <TestEntry testId="68bd8afa-508d-5bdb-f3b9-013eabe06a54" executionId="4f12625a-065a-4473-990a-33314d599cb9" testListId="8c84fa94-04c1-424b-9868-57a2d4851a1d" />
    <TestEntry testId="7c1a945e-8acb-81ac-f8f5-15662f60ec37" executionId="c69eeef7-b2c9-4c4e-9b69-cb5129fc110b" testListId="8c84fa94-04c1-424b-9868-57a2d4851a1d" />
    <TestEntry testId="955ab6f4-bc04-3c68-3935-afb601d0c46c" executionId="265c3e5c-cb4e-4e66-a74a-b8a1d5688804" testListId="8c84fa94-04c1-424b-9868-57a2d4851a1d" />
    <TestEntry testId="431a826e-5d1d-ba55-c025-0620f33b752c" executionId="c9513a3c-7cd2-4550-a698-cee5d652241f" testListId="8c84fa94-04c1-424b-9868-57a2d4851a1d" />
    <TestEntry testId="57dc0a89-ec01-82b1-5b61-501211eb787d" executionId="2fc05f63-c314-462d-a8ab-b5b94da80606" testListId="8c84fa94-04c1-424b-9868-57a2d4851a1d" />
    <TestEntry testId="09a172c5-d340-ce0a-5170-7f29e632558b" executionId="be109614-d871-4e4f-8b4b-622d0c555ff1" testListId="8c84fa94-04c1-424b-9868-57a2d4851a1d" />
  </TestEntries>
  <TestLists>
    <TestList name="Results Not in a List" id="8c84fa94-04c1-424b-9868-57a2d4851a1d" />
    <TestList name="All Loaded Results" id="19431567-8539-422a-85d7-44ee4e166bda" />
  </TestLists>
  <ResultSummary outcome="Completed">
    <Counters total="55" executed="55" passed="55" failed="0" error="0" timeout="0" aborted="0" inconclusive="0" passedButRunAborted="0" notRunnable="0" notExecuted="0" disconnected="0" warning="0" completed="0" inProgress="0" pending="0" />
  </ResultSummary>
</TestRun>